<?xml version="1.0" encoding="UTF-8"?>
<!-- Generated by org.testng.reporters.JUnitXMLReporter -->
<testsuite hostname="DSHYD-086" name="Test" tests="3" failures="1" timestamp="25 Jul 2017 16:37:35 GMT" time="537.224" errors="0">
  <testcase name="" time="220.039" classname="com.flow.andriod.TC_Flowandriod_001"/>
  <testcase name="" time="191.242" classname="com.flow.andriod.TC_Flowandriod_002">
    <failure type="java.lang.AssertionError" message="expected [true] but found [false]">
      <![CDATA[java.lang.AssertionError: expected [true] but found [false]
	at com.flow.andriod.TC_Flowandriod_002.TestValidation(TC_Flowandriod_002.java:63)
... Removed 28 stack frames]]>
    </failure>
  </testcase> <!--  -->
  <testcase name="" time="96.857" classname="com.flow.andriod.TC_Flowandriod_003"/>
</testsuite> <!-- Test -->
