
<!DOCTYPE html>
<html>
<head>
<!--
ExtentReports Library 2.40.2 | http://relevantcodes.com/extentreports-for-selenium/ | https://github.com/anshooarora/
Copyright (c) 2015, Anshoo Arora (Relevant Codes) | Copyrights licensed under the New BSD License | http://opensource.org/licenses/BSD-3-Clause
Documentation: http://extentreports.relevantcodes.com 
-->

<meta charset='UTF-8' /> 
<meta name='description' content='ExtentReports (by Anshoo Arora) is a reporting library for automation testing for .NET and Java. It creates detailed and beautiful HTML reports for modern browsers. ExtentReports shows test and step summary along with dashboards, system and environment details for quick analysis of your tests.' />
<meta name='robots' content='noodp, noydir' />
<meta name='viewport' content='width=device-width, initial-scale=1' />

<title>
CM
</title>


<link href='https://fonts.googleapis.com/css?family=Source+Sans+Pro:400,600' rel='stylesheet' type='text/css'>
<link href='https://cdn.rawgit.com/anshooarora/extentreports/e4f8ea1de961161791c01b99a71a1e17f81125cf/cdn/extent.css' type='text/css' rel='stylesheet' />

<style>

      
        
      
    
</style>
</head>


<body class='extent standard hide-overflow'>
<!-- nav -->
<nav>
<div class='logo-container'>
<a class='logo-content' href='http://extentreports.relevantcodes.com'>
<span>ExtentReports</span>
</a>
<a href='#' data-activates='slide-out' class='button-collapse hide-on-large-only'><i class='mdi-navigation-apps'></i></a>
</div>
<ul id='slide-out' class='side-nav fixed hide-on-med-and-down'>
<li class='analysis waves-effect active'><a href='#!' class='test-view' onclick="_updateCurrentStage(0)"><i class='mdi-action-dashboard'></i>Test Details</a></li>
<li class='analysis waves-effect'><a href='#!' class='categories-view' onclick="_updateCurrentStage(1)"><i class='mdi-maps-local-offer'></i>Categories</a></li>
<li class='analysis waves-effect'><a href='#!' class='dashboard-view'><i class='mdi-action-track-changes'></i></i>Analysis</a></li>
</ul>
<span class='report-name'>Test Automation Report for CommunityMatrimonial Application </span> <span class='report-headline'>-- developed by TestingXperts </span>
<ul class='right hide-on-med-and-down nav-right'>
<li class='theme-selector' alt='Click to toggle dark theme. To enable by default, use js configuration $("body").addClass("dark");' title='Click to toggle dark theme. To enable by default, use js configuration $("body").addClass("dark");'>
<i class='mdi-hardware-desktop-windows'></i>
</li>
<li>
<span class='suite-started-time'>2016-05-23 16:41:44</span>
</li>
<li>
<span>v2.40.2</span>
</li>
</ul>
</nav>
<!-- /nav -->

<!-- container -->
<div class='container'>

<!-- dashboard -->
<div id='dashboard-view' class='row'>
<div class='time-totals'>
<div class='col l2 m4 s6'>
<div class='card suite-total-tests'> 
<span class='panel-name'>Total Tests</span> 
<span class='total-tests'> <span class='panel-lead'></span> </span> 
</div> 
</div>
<div class='col l2 m4 s6'>
<div class='card suite-total-steps'> 
<span class='panel-name'>Total Steps</span> 
<span class='total-steps'> <span class='panel-lead'></span> </span> 
</div> 
</div>
<div class='col l2 m4 s12'>
<div class='card suite-total-time-current'> 
<span class='panel-name'>Total Time Taken (Current Run)</span> 
<span class='suite-total-time-current-value panel-lead'>169h 28m 16s+399ms</span> 
</div> 
</div>
<div class='col l2 m4 s12'>
<div class='card suite-total-time-overall'> 
<span class='panel-name'>Total Time Taken (Overall)</span> 
<span class='suite-total-time-overall-value panel-lead'>-480h -28834m -1730052s+-462ms</span> 
</div> 
</div>
<div class='col l2 m4 s6 suite-start-time'>
<div class='card accent green-accent'> 
<span class='panel-name'>Start</span> 
<span class='panel-lead suite-started-time'>2016-05-16 15:13:28</span> 
</div> 
</div>
<div class='col l2 m4 s6 suite-end-time'>
<div class='card accent pink-accent'> 
<span class='panel-name'>End</span> 
<span class='panel-lead suite-ended-time'>2016-05-23 16:41:44</span> 
</div> 
</div>
</div>
<div class='charts'>
<div class='col s12 m6 l4 fh'> 
<div class='card-panel'> 
<div>
<span class='panel-name'>Tests View</span>
</div> 
<div class='panel-setting modal-trigger test-count-setting right'>
<a href='#test-count-setting'><i class='mdi-navigation-more-vert text-md'></i></a>
</div> 
<div class='chart-box'>
<canvas class='text-centered' id='test-analysis'></canvas>
</div> 
<div>
<span class='weight-light'><span class='t-pass-count weight-normal'></span> test(s) passed</span>
</div> 
<div>
<span class='weight-light'><span class='t-fail-count weight-normal'></span> test(s) failed, <span class='t-others-count weight-normal'></span> others</span>
</div> 
</div> 
</div> 
<div class='col s12 m6 l4 fh'> 
<div class='card-panel'> 
<div>
<span class='panel-name'>Steps View</span>
</div> 
<div class='panel-setting modal-trigger step-status-filter right'>
<a href='#step-status-filter'><i class='mdi-navigation-more-vert text-md'></i></a>
</div> 
<div class='chart-box'>
<canvas class='text-centered' id='step-analysis'></canvas>
</div> 
<div>
<span class='weight-light'><span class='s-pass-count weight-normal'></span> step(s) passed </span>
</div> 
<div>
<span class='weight-light'><span class='s-fail-count weight-normal'></span> step(s) failed, <span class='s-others-count weight-normal'></span> others</span>
</div> 
</div> 
</div>
<div class='col s12 m12 l4 fh'> 
<div class='card-panel'> 
<span class='panel-name'>Pass Percentage</span> 
<span class='pass-percentage panel-lead'></span> 
<div class='progress light-blue lighten-3'> 
<div class='determinate light-blue'></div> 
</div> 
</div> 
</div>
</div>
<div class='system-view'>
<div class='col l4 m12 s12'>
<div class='card-panel'>
<span class='label info outline right'>Environment</span>
<table>
<thead>
<tr>
<th>Param</th>
<th>Value</th>
</tr>
</thead>
<tbody>
<tr>
<td>OS</td>
<td>Windows 7</td>
</tr>
<tr>
<td>User Name</td>
<td>Nitin</td>
</tr>
<tr>
<td>Java Version</td>
<td>1.8.0_91</td>
</tr>
<tr>
<td>Host Name</td>
<td>DAMCO-PC</td>
</tr>
</tbody>
</table>
</div>
</div>
</div>
<div class='category-summary-view'>
<div class='col l4 m6 s12'>
<div class='card-panel'>
<span class='label info outline right'>Categories</span>
<table>
<thead>
<tr>
<th>Name</th>
</tr>
</thead>
<tbody>
<tr>
<td>
CM-APP-Android
</td>
</tr>
</tbody>
</table>
</div>
</div>
</div>
</div>
<!-- /dashboard -->

<!-- tests -->
<div id='test-view' class='row _addedTable'>
<div class='col _addedCell1'>
<div class='contents'>
<div class='card-panel heading'>
<h5>Tests</h5>
</div>
<div class='card-panel filters'>
<div>
<a data-activates='tests-toggle' data-constrainwidth='true' data-beloworigin='true' data-hover='true' href='#' class='dropdown-button button tests-toggle'><i class='mdi-action-subject icon'></i></a>
<ul id='tests-toggle' class='dropdown-content'>
<li class='pass'><a href='#!'>Pass</a></li>
<li class='fail'><a href='#!'>Fail</a></li>
<li class='skip'><a href='#!'>Skip</a></li>
<li class='divider'></li>
<li class='clear'><a href='#!'>Clear Filters</a></li>
</ul>
</div>
<div>
<a data-activates='category-toggle' data-constrainwidth='false' data-beloworigin='true' data-hover='true' href='#' class='category-toggle dropdown-button button'><i class='mdi-maps-local-offer icon'></i></a>
<ul id='category-toggle' class='dropdown-content'>
<li class='CM-APP-Android'><a href='#!'>CM-APP-Android</a></li>
<li class='divider'></li>
<li class='clear'><a href='#!'>Clear Filters</a></li>
</ul>
</div>
<div>
<a id='clear-filters' alt='Clear Filters' title='Clear Filters'><i class='mdi-navigation-close icon'></i></a>
</div>
<div>&nbsp;&middot;&nbsp;</div>
<div>
<a id='enableDashboard' alt='Enable Dashboard' title='Enable Dashboard'><i class='mdi-action-track-changes icon'></i></a>
</div>
<div>
<a id='refreshCharts' alt='Refresh Charts on Filters' title='Refresh Charts on Filters' class='enabled'><i class='mdi-navigation-refresh icon'></i></i></a>
</div>
<div>&nbsp;&middot;</div>
<div class='search' alt='Search Tests' title='Search Tests'>
<div class='input-field left'>
<input id='searchTests' type='text' class='validate' placeholder='Search Tests...'>
</div>
<i class='mdi-action-search icon'></i>
</div>
</div>
<div class='card-panel no-padding-h no-padding-v no-margin-v'>
<div class='wrapper'>
<ul id='test-collection' class='test-collection'>
<li class='collection-item test displayed active pass ' extentid='1e44c3c9-bc48-4173-ba7e-f51fe5a55be1'>
<div class='test-head'>
<span class='test-name'>TC_CM_001-Android </span>
<span class='test-status label right outline capitalize pass'>pass</span>
<span class='category-assigned hide  cm-app-android'></span>
</div>
<div class='test-body'>
<div class='test-info'>
<span title='Test started time' alt='Test started time' class='test-started-time label green lighten-1 text-white'>2016-05-23 16:41:23</span>
<span title='Test ended time' alt='Test ended time' class='test-ended-time label red lighten-1 text-white'>2016-05-23 16:41:44</span>
<span title='Time taken to finish' alt='Time taken to finish' class='test-time-taken label blue-grey lighten-3 text-white'>0h 0m 20s+568ms</span>
</div>
<div class='test-desc'>Verify mandatory fields and navigate to step 2</div>
<div class='test-attributes'>
<div class='categories'>
<span class='category text-white'>CM-APP-Android</span>
</div>
</div>
<div class='test-steps'>
<table class='bordered table-results'>
<thead>
<tr>
<th>Status</th>
<th>Timestamp</th>
<th>Details</th>
</tr>
</thead>
<tbody>
<tr>
<td class='status pass' title='pass' alt='pass'><i class='mdi-action-check-circle'></i></td>
<td class='timestamp'>16:41:44</td>
<td class='step-details'>TC_CM_001</td>
</tr>
</tbody>
</table>
<ul class='collapsible node-list' data-collapsible='accordion'>
</ul>
</div>
</div>
</li>
<li class='collection-item test displayed active fail ' extentid='ffb6c7de-99b3-40e1-9591-eebc55c93cac'>
<div class='test-head'>
<span class='test-name'>TC_CM_001-Android </span>
<span class='test-status label right outline capitalize fail'>fail</span>
<span class='category-assigned hide  cm-app-android'></span>
</div>
<div class='test-body'>
<div class='test-info'>
<span title='Test started time' alt='Test started time' class='test-started-time label green lighten-1 text-white'>2016-05-23 16:31:47</span>
<span title='Test ended time' alt='Test ended time' class='test-ended-time label red lighten-1 text-white'>2016-05-23 16:32:16</span>
<span title='Time taken to finish' alt='Time taken to finish' class='test-time-taken label blue-grey lighten-3 text-white'>0h 0m 29s+0ms</span>
</div>
<div class='test-desc'>Verify mandatory fields and navigate to step 2</div>
<div class='test-attributes'>
<div class='categories'>
<span class='category text-white'>CM-APP-Android</span>
</div>
</div>
<div class='test-steps'>
<table class='bordered table-results'>
<thead>
<tr>
<th>Status</th>
<th>Timestamp</th>
<th>StepName</th>
<th>Details</th>
</tr>
</thead>
<tbody>
<tr>
<td class='status error' title='error' alt='error'><i class='mdi-alert-error'></i></td>
<td class='timestamp'>16:32:16</td>
<td class='step-name'>TC_CM_001</td>
<td class='step-details'><pre>org.openqa.selenium.NoSuchElementException: An element could not be located on the page using the given search parameters. (WARNING: The server did not provide any stacktrace information)
Command duration or timeout: 20.57 seconds
For documentation on this error, please visit: http://seleniumhq.org/exceptions/no_such_element.html
Build info: version: '2.53.0', revision: '35ae25b1534ae328c771e0856c93e187490ca824', time: '2016-03-15 10:43:46'
System info: host: 'DAMCO-PC', ip: '192.168.6.78', os.name: 'Windows 7', os.arch: 'x86', os.version: '6.1', java.version: '1.8.0_91'
Driver info: io.appium.java_client.android.AndroidDriver
Capabilities [{appPackage=com.flipkart.android, networkConnectionEnabled=true, warnings={}, databaseEnabled=false, version=6.0.0, deviceName=192.168.171.102:5555, platform=ANDROID, appActivity=com.flipkart.android.SplashActivity, desired={appPackage=com.flipkart.android, appActivity=com.flipkart.android.SplashActivity, automationName=APPIUM, platformName=Android, version=6.0.0, deviceName=192.168.171.102:5555, platform=ANDROID}, platformVersion=6.0, webStorageEnabled=false, locationContextEnabled=false, automationName=APPIUM, browserName=Android, takesScreenshot=true, javascriptEnabled=true, platformName=Android}]
Session ID: 1da7a601-d1b6-4f83-97ac-07af916f44d9
*** Element info: {Using=xpath, value=//android.widget.EditText[contains(@resource-id,'com.flipkart.android:id/search_autoCompleteTextView')]}
at sun.reflect.NativeConstructorAccessorImpl.newInstance0(Native Method)
at sun.reflect.NativeConstructorAccessorImpl.newInstance(Unknown Source)
at sun.reflect.DelegatingConstructorAccessorImpl.newInstance(Unknown Source)
at java.lang.reflect.Constructor.newInstance(Unknown Source)
at org.openqa.selenium.remote.ErrorHandler.createThrowable(ErrorHandler.java:206)
at org.openqa.selenium.remote.ErrorHandler.throwIfResponseFailed(ErrorHandler.java:158)
at org.openqa.selenium.remote.RemoteWebDriver.execute(RemoteWebDriver.java:678)
at io.appium.java_client.DefaultGenericMobileDriver.execute(DefaultGenericMobileDriver.java:43)
at io.appium.java_client.AppiumDriver.execute(AppiumDriver.java:1)
at io.appium.java_client.android.AndroidDriver.execute(AndroidDriver.java:1)
at org.openqa.selenium.remote.RemoteWebDriver.findElement(RemoteWebDriver.java:363)
at org.openqa.selenium.remote.RemoteWebDriver.findElementByXPath(RemoteWebDriver.java:500)
at io.appium.java_client.DefaultGenericMobileDriver.findElementByXPath(DefaultGenericMobileDriver.java:129)
at io.appium.java_client.AppiumDriver.findElementByXPath(AppiumDriver.java:1)
at io.appium.java_client.android.AndroidDriver.findElementByXPath(AndroidDriver.java:1)
at org.openqa.selenium.By$ByXPath.findElement(By.java:361)
at org.openqa.selenium.remote.RemoteWebDriver.findElement(RemoteWebDriver.java:355)
at io.appium.java_client.DefaultGenericMobileDriver.findElement(DefaultGenericMobileDriver.java:51)
at io.appium.java_client.AppiumDriver.findElement(AppiumDriver.java:1)
at io.appium.java_client.android.AndroidDriver.findElement(AndroidDriver.java:1)
at TestingXperts.vwo.tests.TC_CM_001.test_TC_CM_001(TC_CM_001.java:115)
at sun.reflect.NativeMethodAccessorImpl.invoke0(Native Method)
at sun.reflect.NativeMethodAccessorImpl.invoke(Unknown Source)
at sun.reflect.DelegatingMethodAccessorImpl.invoke(Unknown Source)
at java.lang.reflect.Method.invoke(Unknown Source)
at org.testng.internal.MethodInvocationHelper.invokeMethod(MethodInvocationHelper.java:86)
at org.testng.internal.Invoker.invokeMethod(Invoker.java:643)
at org.testng.internal.Invoker.invokeTestMethod(Invoker.java:820)
at org.testng.internal.Invoker.invokeTestMethods(Invoker.java:1128)
at org.testng.internal.TestMethodWorker.invokeTestMethods(TestMethodWorker.java:129)
at org.testng.internal.TestMethodWorker.run(TestMethodWorker.java:112)
at org.testng.TestRunner.privateRun(TestRunner.java:782)
at org.testng.TestRunner.run(TestRunner.java:632)
at org.testng.SuiteRunner.runTest(SuiteRunner.java:366)
at org.testng.SuiteRunner.runSequentially(SuiteRunner.java:361)
at org.testng.SuiteRunner.privateRun(SuiteRunner.java:319)
at org.testng.SuiteRunner.run(SuiteRunner.java:268)
at org.testng.SuiteRunnerWorker.runSuite(SuiteRunnerWorker.java:52)
at org.testng.SuiteRunnerWorker.run(SuiteRunnerWorker.java:86)
at org.testng.TestNG.runSuitesSequentially(TestNG.java:1244)
at org.testng.TestNG.runSuitesLocally(TestNG.java:1169)
at org.testng.TestNG.run(TestNG.java:1064)
at org.testng.remote.AbstractRemoteTestNG.run(AbstractRemoteTestNG.java:126)
at org.testng.remote.RemoteTestNG.initAndRun(RemoteTestNG.java:137)
at org.testng.remote.RemoteTestNG.main(RemoteTestNG.java:58)
</pre></td>
</tr>
<tr>
<td class='status fail' title='fail' alt='fail'><i class='mdi-navigation-cancel'></i></td>
<td class='timestamp'>16:32:16</td>
<td class='step-name'>ScreenShot:org.openqa.selenium.NoSuchElementException: An element could not be located on the page using the given search parameters. (WARNING: The server did not provide any stacktrace information) Command duration or timeout: 20.57 seconds For documentation on this error, please visit: http://seleniumhq.org/exceptions/no_such_element.html Build info: version: '2.53.0', revision: '35ae25b1534ae328c771e0856c93e187490ca824', time: '2016-03-15 10:43:46' System info: host: 'DAMCO-PC', ip: '192.168.6.78', os.name: 'Windows 7', os.arch: 'x86', os.version: '6.1', java.version: '1.8.0_91' Driver info: io.appium.java_client.android.AndroidDriver Capabilities [{appPackage=com.flipkart.android, networkConnectionEnabled=true, warnings={}, databaseEnabled=false, version=6.0.0, deviceName=192.168.171.102:5555, platform=ANDROID, appActivity=com.flipkart.android.SplashActivity, desired={appPackage=com.flipkart.android, appActivity=com.flipkart.android.SplashActivity, automationName=APPIUM, platformName=Android, version=6.0.0, deviceName=192.168.171.102:5555, platform=ANDROID}, platformVersion=6.0, webStorageEnabled=false, locationContextEnabled=false, automationName=APPIUM, browserName=Android, takesScreenshot=true, javascriptEnabled=true, platformName=Android}] Session ID: 1da7a601-d1b6-4f83-97ac-07af916f44d9 *** Element info: {Using=xpath, value=//android.widget.EditText[contains(@resource-id,'com.flipkart.android:id/search_autoCompleteTextView')]}</td>
<td class='step-details'><img class="report-img" data-featherlight="file:///D:\Nitin\mobile_automation\Workspace\VWO_APP\ExecutionReports\FailedScreenshots\TC_CM_001.jpg" src="file:///D:\Nitin\mobile_automation\Workspace\VWO_APP\ExecutionReports\FailedScreenshots\TC_CM_001.jpg"></td>
</tr>
<tr>
<td class='status fail' title='fail' alt='fail'><i class='mdi-navigation-cancel'></i></td>
<td class='timestamp'>16:32:16</td>
<td class='step-details'>TC_CM_001</td>
</tr>
</tbody>
</table>
<ul class='collapsible node-list' data-collapsible='accordion'>
</ul>
</div>
</div>
</li>
<li class='collection-item test displayed active fail ' extentid='0c6ff031-eff3-426f-9d82-622f2151acab'>
<div class='test-head'>
<span class='test-name'>TC_CM_001-Android </span>
<span class='test-status label right outline capitalize fail'>fail</span>
<span class='category-assigned hide  cm-app-android'></span>
</div>
<div class='test-body'>
<div class='test-info'>
<span title='Test started time' alt='Test started time' class='test-started-time label green lighten-1 text-white'>2016-05-23 16:26:12</span>
<span title='Test ended time' alt='Test ended time' class='test-ended-time label red lighten-1 text-white'>2016-05-23 16:26:36</span>
<span title='Time taken to finish' alt='Time taken to finish' class='test-time-taken label blue-grey lighten-3 text-white'>0h 0m 24s+0ms</span>
</div>
<div class='test-desc'>Verify mandatory fields and navigate to step 2</div>
<div class='test-attributes'>
<div class='categories'>
<span class='category text-white'>CM-APP-Android</span>
</div>
</div>
<div class='test-steps'>
<table class='bordered table-results'>
<thead>
<tr>
<th>Status</th>
<th>Timestamp</th>
<th>StepName</th>
<th>Details</th>
</tr>
</thead>
<tbody>
<tr>
<td class='status error' title='error' alt='error'><i class='mdi-alert-error'></i></td>
<td class='timestamp'>16:26:36</td>
<td class='step-name'>TC_CM_001</td>
<td class='step-details'><pre>org.openqa.selenium.NoSuchElementException: An element could not be located on the page using the given search parameters. (WARNING: The server did not provide any stacktrace information)
Command duration or timeout: 20.14 seconds
For documentation on this error, please visit: http://seleniumhq.org/exceptions/no_such_element.html
Build info: version: '2.53.0', revision: '35ae25b1534ae328c771e0856c93e187490ca824', time: '2016-03-15 10:43:46'
System info: host: 'DAMCO-PC', ip: '192.168.6.78', os.name: 'Windows 7', os.arch: 'x86', os.version: '6.1', java.version: '1.8.0_91'
Driver info: io.appium.java_client.android.AndroidDriver
Capabilities [{appPackage=com.flipkart.android, networkConnectionEnabled=true, warnings={}, databaseEnabled=false, version=6.0.0, deviceName=192.168.171.102:5555, platform=ANDROID, appActivity=com.flipkart.android.SplashActivity, desired={appPackage=com.flipkart.android, appActivity=com.flipkart.android.SplashActivity, newCommandTimeout=60, automationName=APPIUM, platformName=Android, version=6.0.0, deviceName=192.168.171.102:5555, platform=ANDROID}, newCommandTimeout=60, platformVersion=6.0, webStorageEnabled=false, locationContextEnabled=false, automationName=APPIUM, browserName=Android, takesScreenshot=true, javascriptEnabled=true, platformName=Android}]
Session ID: 4dfbcfe1-5aad-46c4-bb35-689add44870d
*** Element info: {Using=xpath, value=//android.widget.Button[contains(@resource-id,'com.flipkart.android:id/search_widget_textbox')]}
at sun.reflect.NativeConstructorAccessorImpl.newInstance0(Native Method)
at sun.reflect.NativeConstructorAccessorImpl.newInstance(Unknown Source)
at sun.reflect.DelegatingConstructorAccessorImpl.newInstance(Unknown Source)
at java.lang.reflect.Constructor.newInstance(Unknown Source)
at org.openqa.selenium.remote.ErrorHandler.createThrowable(ErrorHandler.java:206)
at org.openqa.selenium.remote.ErrorHandler.throwIfResponseFailed(ErrorHandler.java:158)
at org.openqa.selenium.remote.RemoteWebDriver.execute(RemoteWebDriver.java:678)
at io.appium.java_client.DefaultGenericMobileDriver.execute(DefaultGenericMobileDriver.java:43)
at io.appium.java_client.AppiumDriver.execute(AppiumDriver.java:1)
at io.appium.java_client.android.AndroidDriver.execute(AndroidDriver.java:1)
at org.openqa.selenium.remote.RemoteWebDriver.findElement(RemoteWebDriver.java:363)
at org.openqa.selenium.remote.RemoteWebDriver.findElementByXPath(RemoteWebDriver.java:500)
at io.appium.java_client.DefaultGenericMobileDriver.findElementByXPath(DefaultGenericMobileDriver.java:129)
at io.appium.java_client.AppiumDriver.findElementByXPath(AppiumDriver.java:1)
at io.appium.java_client.android.AndroidDriver.findElementByXPath(AndroidDriver.java:1)
at org.openqa.selenium.By$ByXPath.findElement(By.java:361)
at org.openqa.selenium.remote.RemoteWebDriver.findElement(RemoteWebDriver.java:355)
at io.appium.java_client.DefaultGenericMobileDriver.findElement(DefaultGenericMobileDriver.java:51)
at io.appium.java_client.AppiumDriver.findElement(AppiumDriver.java:1)
at io.appium.java_client.android.AndroidDriver.findElement(AndroidDriver.java:1)
at TestingXperts.vwo.tests.TC_CM_001.test_TC_CM_001(TC_CM_001.java:113)
at sun.reflect.NativeMethodAccessorImpl.invoke0(Native Method)
at sun.reflect.NativeMethodAccessorImpl.invoke(Unknown Source)
at sun.reflect.DelegatingMethodAccessorImpl.invoke(Unknown Source)
at java.lang.reflect.Method.invoke(Unknown Source)
at org.testng.internal.MethodInvocationHelper.invokeMethod(MethodInvocationHelper.java:86)
at org.testng.internal.Invoker.invokeMethod(Invoker.java:643)
at org.testng.internal.Invoker.invokeTestMethod(Invoker.java:820)
at org.testng.internal.Invoker.invokeTestMethods(Invoker.java:1128)
at org.testng.internal.TestMethodWorker.invokeTestMethods(TestMethodWorker.java:129)
at org.testng.internal.TestMethodWorker.run(TestMethodWorker.java:112)
at org.testng.TestRunner.privateRun(TestRunner.java:782)
at org.testng.TestRunner.run(TestRunner.java:632)
at org.testng.SuiteRunner.runTest(SuiteRunner.java:366)
at org.testng.SuiteRunner.runSequentially(SuiteRunner.java:361)
at org.testng.SuiteRunner.privateRun(SuiteRunner.java:319)
at org.testng.SuiteRunner.run(SuiteRunner.java:268)
at org.testng.SuiteRunnerWorker.runSuite(SuiteRunnerWorker.java:52)
at org.testng.SuiteRunnerWorker.run(SuiteRunnerWorker.java:86)
at org.testng.TestNG.runSuitesSequentially(TestNG.java:1244)
at org.testng.TestNG.runSuitesLocally(TestNG.java:1169)
at org.testng.TestNG.run(TestNG.java:1064)
at org.testng.remote.AbstractRemoteTestNG.run(AbstractRemoteTestNG.java:126)
at org.testng.remote.RemoteTestNG.initAndRun(RemoteTestNG.java:137)
at org.testng.remote.RemoteTestNG.main(RemoteTestNG.java:58)
</pre></td>
</tr>
<tr>
<td class='status fail' title='fail' alt='fail'><i class='mdi-navigation-cancel'></i></td>
<td class='timestamp'>16:26:36</td>
<td class='step-name'>ScreenShot:org.openqa.selenium.NoSuchElementException: An element could not be located on the page using the given search parameters. (WARNING: The server did not provide any stacktrace information) Command duration or timeout: 20.14 seconds For documentation on this error, please visit: http://seleniumhq.org/exceptions/no_such_element.html Build info: version: '2.53.0', revision: '35ae25b1534ae328c771e0856c93e187490ca824', time: '2016-03-15 10:43:46' System info: host: 'DAMCO-PC', ip: '192.168.6.78', os.name: 'Windows 7', os.arch: 'x86', os.version: '6.1', java.version: '1.8.0_91' Driver info: io.appium.java_client.android.AndroidDriver Capabilities [{appPackage=com.flipkart.android, networkConnectionEnabled=true, warnings={}, databaseEnabled=false, version=6.0.0, deviceName=192.168.171.102:5555, platform=ANDROID, appActivity=com.flipkart.android.SplashActivity, desired={appPackage=com.flipkart.android, appActivity=com.flipkart.android.SplashActivity, newCommandTimeout=60, automationName=APPIUM, platformName=Android, version=6.0.0, deviceName=192.168.171.102:5555, platform=ANDROID}, newCommandTimeout=60, platformVersion=6.0, webStorageEnabled=false, locationContextEnabled=false, automationName=APPIUM, browserName=Android, takesScreenshot=true, javascriptEnabled=true, platformName=Android}] Session ID: 4dfbcfe1-5aad-46c4-bb35-689add44870d *** Element info: {Using=xpath, value=//android.widget.Button[contains(@resource-id,'com.flipkart.android:id/search_widget_textbox')]}</td>
<td class='step-details'><img class="report-img" data-featherlight="file:///D:\Nitin\mobile_automation\Workspace\VWO_APP\ExecutionReports\FailedScreenshots\TC_CM_001.jpg" src="file:///D:\Nitin\mobile_automation\Workspace\VWO_APP\ExecutionReports\FailedScreenshots\TC_CM_001.jpg"></td>
</tr>
<tr>
<td class='status fail' title='fail' alt='fail'><i class='mdi-navigation-cancel'></i></td>
<td class='timestamp'>16:26:36</td>
<td class='step-details'>TC_CM_001</td>
</tr>
</tbody>
</table>
<ul class='collapsible node-list' data-collapsible='accordion'>
</ul>
</div>
</div>
</li>
<li class='collection-item test displayed active fail ' extentid='bff04711-8456-4b22-a9d4-765e0bd68910'>
<div class='test-head'>
<span class='test-name'>TC_CM_001-Android </span>
<span class='test-status label right outline capitalize fail'>fail</span>
<span class='category-assigned hide  cm-app-android'></span>
</div>
<div class='test-body'>
<div class='test-info'>
<span title='Test started time' alt='Test started time' class='test-started-time label green lighten-1 text-white'>2016-05-23 16:24:03</span>
<span title='Test ended time' alt='Test ended time' class='test-ended-time label red lighten-1 text-white'>2016-05-23 16:24:04</span>
<span title='Time taken to finish' alt='Time taken to finish' class='test-time-taken label blue-grey lighten-3 text-white'>0h 0m 1s+0ms</span>
</div>
<div class='test-desc'>Verify mandatory fields and navigate to step 2</div>
<div class='test-attributes'>
<div class='categories'>
<span class='category text-white'>CM-APP-Android</span>
</div>
</div>
<div class='test-steps'>
<table class='bordered table-results'>
<thead>
<tr>
<th>Status</th>
<th>Timestamp</th>
<th>Details</th>
</tr>
</thead>
<tbody>
<tr>
<td class='status fail' title='fail' alt='fail'><i class='mdi-navigation-cancel'></i></td>
<td class='timestamp'>16:24:04</td>
<td class='step-details'>TC_CM_001</td>
</tr>
</tbody>
</table>
<ul class='collapsible node-list' data-collapsible='accordion'>
</ul>
</div>
</div>
</li>
<li class='collection-item test displayed active fail ' extentid='18b2b878-383e-4410-bfdb-5c798a44415c'>
<div class='test-head'>
<span class='test-name'>TC_CM_001-Android </span>
<span class='test-status label right outline capitalize fail'>fail</span>
<span class='category-assigned hide  cm-app-android'></span>
</div>
<div class='test-body'>
<div class='test-info'>
<span title='Test started time' alt='Test started time' class='test-started-time label green lighten-1 text-white'>2016-05-23 16:21:56</span>
<span title='Test ended time' alt='Test ended time' class='test-ended-time label red lighten-1 text-white'>2016-05-23 16:22:58</span>
<span title='Time taken to finish' alt='Time taken to finish' class='test-time-taken label blue-grey lighten-3 text-white'>0h 1m 2s+0ms</span>
</div>
<div class='test-desc'>Verify mandatory fields and navigate to step 2</div>
<div class='test-attributes'>
<div class='categories'>
<span class='category text-white'>CM-APP-Android</span>
</div>
</div>
<div class='test-steps'>
<table class='bordered table-results'>
<thead>
<tr>
<th>Status</th>
<th>Timestamp</th>
<th>StepName</th>
<th>Details</th>
</tr>
</thead>
<tbody>
<tr>
<td class='status error' title='error' alt='error'><i class='mdi-alert-error'></i></td>
<td class='timestamp'>16:22:57</td>
<td class='step-name'>TC_CM_001</td>
<td class='step-details'><pre>org.openqa.selenium.NoSuchElementException: An element could not be located on the page using the given search parameters. (WARNING: The server did not provide any stacktrace information)
Command duration or timeout: 20.15 seconds
For documentation on this error, please visit: http://seleniumhq.org/exceptions/no_such_element.html
Build info: version: '2.53.0', revision: '35ae25b1534ae328c771e0856c93e187490ca824', time: '2016-03-15 10:43:46'
System info: host: 'DAMCO-PC', ip: '192.168.6.78', os.name: 'Windows 7', os.arch: 'x86', os.version: '6.1', java.version: '1.8.0_91'
Driver info: io.appium.java_client.android.AndroidDriver
Capabilities [{appPackage=com.flipkart.android, app=D:\Nitin\mobile_automation\Workspace\VWO_APP\.\src\main\resources\App_APK\com.flipkart.android-4.4.2-APK4Fun.com.apk, networkConnectionEnabled=true, warnings={}, databaseEnabled=false, version=6.0.0, deviceName=192.168.171.102:5555, fullReset=true, platform=ANDROID, appActivity=com.flipkart.android.SplashActivity, desired={appPackage=com.flipkart.android, appActivity=com.flipkart.android.SplashActivity, app=D:\Nitin\mobile_automation\Workspace\VWO_APP\.\src\main\resources\App_APK\com.flipkart.android-4.4.2-APK4Fun.com.apk, newCommandTimeout=60, automationName=APPIUM, platformName=Android, version=6.0.0, deviceName=192.168.171.102:5555, fullReset=true, platform=ANDROID}, newCommandTimeout=60, platformVersion=6.0, webStorageEnabled=false, locationContextEnabled=false, automationName=APPIUM, browserName=Android, takesScreenshot=true, javascriptEnabled=true, platformName=Android}]
Session ID: 98490684-3406-48ab-b0bc-81be96ffab0b
*** Element info: {Using=xpath, value=//android.widget.Button[contains(@resource-id,'com.flipkart.android:id/search_widget_textbox')]}
at sun.reflect.NativeConstructorAccessorImpl.newInstance0(Native Method)
at sun.reflect.NativeConstructorAccessorImpl.newInstance(Unknown Source)
at sun.reflect.DelegatingConstructorAccessorImpl.newInstance(Unknown Source)
at java.lang.reflect.Constructor.newInstance(Unknown Source)
at org.openqa.selenium.remote.ErrorHandler.createThrowable(ErrorHandler.java:206)
at org.openqa.selenium.remote.ErrorHandler.throwIfResponseFailed(ErrorHandler.java:158)
at org.openqa.selenium.remote.RemoteWebDriver.execute(RemoteWebDriver.java:678)
at io.appium.java_client.DefaultGenericMobileDriver.execute(DefaultGenericMobileDriver.java:43)
at io.appium.java_client.AppiumDriver.execute(AppiumDriver.java:1)
at io.appium.java_client.android.AndroidDriver.execute(AndroidDriver.java:1)
at org.openqa.selenium.remote.RemoteWebDriver.findElement(RemoteWebDriver.java:363)
at org.openqa.selenium.remote.RemoteWebDriver.findElementByXPath(RemoteWebDriver.java:500)
at io.appium.java_client.DefaultGenericMobileDriver.findElementByXPath(DefaultGenericMobileDriver.java:129)
at io.appium.java_client.AppiumDriver.findElementByXPath(AppiumDriver.java:1)
at io.appium.java_client.android.AndroidDriver.findElementByXPath(AndroidDriver.java:1)
at org.openqa.selenium.By$ByXPath.findElement(By.java:361)
at org.openqa.selenium.remote.RemoteWebDriver.findElement(RemoteWebDriver.java:355)
at io.appium.java_client.DefaultGenericMobileDriver.findElement(DefaultGenericMobileDriver.java:51)
at io.appium.java_client.AppiumDriver.findElement(AppiumDriver.java:1)
at io.appium.java_client.android.AndroidDriver.findElement(AndroidDriver.java:1)
at TestingXperts.vwo.tests.TC_CM_001.test_TC_CM_001(TC_CM_001.java:113)
at sun.reflect.NativeMethodAccessorImpl.invoke0(Native Method)
at sun.reflect.NativeMethodAccessorImpl.invoke(Unknown Source)
at sun.reflect.DelegatingMethodAccessorImpl.invoke(Unknown Source)
at java.lang.reflect.Method.invoke(Unknown Source)
at org.testng.internal.MethodInvocationHelper.invokeMethod(MethodInvocationHelper.java:86)
at org.testng.internal.Invoker.invokeMethod(Invoker.java:643)
at org.testng.internal.Invoker.invokeTestMethod(Invoker.java:820)
at org.testng.internal.Invoker.invokeTestMethods(Invoker.java:1128)
at org.testng.internal.TestMethodWorker.invokeTestMethods(TestMethodWorker.java:129)
at org.testng.internal.TestMethodWorker.run(TestMethodWorker.java:112)
at org.testng.TestRunner.privateRun(TestRunner.java:782)
at org.testng.TestRunner.run(TestRunner.java:632)
at org.testng.SuiteRunner.runTest(SuiteRunner.java:366)
at org.testng.SuiteRunner.runSequentially(SuiteRunner.java:361)
at org.testng.SuiteRunner.privateRun(SuiteRunner.java:319)
at org.testng.SuiteRunner.run(SuiteRunner.java:268)
at org.testng.SuiteRunnerWorker.runSuite(SuiteRunnerWorker.java:52)
at org.testng.SuiteRunnerWorker.run(SuiteRunnerWorker.java:86)
at org.testng.TestNG.runSuitesSequentially(TestNG.java:1244)
at org.testng.TestNG.runSuitesLocally(TestNG.java:1169)
at org.testng.TestNG.run(TestNG.java:1064)
at org.testng.remote.AbstractRemoteTestNG.run(AbstractRemoteTestNG.java:126)
at org.testng.remote.RemoteTestNG.initAndRun(RemoteTestNG.java:137)
at org.testng.remote.RemoteTestNG.main(RemoteTestNG.java:58)
</pre></td>
</tr>
<tr>
<td class='status fail' title='fail' alt='fail'><i class='mdi-navigation-cancel'></i></td>
<td class='timestamp'>16:22:57</td>
<td class='step-name'>ScreenShot:org.openqa.selenium.NoSuchElementException: An element could not be located on the page using the given search parameters. (WARNING: The server did not provide any stacktrace information) Command duration or timeout: 20.15 seconds For documentation on this error, please visit: http://seleniumhq.org/exceptions/no_such_element.html Build info: version: '2.53.0', revision: '35ae25b1534ae328c771e0856c93e187490ca824', time: '2016-03-15 10:43:46' System info: host: 'DAMCO-PC', ip: '192.168.6.78', os.name: 'Windows 7', os.arch: 'x86', os.version: '6.1', java.version: '1.8.0_91' Driver info: io.appium.java_client.android.AndroidDriver Capabilities [{appPackage=com.flipkart.android, app=D:\Nitin\mobile_automation\Workspace\VWO_APP\.\src\main\resources\App_APK\com.flipkart.android-4.4.2-APK4Fun.com.apk, networkConnectionEnabled=true, warnings={}, databaseEnabled=false, version=6.0.0, deviceName=192.168.171.102:5555, fullReset=true, platform=ANDROID, appActivity=com.flipkart.android.SplashActivity, desired={appPackage=com.flipkart.android, appActivity=com.flipkart.android.SplashActivity, app=D:\Nitin\mobile_automation\Workspace\VWO_APP\.\src\main\resources\App_APK\com.flipkart.android-4.4.2-APK4Fun.com.apk, newCommandTimeout=60, automationName=APPIUM, platformName=Android, version=6.0.0, deviceName=192.168.171.102:5555, fullReset=true, platform=ANDROID}, newCommandTimeout=60, platformVersion=6.0, webStorageEnabled=false, locationContextEnabled=false, automationName=APPIUM, browserName=Android, takesScreenshot=true, javascriptEnabled=true, platformName=Android}] Session ID: 98490684-3406-48ab-b0bc-81be96ffab0b *** Element info: {Using=xpath, value=//android.widget.Button[contains(@resource-id,'com.flipkart.android:id/search_widget_textbox')]}</td>
<td class='step-details'><img class="report-img" data-featherlight="file:///D:\Nitin\mobile_automation\Workspace\VWO_APP\ExecutionReports\FailedScreenshots\TC_CM_001.jpg" src="file:///D:\Nitin\mobile_automation\Workspace\VWO_APP\ExecutionReports\FailedScreenshots\TC_CM_001.jpg"></td>
</tr>
<tr>
<td class='status fail' title='fail' alt='fail'><i class='mdi-navigation-cancel'></i></td>
<td class='timestamp'>16:22:58</td>
<td class='step-details'>TC_CM_001</td>
</tr>
</tbody>
</table>
<ul class='collapsible node-list' data-collapsible='accordion'>
</ul>
</div>
</div>
</li>
<li class='collection-item test displayed active fail ' extentid='a036c903-78fa-4b78-9431-cbc25a7ab857'>
<div class='test-head'>
<span class='test-name'>TC_CM_001-Android </span>
<span class='test-status label right outline capitalize fail'>fail</span>
<span class='category-assigned hide  cm-app-android'></span>
</div>
<div class='test-body'>
<div class='test-info'>
<span title='Test started time' alt='Test started time' class='test-started-time label green lighten-1 text-white'>2016-05-17 12:10:32</span>
<span title='Test ended time' alt='Test ended time' class='test-ended-time label red lighten-1 text-white'>2016-05-17 12:14:30</span>
<span title='Time taken to finish' alt='Time taken to finish' class='test-time-taken label blue-grey lighten-3 text-white'>0h 3m 58s+0ms</span>
</div>
<div class='test-desc'>Verify mandatory fields and navigate to step 2</div>
<div class='test-attributes'>
<div class='categories'>
<span class='category text-white'>CM-APP-Android</span>
</div>
</div>
<div class='test-steps'>
<table class='bordered table-results'>
<thead>
<tr>
<th>Status</th>
<th>Timestamp</th>
<th>Details</th>
</tr>
</thead>
<tbody>
<tr>
<td class='status info' title='info' alt='info'><i class='mdi-action-info-outline'></i></td>
<td class='timestamp'>12:10:49</td>
<td class='step-details'>Verify mandatory fields and navigate to step 2</td>
</tr>
<tr>
<td class='status fail' title='fail' alt='fail'><i class='mdi-navigation-cancel'></i></td>
<td class='timestamp'>12:14:30</td>
<td class='step-details'>TC_CM_001</td>
</tr>
</tbody>
</table>
<ul class='collapsible node-list' data-collapsible='accordion'>
</ul>
</div>
</div>
</li>
<li class='collection-item test displayed active fail ' extentid='62b1c579-adb5-480e-a189-f305cf33190c'>
<div class='test-head'>
<span class='test-name'>TC_CM_002-Android </span>
<span class='test-status label right outline capitalize fail'>fail</span>
<span class='category-assigned hide  cm-app-android'></span>
</div>
<div class='test-body'>
<div class='test-info'>
<span title='Test started time' alt='Test started time' class='test-started-time label green lighten-1 text-white'>2016-05-16 19:51:07</span>
<span title='Test ended time' alt='Test ended time' class='test-ended-time label red lighten-1 text-white'>2016-05-16 19:51:32</span>
<span title='Time taken to finish' alt='Time taken to finish' class='test-time-taken label blue-grey lighten-3 text-white'>0h 0m 25s+0ms</span>
</div>
<div class='test-desc'>Verify logged in user and search a profile</div>
<div class='test-attributes'>
<div class='categories'>
<span class='category text-white'>CM-APP-Android</span>
</div>
</div>
<div class='test-steps'>
<table class='bordered table-results'>
<thead>
<tr>
<th>Status</th>
<th>Timestamp</th>
<th>Details</th>
</tr>
</thead>
<tbody>
<tr>
<td class='status info' title='info' alt='info'><i class='mdi-action-info-outline'></i></td>
<td class='timestamp'>19:51:07</td>
<td class='step-details'>Verify logged in user and search a profile</td>
</tr>
<tr>
<td class='status info' title='info' alt='info'><i class='mdi-action-info-outline'></i></td>
<td class='timestamp'>19:51:29</td>
<td class='step-details'>User is able to login successfully.</td>
</tr>
<tr>
<td class='status error' title='error' alt='error'><i class='mdi-alert-error'></i></td>
<td class='timestamp'>19:51:32</td>
<td class='step-details'><pre>org.openqa.selenium.interactions.InvalidCoordinatesException: The coordinates provided to an interactions operation are invalid. (WARNING: The server did not provide any stacktrace information)
Command duration or timeout: 7 milliseconds
Build info: version: '2.53.0', revision: '35ae25b1534ae328c771e0856c93e187490ca824', time: '2016-03-15 10:43:46'
System info: host: 'DAMCO-PC', ip: '192.168.6.78', os.name: 'Windows 7', os.arch: 'amd64', os.version: '6.1', java.version: '1.7.0_79'
Session ID: 107e64f0-535b-4d71-8803-3978a6bddf18
Driver info: io.appium.java_client.android.AndroidDriver
Capabilities [{automationName=APPIUM, platform=ANDROID, app=D:\Nitin\mobile_automation\Workspace\VWO_APP\.\src\main\resources\App_APK\CommunityMatrimony_v2.10.2_apkpure.com.apk, javascriptEnabled=true, appActivity=com.community.matrimony.Splash, browserName=Android, networkConnectionEnabled=true, desired={automationName=APPIUM, app=D:\Nitin\mobile_automation\Workspace\VWO_APP\.\src\main\resources\App_APK\CommunityMatrimony_v2.10.2_apkpure.com.apk, platform=ANDROID, fullReset=true, deviceName=192.168.171.103:5555, platformName=Android, appActivity=com.community.matrimony.Splash, appPackage=com.community.matrimony, version=6.0.0}, locationContextEnabled=false, appPackage=com.community.matrimony, version=6.0.0, platformVersion=6.0, databaseEnabled=false, fullReset=true, deviceName=192.168.171.103:5555, platformName=Android, webStorageEnabled=false, warnings={}, takesScreenshot=true}]
at sun.reflect.NativeConstructorAccessorImpl.newInstance0(Native Method)
at sun.reflect.NativeConstructorAccessorImpl.newInstance(NativeConstructorAccessorImpl.java:57)
at sun.reflect.DelegatingConstructorAccessorImpl.newInstance(DelegatingConstructorAccessorImpl.java:45)
at java.lang.reflect.Constructor.newInstance(Constructor.java:526)
at org.openqa.selenium.remote.ErrorHandler.createThrowable(ErrorHandler.java:206)
at org.openqa.selenium.remote.ErrorHandler.throwIfResponseFailed(ErrorHandler.java:164)
at org.openqa.selenium.remote.RemoteWebDriver.execute(RemoteWebDriver.java:678)
at io.appium.java_client.DefaultGenericMobileDriver.execute(DefaultGenericMobileDriver.java:43)
at io.appium.java_client.AppiumDriver.execute(AppiumDriver.java:1)
at io.appium.java_client.android.AndroidDriver.execute(AndroidDriver.java:1)
at org.openqa.selenium.remote.RemoteWebDriver.executeScript(RemoteWebDriver.java:577)
at TestingXperts.vwo.tests.TC_CM_002.test_TC_CM_002(TC_CM_002.java:104)
at sun.reflect.NativeMethodAccessorImpl.invoke0(Native Method)
at sun.reflect.NativeMethodAccessorImpl.invoke(NativeMethodAccessorImpl.java:57)
at sun.reflect.DelegatingMethodAccessorImpl.invoke(DelegatingMethodAccessorImpl.java:43)
at java.lang.reflect.Method.invoke(Method.java:606)
at org.testng.internal.MethodInvocationHelper.invokeMethod(MethodInvocationHelper.java:86)
at org.testng.internal.Invoker.invokeMethod(Invoker.java:643)
at org.testng.internal.Invoker.invokeTestMethod(Invoker.java:820)
at org.testng.internal.Invoker.invokeTestMethods(Invoker.java:1128)
at org.testng.internal.TestMethodWorker.invokeTestMethods(TestMethodWorker.java:129)
at org.testng.internal.TestMethodWorker.run(TestMethodWorker.java:112)
at org.testng.TestRunner.privateRun(TestRunner.java:782)
at org.testng.TestRunner.run(TestRunner.java:632)
at org.testng.SuiteRunner.runTest(SuiteRunner.java:366)
at org.testng.SuiteRunner.runSequentially(SuiteRunner.java:361)
at org.testng.SuiteRunner.privateRun(SuiteRunner.java:319)
at org.testng.SuiteRunner.run(SuiteRunner.java:268)
at org.testng.SuiteRunnerWorker.runSuite(SuiteRunnerWorker.java:52)
at org.testng.SuiteRunnerWorker.run(SuiteRunnerWorker.java:86)
at org.testng.TestNG.runSuitesSequentially(TestNG.java:1244)
at org.testng.TestNG.runSuitesLocally(TestNG.java:1169)
at org.testng.TestNG.run(TestNG.java:1064)
at org.testng.remote.AbstractRemoteTestNG.run(AbstractRemoteTestNG.java:126)
at org.testng.remote.RemoteTestNG.initAndRun(RemoteTestNG.java:137)
at org.testng.remote.RemoteTestNG.main(RemoteTestNG.java:58)
</pre></td>
</tr>
<tr>
<td class='status fail' title='fail' alt='fail'><i class='mdi-navigation-cancel'></i></td>
<td class='timestamp'>19:51:32</td>
<td class='step-details'><img class="report-img" data-featherlight="file:///D:\Nitin\mobile_automation\Workspace\VWO_APP\ExecutionReports\FailedScreenshots\TC_CM_002.jpg" src="file:///D:\Nitin\mobile_automation\Workspace\VWO_APP\ExecutionReports\FailedScreenshots\TC_CM_002.jpg"></td>
</tr>
<tr>
<td class='status fail' title='fail' alt='fail'><i class='mdi-navigation-cancel'></i></td>
<td class='timestamp'>19:51:32</td>
<td class='step-details'>TC_CM_002</td>
</tr>
</tbody>
</table>
<ul class='collapsible node-list' data-collapsible='accordion'>
</ul>
</div>
</div>
</li>
<li class='collection-item test displayed active pass ' extentid='d811d566-fe07-4122-b0e6-3d558ce4c9ec'>
<div class='test-head'>
<span class='test-name'>TC_CM_001-Android </span>
<span class='test-status label right outline capitalize pass'>pass</span>
<span class='category-assigned hide  cm-app-android'></span>
</div>
<div class='test-body'>
<div class='test-info'>
<span title='Test started time' alt='Test started time' class='test-started-time label green lighten-1 text-white'>2016-05-16 19:49:24</span>
<span title='Test ended time' alt='Test ended time' class='test-ended-time label red lighten-1 text-white'>2016-05-16 19:51:07</span>
<span title='Time taken to finish' alt='Time taken to finish' class='test-time-taken label blue-grey lighten-3 text-white'>0h 1m 43s+0ms</span>
</div>
<div class='test-desc'>Verify mandatory fields and navigate to step 2</div>
<div class='test-attributes'>
<div class='categories'>
<span class='category text-white'>CM-APP-Android</span>
</div>
</div>
<div class='test-steps'>
<table class='bordered table-results'>
<thead>
<tr>
<th>Status</th>
<th>Timestamp</th>
<th>Details</th>
</tr>
</thead>
<tbody>
<tr>
<td class='status info' title='info' alt='info'><i class='mdi-action-info-outline'></i></td>
<td class='timestamp'>19:49:43</td>
<td class='step-details'>Verify mandatory fields and navigate to step 2</td>
</tr>
<tr>
<td class='status info' title='info' alt='info'><i class='mdi-action-info-outline'></i></td>
<td class='timestamp'>19:50:09</td>
<td class='step-details'>Date of Birth field is mandatory.</td>
</tr>
<tr>
<td class='status info' title='info' alt='info'><i class='mdi-action-info-outline'></i></td>
<td class='timestamp'>19:50:17</td>
<td class='step-details'>Email field is mandatory.</td>
</tr>
<tr>
<td class='status info' title='info' alt='info'><i class='mdi-action-info-outline'></i></td>
<td class='timestamp'>19:50:26</td>
<td class='step-details'>Password field is mandatory.</td>
</tr>
<tr>
<td class='status info' title='info' alt='info'><i class='mdi-action-info-outline'></i></td>
<td class='timestamp'>19:50:34</td>
<td class='step-details'>Mobile Number field is mandatory.</td>
</tr>
<tr>
<td class='status info' title='info' alt='info'><i class='mdi-action-info-outline'></i></td>
<td class='timestamp'>19:50:43</td>
<td class='step-details'>Religion field is mandatory.</td>
</tr>
<tr>
<td class='status info' title='info' alt='info'><i class='mdi-action-info-outline'></i></td>
<td class='timestamp'>19:50:51</td>
<td class='step-details'>Subcaste field is mandatory.</td>
</tr>
<tr>
<td class='status info' title='info' alt='info'><i class='mdi-action-info-outline'></i></td>
<td class='timestamp'>19:50:57</td>
<td class='step-details'>Mother Tongue field is mandatory.</td>
</tr>
<tr>
<td class='status info' title='info' alt='info'><i class='mdi-action-info-outline'></i></td>
<td class='timestamp'>19:51:06</td>
<td class='step-details'><span style="color:green"><b>Verify mandatory fields and navigate to step 2-PASS</b></span></td>
</tr>
<tr>
<td class='status pass' title='pass' alt='pass'><i class='mdi-action-check-circle'></i></td>
<td class='timestamp'>19:51:07</td>
<td class='step-details'>TC_CM_001</td>
</tr>
</tbody>
</table>
<ul class='collapsible node-list' data-collapsible='accordion'>
</ul>
</div>
</div>
</li>
<li class='collection-item test displayed active fail ' extentid='e35eed53-7e72-47ef-84fa-9beda808bfd7'>
<div class='test-head'>
<span class='test-name'>TC_CM_002-Android </span>
<span class='test-status label right outline capitalize fail'>fail</span>
<span class='category-assigned hide  cm-app-android'></span>
</div>
<div class='test-body'>
<div class='test-info'>
<span title='Test started time' alt='Test started time' class='test-started-time label green lighten-1 text-white'>2016-05-16 19:02:22</span>
<span title='Test ended time' alt='Test ended time' class='test-ended-time label red lighten-1 text-white'>2016-05-16 19:02:42</span>
<span title='Time taken to finish' alt='Time taken to finish' class='test-time-taken label blue-grey lighten-3 text-white'>0h 0m 20s+0ms</span>
</div>
<div class='test-desc'>Verify logged in user and search a profile</div>
<div class='test-attributes'>
<div class='categories'>
<span class='category text-white'>CM-APP-Android</span>
</div>
</div>
<div class='test-steps'>
<table class='bordered table-results'>
<thead>
<tr>
<th>Status</th>
<th>Timestamp</th>
<th>Details</th>
</tr>
</thead>
<tbody>
<tr>
<td class='status info' title='info' alt='info'><i class='mdi-action-info-outline'></i></td>
<td class='timestamp'>19:02:22</td>
<td class='step-details'>Verify logged in user and search a profile</td>
</tr>
<tr>
<td class='status info' title='info' alt='info'><i class='mdi-action-info-outline'></i></td>
<td class='timestamp'>19:02:40</td>
<td class='step-details'>User is able to login successfully.</td>
</tr>
<tr>
<td class='status error' title='error' alt='error'><i class='mdi-alert-error'></i></td>
<td class='timestamp'>19:02:42</td>
<td class='step-details'><pre>org.openqa.selenium.interactions.InvalidCoordinatesException: The coordinates provided to an interactions operation are invalid. (WARNING: The server did not provide any stacktrace information)
Command duration or timeout: 22 milliseconds
Build info: version: '2.53.0', revision: '35ae25b1534ae328c771e0856c93e187490ca824', time: '2016-03-15 10:43:46'
System info: host: 'DAMCO-PC', ip: '192.168.6.78', os.name: 'Windows 7', os.arch: 'amd64', os.version: '6.1', java.version: '1.7.0_79'
Session ID: 093298b3-9ccd-4473-850b-5cba39884da3
Driver info: io.appium.java_client.android.AndroidDriver
Capabilities [{automationName=APPIUM, platform=ANDROID, app=D:\Nitin\mobile_automation\Workspace\VWO_APP\.\src\main\resources\App_APK\CommunityMatrimony_v2.10.2_apkpure.com.apk, javascriptEnabled=true, appActivity=com.community.matrimony.Splash, browserName=Android, networkConnectionEnabled=true, desired={automationName=APPIUM, app=D:\Nitin\mobile_automation\Workspace\VWO_APP\.\src\main\resources\App_APK\CommunityMatrimony_v2.10.2_apkpure.com.apk, platform=ANDROID, fullReset=true, deviceName=192.168.171.101:5555, platformName=Android, appActivity=com.community.matrimony.Splash, appPackage=com.community.matrimony, version=4.3}, locationContextEnabled=false, appPackage=com.community.matrimony, version=4.3, platformVersion=5.1, databaseEnabled=false, fullReset=true, deviceName=192.168.171.101:5555, platformName=Android, webStorageEnabled=false, warnings={}, takesScreenshot=true}]
at sun.reflect.NativeConstructorAccessorImpl.newInstance0(Native Method)
at sun.reflect.NativeConstructorAccessorImpl.newInstance(NativeConstructorAccessorImpl.java:57)
at sun.reflect.DelegatingConstructorAccessorImpl.newInstance(DelegatingConstructorAccessorImpl.java:45)
at java.lang.reflect.Constructor.newInstance(Constructor.java:526)
at org.openqa.selenium.remote.ErrorHandler.createThrowable(ErrorHandler.java:206)
at org.openqa.selenium.remote.ErrorHandler.throwIfResponseFailed(ErrorHandler.java:164)
at org.openqa.selenium.remote.RemoteWebDriver.execute(RemoteWebDriver.java:678)
at io.appium.java_client.DefaultGenericMobileDriver.execute(DefaultGenericMobileDriver.java:43)
at io.appium.java_client.AppiumDriver.execute(AppiumDriver.java:1)
at io.appium.java_client.android.AndroidDriver.execute(AndroidDriver.java:1)
at org.openqa.selenium.remote.RemoteWebDriver.executeScript(RemoteWebDriver.java:577)
at TestingXperts.vwo.tests.TC_CM_002.test_TC_CM_002(TC_CM_002.java:104)
at sun.reflect.NativeMethodAccessorImpl.invoke0(Native Method)
at sun.reflect.NativeMethodAccessorImpl.invoke(NativeMethodAccessorImpl.java:57)
at sun.reflect.DelegatingMethodAccessorImpl.invoke(DelegatingMethodAccessorImpl.java:43)
at java.lang.reflect.Method.invoke(Method.java:606)
at org.testng.internal.MethodInvocationHelper.invokeMethod(MethodInvocationHelper.java:86)
at org.testng.internal.Invoker.invokeMethod(Invoker.java:643)
at org.testng.internal.Invoker.invokeTestMethod(Invoker.java:820)
at org.testng.internal.Invoker.invokeTestMethods(Invoker.java:1128)
at org.testng.internal.TestMethodWorker.invokeTestMethods(TestMethodWorker.java:129)
at org.testng.internal.TestMethodWorker.run(TestMethodWorker.java:112)
at org.testng.TestRunner.privateRun(TestRunner.java:782)
at org.testng.TestRunner.run(TestRunner.java:632)
at org.testng.SuiteRunner.runTest(SuiteRunner.java:366)
at org.testng.SuiteRunner.runSequentially(SuiteRunner.java:361)
at org.testng.SuiteRunner.privateRun(SuiteRunner.java:319)
at org.testng.SuiteRunner.run(SuiteRunner.java:268)
at org.testng.SuiteRunnerWorker.runSuite(SuiteRunnerWorker.java:52)
at org.testng.SuiteRunnerWorker.run(SuiteRunnerWorker.java:86)
at org.testng.TestNG.runSuitesSequentially(TestNG.java:1244)
at org.testng.TestNG.runSuitesLocally(TestNG.java:1169)
at org.testng.TestNG.run(TestNG.java:1064)
at org.testng.remote.AbstractRemoteTestNG.run(AbstractRemoteTestNG.java:126)
at org.testng.remote.RemoteTestNG.initAndRun(RemoteTestNG.java:137)
at org.testng.remote.RemoteTestNG.main(RemoteTestNG.java:58)
</pre></td>
</tr>
<tr>
<td class='status fail' title='fail' alt='fail'><i class='mdi-navigation-cancel'></i></td>
<td class='timestamp'>19:02:42</td>
<td class='step-details'><img class="report-img" data-featherlight="file:///D:\Nitin\mobile_automation\Workspace\VWO_APP\ExecutionReports\FailedScreenshots\TC_CM_002.jpg" src="file:///D:\Nitin\mobile_automation\Workspace\VWO_APP\ExecutionReports\FailedScreenshots\TC_CM_002.jpg"></td>
</tr>
<tr>
<td class='status fail' title='fail' alt='fail'><i class='mdi-navigation-cancel'></i></td>
<td class='timestamp'>19:02:42</td>
<td class='step-details'>TC_CM_002</td>
</tr>
</tbody>
</table>
<ul class='collapsible node-list' data-collapsible='accordion'>
</ul>
</div>
</div>
</li>
<li class='collection-item test displayed active pass ' extentid='fb4fe3d9-ffdd-4cdf-a79e-b2ae367932c1'>
<div class='test-head'>
<span class='test-name'>TC_CM_001-Android </span>
<span class='test-status label right outline capitalize pass'>pass</span>
<span class='category-assigned hide  cm-app-android'></span>
</div>
<div class='test-body'>
<div class='test-info'>
<span title='Test started time' alt='Test started time' class='test-started-time label green lighten-1 text-white'>2016-05-16 19:02:08</span>
<span title='Test ended time' alt='Test ended time' class='test-ended-time label red lighten-1 text-white'>2016-05-16 19:02:22</span>
<span title='Time taken to finish' alt='Time taken to finish' class='test-time-taken label blue-grey lighten-3 text-white'>0h 0m 14s+0ms</span>
</div>
<div class='test-desc'>Verify mandatory fields and navigate to step 2</div>
<div class='test-attributes'>
<div class='categories'>
<span class='category text-white'>CM-APP-Android</span>
</div>
</div>
<div class='test-steps'>
<table class='bordered table-results'>
<thead>
<tr>
<th>Status</th>
<th>Timestamp</th>
<th>Details</th>
</tr>
</thead>
<tbody>
<tr>
<td class='status info' title='info' alt='info'><i class='mdi-action-info-outline'></i></td>
<td class='timestamp'>19:02:20</td>
<td class='step-details'>Verify mandatory fields and navigate to step 2</td>
</tr>
<tr>
<td class='status pass' title='pass' alt='pass'><i class='mdi-action-check-circle'></i></td>
<td class='timestamp'>19:02:22</td>
<td class='step-details'>TC_CM_001</td>
</tr>
</tbody>
</table>
<ul class='collapsible node-list' data-collapsible='accordion'>
</ul>
</div>
</div>
</li>
<li class='collection-item test displayed active pass ' extentid='59b25eaf-ed2e-439d-abb1-82c4ff0e906a'>
<div class='test-head'>
<span class='test-name'>TC_CM_002-Android </span>
<span class='test-status label right outline capitalize pass'>pass</span>
<span class='category-assigned hide  cm-app-android'></span>
</div>
<div class='test-body'>
<div class='test-info'>
<span title='Test started time' alt='Test started time' class='test-started-time label green lighten-1 text-white'>2016-05-16 17:03:49</span>
<span title='Test ended time' alt='Test ended time' class='test-ended-time label red lighten-1 text-white'>2016-05-16 17:05:51</span>
<span title='Time taken to finish' alt='Time taken to finish' class='test-time-taken label blue-grey lighten-3 text-white'>0h 2m 2s+0ms</span>
</div>
<div class='test-desc'>Verify logged in user and search a profile</div>
<div class='test-attributes'>
<div class='categories'>
<span class='category text-white'>CM-APP-Android</span>
</div>
</div>
<div class='test-steps'>
<table class='bordered table-results'>
<thead>
<tr>
<th>Status</th>
<th>Timestamp</th>
<th>Details</th>
</tr>
</thead>
<tbody>
<tr>
<td class='status info' title='info' alt='info'><i class='mdi-action-info-outline'></i></td>
<td class='timestamp'>17:03:49</td>
<td class='step-details'>Verify logged in user and search a profile</td>
</tr>
<tr>
<td class='status info' title='info' alt='info'><i class='mdi-action-info-outline'></i></td>
<td class='timestamp'>17:04:07</td>
<td class='step-details'>User is able to login successfully.</td>
</tr>
<tr>
<td class='status info' title='info' alt='info'><i class='mdi-action-info-outline'></i></td>
<td class='timestamp'>17:05:28</td>
<td class='step-details'>User is able to search match successfully.</td>
</tr>
<tr>
<td class='status info' title='info' alt='info'><i class='mdi-action-info-outline'></i></td>
<td class='timestamp'>17:05:28</td>
<td class='step-details'><span style="color:green"><b>Verify logged in user and search a profile-PASS</b></span></td>
</tr>
<tr>
<td class='status pass' title='pass' alt='pass'><i class='mdi-action-check-circle'></i></td>
<td class='timestamp'>17:05:51</td>
<td class='step-details'>TC_CM_002</td>
</tr>
</tbody>
</table>
<ul class='collapsible node-list' data-collapsible='accordion'>
</ul>
</div>
</div>
</li>
<li class='collection-item test displayed active pass ' extentid='3c940f5a-1e02-47d4-a8ca-5b34c67a90aa'>
<div class='test-head'>
<span class='test-name'>TC_CM_001-Android </span>
<span class='test-status label right outline capitalize pass'>pass</span>
<span class='category-assigned hide  cm-app-android'></span>
</div>
<div class='test-body'>
<div class='test-info'>
<span title='Test started time' alt='Test started time' class='test-started-time label green lighten-1 text-white'>2016-05-16 17:03:34</span>
<span title='Test ended time' alt='Test ended time' class='test-ended-time label red lighten-1 text-white'>2016-05-16 17:03:48</span>
<span title='Time taken to finish' alt='Time taken to finish' class='test-time-taken label blue-grey lighten-3 text-white'>0h 0m 14s+0ms</span>
</div>
<div class='test-desc'>Verify mandatory fields and navigate to step 2</div>
<div class='test-attributes'>
<div class='categories'>
<span class='category text-white'>CM-APP-Android</span>
</div>
</div>
<div class='test-steps'>
<table class='bordered table-results'>
<thead>
<tr>
<th>Status</th>
<th>Timestamp</th>
<th>Details</th>
</tr>
</thead>
<tbody>
<tr>
<td class='status info' title='info' alt='info'><i class='mdi-action-info-outline'></i></td>
<td class='timestamp'>17:03:46</td>
<td class='step-details'>Verify mandatory fields and navigate to step 2</td>
</tr>
<tr>
<td class='status pass' title='pass' alt='pass'><i class='mdi-action-check-circle'></i></td>
<td class='timestamp'>17:03:48</td>
<td class='step-details'>TC_CM_001</td>
</tr>
</tbody>
</table>
<ul class='collapsible node-list' data-collapsible='accordion'>
</ul>
</div>
</div>
</li>
<li class='collection-item test displayed active pass ' extentid='2c3cf694-1949-4e5d-ab0c-385eb9e18d09'>
<div class='test-head'>
<span class='test-name'>TC_CM_001-Android </span>
<span class='test-status label right outline capitalize pass'>pass</span>
<span class='category-assigned hide  cm-app-android'></span>
</div>
<div class='test-body'>
<div class='test-info'>
<span title='Test started time' alt='Test started time' class='test-started-time label green lighten-1 text-white'>2016-05-16 15:25:07</span>
<span title='Test ended time' alt='Test ended time' class='test-ended-time label red lighten-1 text-white'>2016-05-16 15:26:49</span>
<span title='Time taken to finish' alt='Time taken to finish' class='test-time-taken label blue-grey lighten-3 text-white'>0h 1m 42s+0ms</span>
</div>
<div class='test-desc'>Verify mandatory fields and navigate to step 2</div>
<div class='test-attributes'>
<div class='categories'>
<span class='category text-white'>CM-APP-Android</span>
</div>
</div>
<div class='test-steps'>
<table class='bordered table-results'>
<thead>
<tr>
<th>Status</th>
<th>Timestamp</th>
<th>Details</th>
</tr>
</thead>
<tbody>
<tr>
<td class='status info' title='info' alt='info'><i class='mdi-action-info-outline'></i></td>
<td class='timestamp'>15:25:18</td>
<td class='step-details'>Verify mandatory fields and navigate to step 2</td>
</tr>
<tr>
<td class='status info' title='info' alt='info'><i class='mdi-action-info-outline'></i></td>
<td class='timestamp'>15:25:49</td>
<td class='step-details'>Date of Birth field is mandatory.</td>
</tr>
<tr>
<td class='status info' title='info' alt='info'><i class='mdi-action-info-outline'></i></td>
<td class='timestamp'>15:25:57</td>
<td class='step-details'>Email field is mandatory.</td>
</tr>
<tr>
<td class='status info' title='info' alt='info'><i class='mdi-action-info-outline'></i></td>
<td class='timestamp'>15:26:06</td>
<td class='step-details'>Password field is mandatory.</td>
</tr>
<tr>
<td class='status info' title='info' alt='info'><i class='mdi-action-info-outline'></i></td>
<td class='timestamp'>15:26:15</td>
<td class='step-details'>Mobile Number field is mandatory.</td>
</tr>
<tr>
<td class='status info' title='info' alt='info'><i class='mdi-action-info-outline'></i></td>
<td class='timestamp'>15:26:24</td>
<td class='step-details'>Religion field is mandatory.</td>
</tr>
<tr>
<td class='status info' title='info' alt='info'><i class='mdi-action-info-outline'></i></td>
<td class='timestamp'>15:26:37</td>
<td class='step-details'>Subcaste field is mandatory.</td>
</tr>
<tr>
<td class='status info' title='info' alt='info'><i class='mdi-action-info-outline'></i></td>
<td class='timestamp'>15:26:43</td>
<td class='step-details'>Mother Tongue field is mandatory.</td>
</tr>
<tr>
<td class='status info' title='info' alt='info'><i class='mdi-action-info-outline'></i></td>
<td class='timestamp'>15:26:49</td>
<td class='step-details'><span style="color:green"><b>Verify mandatory fields and navigate to step 2-PASS</b></span></td>
</tr>
<tr>
<td class='status pass' title='pass' alt='pass'><i class='mdi-action-check-circle'></i></td>
<td class='timestamp'>15:26:49</td>
<td class='step-details'>TC_CM_001</td>
</tr>
</tbody>
</table>
<ul class='collapsible node-list' data-collapsible='accordion'>
</ul>
</div>
</div>
</li>
<li class='collection-item test displayed active fail ' extentid='8583f9c5-2b94-4306-9b44-48a7571fd7e6'>
<div class='test-head'>
<span class='test-name'>TC_CM_002-Android </span>
<span class='test-status label right outline capitalize fail'>fail</span>
<span class='category-assigned hide  cm-app-android'></span>
</div>
<div class='test-body'>
<div class='test-info'>
<span title='Test started time' alt='Test started time' class='test-started-time label green lighten-1 text-white'>2016-05-16 15:18:34</span>
<span title='Test ended time' alt='Test ended time' class='test-ended-time label red lighten-1 text-white'>2016-05-16 15:20:23</span>
<span title='Time taken to finish' alt='Time taken to finish' class='test-time-taken label blue-grey lighten-3 text-white'>0h 1m 49s+0ms</span>
</div>
<div class='test-desc'>Verify logged in user and search a profile</div>
<div class='test-attributes'>
<div class='categories'>
<span class='category text-white'>CM-APP-Android</span>
</div>
</div>
<div class='test-steps'>
<table class='bordered table-results'>
<thead>
<tr>
<th>Status</th>
<th>Timestamp</th>
<th>Details</th>
</tr>
</thead>
<tbody>
<tr>
<td class='status info' title='info' alt='info'><i class='mdi-action-info-outline'></i></td>
<td class='timestamp'>15:18:34</td>
<td class='step-details'>Verify logged in user and search a profile</td>
</tr>
<tr>
<td class='status info' title='info' alt='info'><i class='mdi-action-info-outline'></i></td>
<td class='timestamp'>15:18:53</td>
<td class='step-details'>User is able to login successfully.</td>
</tr>
<tr>
<td class='status error' title='error' alt='error'><i class='mdi-alert-error'></i></td>
<td class='timestamp'>15:20:23</td>
<td class='step-details'><pre>org.openqa.selenium.NoSuchElementException: An element could not be located on the page using the given search parameters. (WARNING: The server did not provide any stacktrace information)
Command duration or timeout: 80.13 seconds
For documentation on this error, please visit: http://seleniumhq.org/exceptions/no_such_element.html
Build info: version: '2.53.0', revision: '35ae25b1534ae328c771e0856c93e187490ca824', time: '2016-03-15 10:43:46'
System info: host: 'DAMCO-PC', ip: '192.168.6.78', os.name: 'Windows 7', os.arch: 'amd64', os.version: '6.1', java.version: '1.7.0_79'
*** Element info: {Using=xpath, value=//android.widget.TextView[contains(@text,'Search by ID')]}
Session ID: 442321e4-be47-4dce-ace7-a862bdd667c1
Driver info: io.appium.java_client.android.AndroidDriver
Capabilities [{automationName=APPIUM, platform=ANDROID, app=D:\Nitin\mobile_automation\Workspace\VWO_APP\.\src\main\resources\App_APK\CommunityMatrimony_v2.10.2_apkpure.com.apk, javascriptEnabled=true, appActivity=com.community.matrimony.Splash, browserName=Android, networkConnectionEnabled=true, desired={automationName=APPIUM, app=D:\Nitin\mobile_automation\Workspace\VWO_APP\.\src\main\resources\App_APK\CommunityMatrimony_v2.10.2_apkpure.com.apk, platform=ANDROID, fullReset=true, deviceName=192.168.171.103:5555, platformName=Android, appActivity=com.community.matrimony.Splash, appPackage=com.community.matrimony, version=4.3}, locationContextEnabled=false, appPackage=com.community.matrimony, version=4.3, platformVersion=6.0, databaseEnabled=false, fullReset=true, deviceName=192.168.171.103:5555, platformName=Android, webStorageEnabled=false, warnings={}, takesScreenshot=true}]
at sun.reflect.NativeConstructorAccessorImpl.newInstance0(Native Method)
at sun.reflect.NativeConstructorAccessorImpl.newInstance(NativeConstructorAccessorImpl.java:57)
at sun.reflect.DelegatingConstructorAccessorImpl.newInstance(DelegatingConstructorAccessorImpl.java:45)
at java.lang.reflect.Constructor.newInstance(Constructor.java:526)
at org.openqa.selenium.remote.ErrorHandler.createThrowable(ErrorHandler.java:206)
at org.openqa.selenium.remote.ErrorHandler.throwIfResponseFailed(ErrorHandler.java:158)
at org.openqa.selenium.remote.RemoteWebDriver.execute(RemoteWebDriver.java:678)
at io.appium.java_client.DefaultGenericMobileDriver.execute(DefaultGenericMobileDriver.java:43)
at io.appium.java_client.AppiumDriver.execute(AppiumDriver.java:1)
at io.appium.java_client.android.AndroidDriver.execute(AndroidDriver.java:1)
at org.openqa.selenium.remote.RemoteWebDriver.findElement(RemoteWebDriver.java:363)
at org.openqa.selenium.remote.RemoteWebDriver.findElementByXPath(RemoteWebDriver.java:500)
at io.appium.java_client.DefaultGenericMobileDriver.findElementByXPath(DefaultGenericMobileDriver.java:129)
at io.appium.java_client.AppiumDriver.findElementByXPath(AppiumDriver.java:1)
at io.appium.java_client.android.AndroidDriver.findElementByXPath(AndroidDriver.java:1)
at org.openqa.selenium.By$ByXPath.findElement(By.java:361)
at org.openqa.selenium.remote.RemoteWebDriver.findElement(RemoteWebDriver.java:355)
at io.appium.java_client.DefaultGenericMobileDriver.findElement(DefaultGenericMobileDriver.java:51)
at io.appium.java_client.AppiumDriver.findElement(AppiumDriver.java:1)
at io.appium.java_client.android.AndroidDriver.findElement(AndroidDriver.java:1)
at TestingXperts.vwo.tests.TC_CM_002.test_TC_CM_002(TC_CM_002.java:117)
at sun.reflect.NativeMethodAccessorImpl.invoke0(Native Method)
at sun.reflect.NativeMethodAccessorImpl.invoke(NativeMethodAccessorImpl.java:57)
at sun.reflect.DelegatingMethodAccessorImpl.invoke(DelegatingMethodAccessorImpl.java:43)
at java.lang.reflect.Method.invoke(Method.java:606)
at org.testng.internal.MethodInvocationHelper.invokeMethod(MethodInvocationHelper.java:86)
at org.testng.internal.Invoker.invokeMethod(Invoker.java:643)
at org.testng.internal.Invoker.invokeTestMethod(Invoker.java:820)
at org.testng.internal.Invoker.invokeTestMethods(Invoker.java:1128)
at org.testng.internal.TestMethodWorker.invokeTestMethods(TestMethodWorker.java:129)
at org.testng.internal.TestMethodWorker.run(TestMethodWorker.java:112)
at org.testng.TestRunner.privateRun(TestRunner.java:782)
at org.testng.TestRunner.run(TestRunner.java:632)
at org.testng.SuiteRunner.runTest(SuiteRunner.java:366)
at org.testng.SuiteRunner.runSequentially(SuiteRunner.java:361)
at org.testng.SuiteRunner.privateRun(SuiteRunner.java:319)
at org.testng.SuiteRunner.run(SuiteRunner.java:268)
at org.testng.SuiteRunnerWorker.runSuite(SuiteRunnerWorker.java:52)
at org.testng.SuiteRunnerWorker.run(SuiteRunnerWorker.java:86)
at org.testng.TestNG.runSuitesSequentially(TestNG.java:1244)
at org.testng.TestNG.runSuitesLocally(TestNG.java:1169)
at org.testng.TestNG.run(TestNG.java:1064)
at org.testng.remote.AbstractRemoteTestNG.run(AbstractRemoteTestNG.java:126)
at org.testng.remote.RemoteTestNG.initAndRun(RemoteTestNG.java:137)
at org.testng.remote.RemoteTestNG.main(RemoteTestNG.java:58)
</pre></td>
</tr>
<tr>
<td class='status fail' title='fail' alt='fail'><i class='mdi-navigation-cancel'></i></td>
<td class='timestamp'>15:20:23</td>
<td class='step-details'><img class="report-img" data-featherlight="file:///D:\Nitin\mobile_automation\Workspace\VWO_APP\ExecutionReports\FailedScreenshots\TC_CM_002.jpg" src="file:///D:\Nitin\mobile_automation\Workspace\VWO_APP\ExecutionReports\FailedScreenshots\TC_CM_002.jpg"></td>
</tr>
<tr>
<td class='status fail' title='fail' alt='fail'><i class='mdi-navigation-cancel'></i></td>
<td class='timestamp'>15:20:23</td>
<td class='step-details'>TC_CM_002</td>
</tr>
</tbody>
</table>
<ul class='collapsible node-list' data-collapsible='accordion'>
</ul>
</div>
</div>
</li>
<li class='collection-item test displayed active pass ' extentid='ffc75aa4-ebfb-43db-b3c6-692c93acee61'>
<div class='test-head'>
<span class='test-name'>TC_CM_001-Android </span>
<span class='test-status label right outline capitalize pass'>pass</span>
<span class='category-assigned hide  cm-app-android'></span>
</div>
<div class='test-body'>
<div class='test-info'>
<span title='Test started time' alt='Test started time' class='test-started-time label green lighten-1 text-white'>2016-05-16 15:16:52</span>
<span title='Test ended time' alt='Test ended time' class='test-ended-time label red lighten-1 text-white'>2016-05-16 15:18:34</span>
<span title='Time taken to finish' alt='Time taken to finish' class='test-time-taken label blue-grey lighten-3 text-white'>0h 1m 42s+0ms</span>
</div>
<div class='test-desc'>Verify mandatory fields and navigate to step 2</div>
<div class='test-attributes'>
<div class='categories'>
<span class='category text-white'>CM-APP-Android</span>
</div>
</div>
<div class='test-steps'>
<table class='bordered table-results'>
<thead>
<tr>
<th>Status</th>
<th>Timestamp</th>
<th>Details</th>
</tr>
</thead>
<tbody>
<tr>
<td class='status info' title='info' alt='info'><i class='mdi-action-info-outline'></i></td>
<td class='timestamp'>15:17:03</td>
<td class='step-details'>Verify mandatory fields and navigate to step 2</td>
</tr>
<tr>
<td class='status info' title='info' alt='info'><i class='mdi-action-info-outline'></i></td>
<td class='timestamp'>15:17:33</td>
<td class='step-details'>Date of Birth field is mandatory.</td>
</tr>
<tr>
<td class='status info' title='info' alt='info'><i class='mdi-action-info-outline'></i></td>
<td class='timestamp'>15:17:41</td>
<td class='step-details'>Email field is mandatory.</td>
</tr>
<tr>
<td class='status info' title='info' alt='info'><i class='mdi-action-info-outline'></i></td>
<td class='timestamp'>15:17:51</td>
<td class='step-details'>Password field is mandatory.</td>
</tr>
<tr>
<td class='status info' title='info' alt='info'><i class='mdi-action-info-outline'></i></td>
<td class='timestamp'>15:18:00</td>
<td class='step-details'>Mobile Number field is mandatory.</td>
</tr>
<tr>
<td class='status info' title='info' alt='info'><i class='mdi-action-info-outline'></i></td>
<td class='timestamp'>15:18:09</td>
<td class='step-details'>Religion field is mandatory.</td>
</tr>
<tr>
<td class='status info' title='info' alt='info'><i class='mdi-action-info-outline'></i></td>
<td class='timestamp'>15:18:23</td>
<td class='step-details'>Subcaste field is mandatory.</td>
</tr>
<tr>
<td class='status info' title='info' alt='info'><i class='mdi-action-info-outline'></i></td>
<td class='timestamp'>15:18:29</td>
<td class='step-details'>Mother Tongue field is mandatory.</td>
</tr>
<tr>
<td class='status info' title='info' alt='info'><i class='mdi-action-info-outline'></i></td>
<td class='timestamp'>15:18:34</td>
<td class='step-details'><span style="color:green"><b>Verify mandatory fields and navigate to step 2-PASS</b></span></td>
</tr>
<tr>
<td class='status pass' title='pass' alt='pass'><i class='mdi-action-check-circle'></i></td>
<td class='timestamp'>15:18:34</td>
<td class='step-details'>TC_CM_001</td>
</tr>
</tbody>
</table>
<ul class='collapsible node-list' data-collapsible='accordion'>
</ul>
</div>
</div>
</li>
<li class='collection-item test displayed active pass ' extentid='b77224b4-b3d1-4671-a7be-7459063ab5d9'>
<div class='test-head'>
<span class='test-name'>TC_CM_001-Android </span>
<span class='test-status label right outline capitalize pass'>pass</span>
<span class='category-assigned hide  cm-app-android'></span>
</div>
<div class='test-body'>
<div class='test-info'>
<span title='Test started time' alt='Test started time' class='test-started-time label green lighten-1 text-white'>2016-05-16 15:13:28</span>
<span title='Test ended time' alt='Test ended time' class='test-ended-time label red lighten-1 text-white'>2016-05-16 15:15:10</span>
<span title='Time taken to finish' alt='Time taken to finish' class='test-time-taken label blue-grey lighten-3 text-white'>0h 1m 42s+0ms</span>
</div>
<div class='test-desc'>Verify mandatory fields and navigate to step 2</div>
<div class='test-attributes'>
<div class='categories'>
<span class='category text-white'>CM-APP-Android</span>
</div>
</div>
<div class='test-steps'>
<table class='bordered table-results'>
<thead>
<tr>
<th>Status</th>
<th>Timestamp</th>
<th>Details</th>
</tr>
</thead>
<tbody>
<tr>
<td class='status info' title='info' alt='info'><i class='mdi-action-info-outline'></i></td>
<td class='timestamp'>15:13:40</td>
<td class='step-details'>Verify mandatory fields and navigate to step 2</td>
</tr>
<tr>
<td class='status info' title='info' alt='info'><i class='mdi-action-info-outline'></i></td>
<td class='timestamp'>15:14:10</td>
<td class='step-details'>Date of Birth field is mandatory.</td>
</tr>
<tr>
<td class='status info' title='info' alt='info'><i class='mdi-action-info-outline'></i></td>
<td class='timestamp'>15:14:18</td>
<td class='step-details'>Email field is mandatory.</td>
</tr>
<tr>
<td class='status info' title='info' alt='info'><i class='mdi-action-info-outline'></i></td>
<td class='timestamp'>15:14:27</td>
<td class='step-details'>Password field is mandatory.</td>
</tr>
<tr>
<td class='status info' title='info' alt='info'><i class='mdi-action-info-outline'></i></td>
<td class='timestamp'>15:14:36</td>
<td class='step-details'>Mobile Number field is mandatory.</td>
</tr>
<tr>
<td class='status info' title='info' alt='info'><i class='mdi-action-info-outline'></i></td>
<td class='timestamp'>15:14:45</td>
<td class='step-details'>Religion field is mandatory.</td>
</tr>
<tr>
<td class='status info' title='info' alt='info'><i class='mdi-action-info-outline'></i></td>
<td class='timestamp'>15:14:58</td>
<td class='step-details'>Subcaste field is mandatory.</td>
</tr>
<tr>
<td class='status info' title='info' alt='info'><i class='mdi-action-info-outline'></i></td>
<td class='timestamp'>15:15:04</td>
<td class='step-details'>Mother Tongue field is mandatory.</td>
</tr>
<tr>
<td class='status info' title='info' alt='info'><i class='mdi-action-info-outline'></i></td>
<td class='timestamp'>15:15:10</td>
<td class='step-details'><span style="color:green"><b>Verify mandatory fields and navigate to step 2-PASS</b></span></td>
</tr>
<tr>
<td class='status pass' title='pass' alt='pass'><i class='mdi-action-check-circle'></i></td>
<td class='timestamp'>15:15:10</td>
<td class='step-details'>TC_CM_001</td>
</tr>
</tbody>
</table>
<ul class='collapsible node-list' data-collapsible='accordion'>
</ul>
</div>
</div>
</li>
<li class='collection-item test displayed active fail ' extentid='0e6b133d-3970-4add-b5c9-1ef18abaab6f'>
<div class='test-head'>
<span class='test-name'>TC_CM_002-Android </span>
<span class='test-status label right outline capitalize fail'>fail</span>
<span class='category-assigned hide  cm-app-android'></span>
</div>
<div class='test-body'>
<div class='test-info'>
<span title='Test started time' alt='Test started time' class='test-started-time label green lighten-1 text-white'>2016-05-16 15:15:11</span>
<span title='Test ended time' alt='Test ended time' class='test-ended-time label red lighten-1 text-white'>2016-05-16 15:15:59</span>
<span title='Time taken to finish' alt='Time taken to finish' class='test-time-taken label blue-grey lighten-3 text-white'>0h 0m 48s+0ms</span>
</div>
<div class='test-desc'>Verify logged in user and search a profile</div>
<div class='test-attributes'>
<div class='categories'>
<span class='category text-white'>CM-APP-Android</span>
</div>
</div>
<div class='test-steps'>
<table class='bordered table-results'>
<thead>
<tr>
<th>Status</th>
<th>Timestamp</th>
<th>Details</th>
</tr>
</thead>
<tbody>
<tr>
<td class='status info' title='info' alt='info'><i class='mdi-action-info-outline'></i></td>
<td class='timestamp'>15:15:11</td>
<td class='step-details'>Verify logged in user and search a profile</td>
</tr>
<tr>
<td class='status info' title='info' alt='info'><i class='mdi-action-info-outline'></i></td>
<td class='timestamp'>15:15:30</td>
<td class='step-details'>User is able to login successfully.</td>
</tr>
<tr>
<td class='status error' title='error' alt='error'><i class='mdi-alert-error'></i></td>
<td class='timestamp'>15:15:59</td>
<td class='step-details'><pre>org.openqa.selenium.NoSuchElementException: An element could not be located on the page using the given search parameters. (WARNING: The server did not provide any stacktrace information)
Command duration or timeout: 20.04 seconds
For documentation on this error, please visit: http://seleniumhq.org/exceptions/no_such_element.html
Build info: version: '2.53.0', revision: '35ae25b1534ae328c771e0856c93e187490ca824', time: '2016-03-15 10:43:46'
System info: host: 'DAMCO-PC', ip: '192.168.6.78', os.name: 'Windows 7', os.arch: 'amd64', os.version: '6.1', java.version: '1.7.0_79'
*** Element info: {Using=xpath, value=//android.widget.TextView[contains(@text,'Search by ID')]}
Session ID: 459893bc-8acb-4f75-a645-500d0d301bda
Driver info: io.appium.java_client.android.AndroidDriver
Capabilities [{automationName=APPIUM, platform=ANDROID, app=D:\Nitin\mobile_automation\Workspace\VWO_APP\.\src\main\resources\App_APK\CommunityMatrimony_v2.10.2_apkpure.com.apk, javascriptEnabled=true, appActivity=com.community.matrimony.Splash, browserName=Android, networkConnectionEnabled=true, desired={automationName=APPIUM, app=D:\Nitin\mobile_automation\Workspace\VWO_APP\.\src\main\resources\App_APK\CommunityMatrimony_v2.10.2_apkpure.com.apk, platform=ANDROID, fullReset=true, deviceName=192.168.171.103:5555, platformName=Android, appActivity=com.community.matrimony.Splash, appPackage=com.community.matrimony, version=4.3}, locationContextEnabled=false, appPackage=com.community.matrimony, version=4.3, platformVersion=6.0, databaseEnabled=false, fullReset=true, deviceName=192.168.171.103:5555, platformName=Android, webStorageEnabled=false, warnings={}, takesScreenshot=true}]
at sun.reflect.NativeConstructorAccessorImpl.newInstance0(Native Method)
at sun.reflect.NativeConstructorAccessorImpl.newInstance(NativeConstructorAccessorImpl.java:57)
at sun.reflect.DelegatingConstructorAccessorImpl.newInstance(DelegatingConstructorAccessorImpl.java:45)
at java.lang.reflect.Constructor.newInstance(Constructor.java:526)
at org.openqa.selenium.remote.ErrorHandler.createThrowable(ErrorHandler.java:206)
at org.openqa.selenium.remote.ErrorHandler.throwIfResponseFailed(ErrorHandler.java:158)
at org.openqa.selenium.remote.RemoteWebDriver.execute(RemoteWebDriver.java:678)
at io.appium.java_client.DefaultGenericMobileDriver.execute(DefaultGenericMobileDriver.java:43)
at io.appium.java_client.AppiumDriver.execute(AppiumDriver.java:1)
at io.appium.java_client.android.AndroidDriver.execute(AndroidDriver.java:1)
at org.openqa.selenium.remote.RemoteWebDriver.findElement(RemoteWebDriver.java:363)
at org.openqa.selenium.remote.RemoteWebDriver.findElementByXPath(RemoteWebDriver.java:500)
at io.appium.java_client.DefaultGenericMobileDriver.findElementByXPath(DefaultGenericMobileDriver.java:129)
at io.appium.java_client.AppiumDriver.findElementByXPath(AppiumDriver.java:1)
at io.appium.java_client.android.AndroidDriver.findElementByXPath(AndroidDriver.java:1)
at org.openqa.selenium.By$ByXPath.findElement(By.java:361)
at org.openqa.selenium.remote.RemoteWebDriver.findElement(RemoteWebDriver.java:355)
at io.appium.java_client.DefaultGenericMobileDriver.findElement(DefaultGenericMobileDriver.java:51)
at io.appium.java_client.AppiumDriver.findElement(AppiumDriver.java:1)
at io.appium.java_client.android.AndroidDriver.findElement(AndroidDriver.java:1)
at TestingXperts.vwo.tests.TC_CM_002.test_TC_CM_002(TC_CM_002.java:117)
at sun.reflect.NativeMethodAccessorImpl.invoke0(Native Method)
at sun.reflect.NativeMethodAccessorImpl.invoke(NativeMethodAccessorImpl.java:57)
at sun.reflect.DelegatingMethodAccessorImpl.invoke(DelegatingMethodAccessorImpl.java:43)
at java.lang.reflect.Method.invoke(Method.java:606)
at org.testng.internal.MethodInvocationHelper.invokeMethod(MethodInvocationHelper.java:86)
at org.testng.internal.Invoker.invokeMethod(Invoker.java:643)
at org.testng.internal.Invoker.invokeTestMethod(Invoker.java:820)
at org.testng.internal.Invoker.invokeTestMethods(Invoker.java:1128)
at org.testng.internal.TestMethodWorker.invokeTestMethods(TestMethodWorker.java:129)
at org.testng.internal.TestMethodWorker.run(TestMethodWorker.java:112)
at org.testng.TestRunner.privateRun(TestRunner.java:782)
at org.testng.TestRunner.run(TestRunner.java:632)
at org.testng.SuiteRunner.runTest(SuiteRunner.java:366)
at org.testng.SuiteRunner.runSequentially(SuiteRunner.java:361)
at org.testng.SuiteRunner.privateRun(SuiteRunner.java:319)
at org.testng.SuiteRunner.run(SuiteRunner.java:268)
at org.testng.SuiteRunnerWorker.runSuite(SuiteRunnerWorker.java:52)
at org.testng.SuiteRunnerWorker.run(SuiteRunnerWorker.java:86)
at org.testng.TestNG.runSuitesSequentially(TestNG.java:1244)
at org.testng.TestNG.runSuitesLocally(TestNG.java:1169)
at org.testng.TestNG.run(TestNG.java:1064)
at org.testng.remote.AbstractRemoteTestNG.run(AbstractRemoteTestNG.java:126)
at org.testng.remote.RemoteTestNG.initAndRun(RemoteTestNG.java:137)
at org.testng.remote.RemoteTestNG.main(RemoteTestNG.java:58)
</pre></td>
</tr>
<tr>
<td class='status fail' title='fail' alt='fail'><i class='mdi-navigation-cancel'></i></td>
<td class='timestamp'>15:15:59</td>
<td class='step-details'><img class="report-img" data-featherlight="file:///D:\Nitin\mobile_automation\Workspace\VWO_APP\ExecutionReports\FailedScreenshots\TC_CM_002.jpg" src="file:///D:\Nitin\mobile_automation\Workspace\VWO_APP\ExecutionReports\FailedScreenshots\TC_CM_002.jpg"></td>
</tr>
<tr>
<td class='status fail' title='fail' alt='fail'><i class='mdi-navigation-cancel'></i></td>
<td class='timestamp'>15:15:59</td>
<td class='step-details'>TC_CM_002</td>
</tr>
</tbody>
</table>
<ul class='collapsible node-list' data-collapsible='accordion'>
</ul>
</div>
</div>
</li>
<li class='collection-item test displayed active pass ' extentid='82eb1d6b-b012-4032-8876-8cefce4a5711'>
<div class='test-head'>
<span class='test-name'>TC_CM_001-Android </span>
<span class='test-status label right outline capitalize pass'>pass</span>
<span class='category-assigned hide  cm-app-android'></span>
</div>
<div class='test-body'>
<div class='test-info'>
<span title='Test started time' alt='Test started time' class='test-started-time label green lighten-1 text-white'>2016-05-16 15:21:11</span>
<span title='Test ended time' alt='Test ended time' class='test-ended-time label red lighten-1 text-white'>2016-05-16 15:22:52</span>
<span title='Time taken to finish' alt='Time taken to finish' class='test-time-taken label blue-grey lighten-3 text-white'>0h 1m 41s+0ms</span>
</div>
<div class='test-desc'>Verify mandatory fields and navigate to step 2</div>
<div class='test-attributes'>
<div class='categories'>
<span class='category text-white'>CM-APP-Android</span>
</div>
</div>
<div class='test-steps'>
<table class='bordered table-results'>
<thead>
<tr>
<th>Status</th>
<th>Timestamp</th>
<th>Details</th>
</tr>
</thead>
<tbody>
<tr>
<td class='status info' title='info' alt='info'><i class='mdi-action-info-outline'></i></td>
<td class='timestamp'>15:21:22</td>
<td class='step-details'>Verify mandatory fields and navigate to step 2</td>
</tr>
<tr>
<td class='status info' title='info' alt='info'><i class='mdi-action-info-outline'></i></td>
<td class='timestamp'>15:21:52</td>
<td class='step-details'>Date of Birth field is mandatory.</td>
</tr>
<tr>
<td class='status info' title='info' alt='info'><i class='mdi-action-info-outline'></i></td>
<td class='timestamp'>15:22:01</td>
<td class='step-details'>Email field is mandatory.</td>
</tr>
<tr>
<td class='status info' title='info' alt='info'><i class='mdi-action-info-outline'></i></td>
<td class='timestamp'>15:22:09</td>
<td class='step-details'>Password field is mandatory.</td>
</tr>
<tr>
<td class='status info' title='info' alt='info'><i class='mdi-action-info-outline'></i></td>
<td class='timestamp'>15:22:19</td>
<td class='step-details'>Mobile Number field is mandatory.</td>
</tr>
<tr>
<td class='status info' title='info' alt='info'><i class='mdi-action-info-outline'></i></td>
<td class='timestamp'>15:22:27</td>
<td class='step-details'>Religion field is mandatory.</td>
</tr>
<tr>
<td class='status info' title='info' alt='info'><i class='mdi-action-info-outline'></i></td>
<td class='timestamp'>15:22:40</td>
<td class='step-details'>Subcaste field is mandatory.</td>
</tr>
<tr>
<td class='status info' title='info' alt='info'><i class='mdi-action-info-outline'></i></td>
<td class='timestamp'>15:22:46</td>
<td class='step-details'>Mother Tongue field is mandatory.</td>
</tr>
<tr>
<td class='status info' title='info' alt='info'><i class='mdi-action-info-outline'></i></td>
<td class='timestamp'>15:22:52</td>
<td class='step-details'><span style="color:green"><b>Verify mandatory fields and navigate to step 2-PASS</b></span></td>
</tr>
<tr>
<td class='status pass' title='pass' alt='pass'><i class='mdi-action-check-circle'></i></td>
<td class='timestamp'>15:22:52</td>
<td class='step-details'>TC_CM_001</td>
</tr>
</tbody>
</table>
<ul class='collapsible node-list' data-collapsible='accordion'>
</ul>
</div>
</div>
</li>
<li class='collection-item test displayed active pass ' extentid='b0567001-3896-4ba0-ad53-050a9416b7f2'>
<div class='test-head'>
<span class='test-name'>TC_CM_001-Android </span>
<span class='test-status label right outline capitalize pass'>pass</span>
<span class='category-assigned hide  cm-app-android'></span>
</div>
<div class='test-body'>
<div class='test-info'>
<span title='Test started time' alt='Test started time' class='test-started-time label green lighten-1 text-white'>2016-05-16 16:46:29</span>
<span title='Test ended time' alt='Test ended time' class='test-ended-time label red lighten-1 text-white'>2016-05-16 16:48:14</span>
<span title='Time taken to finish' alt='Time taken to finish' class='test-time-taken label blue-grey lighten-3 text-white'>0h 1m 45s+0ms</span>
</div>
<div class='test-desc'>Verify mandatory fields and navigate to step 2</div>
<div class='test-attributes'>
<div class='categories'>
<span class='category text-white'>CM-APP-Android</span>
</div>
</div>
<div class='test-steps'>
<table class='bordered table-results'>
<thead>
<tr>
<th>Status</th>
<th>Timestamp</th>
<th>Details</th>
</tr>
</thead>
<tbody>
<tr>
<td class='status info' title='info' alt='info'><i class='mdi-action-info-outline'></i></td>
<td class='timestamp'>16:46:44</td>
<td class='step-details'>Verify mandatory fields and navigate to step 2</td>
</tr>
<tr>
<td class='status info' title='info' alt='info'><i class='mdi-action-info-outline'></i></td>
<td class='timestamp'>16:47:15</td>
<td class='step-details'>Date of Birth field is mandatory.</td>
</tr>
<tr>
<td class='status info' title='info' alt='info'><i class='mdi-action-info-outline'></i></td>
<td class='timestamp'>16:47:23</td>
<td class='step-details'>Email field is mandatory.</td>
</tr>
<tr>
<td class='status info' title='info' alt='info'><i class='mdi-action-info-outline'></i></td>
<td class='timestamp'>16:47:32</td>
<td class='step-details'>Password field is mandatory.</td>
</tr>
<tr>
<td class='status info' title='info' alt='info'><i class='mdi-action-info-outline'></i></td>
<td class='timestamp'>16:47:41</td>
<td class='step-details'>Mobile Number field is mandatory.</td>
</tr>
<tr>
<td class='status info' title='info' alt='info'><i class='mdi-action-info-outline'></i></td>
<td class='timestamp'>16:47:49</td>
<td class='step-details'>Religion field is mandatory.</td>
</tr>
<tr>
<td class='status info' title='info' alt='info'><i class='mdi-action-info-outline'></i></td>
<td class='timestamp'>16:48:03</td>
<td class='step-details'>Subcaste field is mandatory.</td>
</tr>
<tr>
<td class='status info' title='info' alt='info'><i class='mdi-action-info-outline'></i></td>
<td class='timestamp'>16:48:09</td>
<td class='step-details'>Mother Tongue field is mandatory.</td>
</tr>
<tr>
<td class='status info' title='info' alt='info'><i class='mdi-action-info-outline'></i></td>
<td class='timestamp'>16:48:14</td>
<td class='step-details'><span style="color:green"><b>Verify mandatory fields and navigate to step 2-PASS</b></span></td>
</tr>
<tr>
<td class='status pass' title='pass' alt='pass'><i class='mdi-action-check-circle'></i></td>
<td class='timestamp'>16:48:14</td>
<td class='step-details'>TC_CM_001</td>
</tr>
</tbody>
</table>
<ul class='collapsible node-list' data-collapsible='accordion'>
</ul>
</div>
</div>
</li>
<li class='collection-item test displayed active pass ' extentid='c09613e2-054d-4be5-a9bd-e4e0d1042c31'>
<div class='test-head'>
<span class='test-name'>TC_CM_002-Android </span>
<span class='test-status label right outline capitalize pass'>pass</span>
<span class='category-assigned hide  cm-app-android'></span>
</div>
<div class='test-body'>
<div class='test-info'>
<span title='Test started time' alt='Test started time' class='test-started-time label green lighten-1 text-white'>2016-05-16 16:48:15</span>
<span title='Test ended time' alt='Test ended time' class='test-ended-time label red lighten-1 text-white'>2016-05-16 16:51:02</span>
<span title='Time taken to finish' alt='Time taken to finish' class='test-time-taken label blue-grey lighten-3 text-white'>0h 2m 47s+0ms</span>
</div>
<div class='test-desc'>Verify logged in user and search a profile</div>
<div class='test-attributes'>
<div class='categories'>
<span class='category text-white'>CM-APP-Android</span>
</div>
</div>
<div class='test-steps'>
<table class='bordered table-results'>
<thead>
<tr>
<th>Status</th>
<th>Timestamp</th>
<th>Details</th>
</tr>
</thead>
<tbody>
<tr>
<td class='status info' title='info' alt='info'><i class='mdi-action-info-outline'></i></td>
<td class='timestamp'>16:48:15</td>
<td class='step-details'>Verify logged in user and search a profile</td>
</tr>
<tr>
<td class='status info' title='info' alt='info'><i class='mdi-action-info-outline'></i></td>
<td class='timestamp'>16:48:34</td>
<td class='step-details'>User is able to login successfully.</td>
</tr>
<tr>
<td class='status info' title='info' alt='info'><i class='mdi-action-info-outline'></i></td>
<td class='timestamp'>16:50:15</td>
<td class='step-details'>User is able to search match successfully.</td>
</tr>
<tr>
<td class='status info' title='info' alt='info'><i class='mdi-action-info-outline'></i></td>
<td class='timestamp'>16:50:19</td>
<td class='step-details'><span style="color:green"><b>Verify logged in user and search a profile-PASS</b></span></td>
</tr>
<tr>
<td class='status pass' title='pass' alt='pass'><i class='mdi-action-check-circle'></i></td>
<td class='timestamp'>16:51:02</td>
<td class='step-details'>TC_CM_002</td>
</tr>
</tbody>
</table>
<ul class='collapsible node-list' data-collapsible='accordion'>
</ul>
</div>
</div>
</li>
<li class='collection-item test displayed active pass ' extentid='19c2f23d-0071-4266-b79c-23f0d4ae3c74'>
<div class='test-head'>
<span class='test-name'>TC_CM_001-Android </span>
<span class='test-status label right outline capitalize pass'>pass</span>
<span class='category-assigned hide  cm-app-android'></span>
</div>
<div class='test-body'>
<div class='test-info'>
<span title='Test started time' alt='Test started time' class='test-started-time label green lighten-1 text-white'>2016-05-16 17:07:56</span>
<span title='Test ended time' alt='Test ended time' class='test-ended-time label red lighten-1 text-white'>2016-05-16 17:08:09</span>
<span title='Time taken to finish' alt='Time taken to finish' class='test-time-taken label blue-grey lighten-3 text-white'>0h 0m 13s+0ms</span>
</div>
<div class='test-desc'>Verify mandatory fields and navigate to step 2</div>
<div class='test-attributes'>
<div class='categories'>
<span class='category text-white'>CM-APP-Android</span>
</div>
</div>
<div class='test-steps'>
<table class='bordered table-results'>
<thead>
<tr>
<th>Status</th>
<th>Timestamp</th>
<th>Details</th>
</tr>
</thead>
<tbody>
<tr>
<td class='status info' title='info' alt='info'><i class='mdi-action-info-outline'></i></td>
<td class='timestamp'>17:08:06</td>
<td class='step-details'>Verify mandatory fields and navigate to step 2</td>
</tr>
<tr>
<td class='status pass' title='pass' alt='pass'><i class='mdi-action-check-circle'></i></td>
<td class='timestamp'>17:08:09</td>
<td class='step-details'>TC_CM_001</td>
</tr>
</tbody>
</table>
<ul class='collapsible node-list' data-collapsible='accordion'>
</ul>
</div>
</div>
</li>
<li class='collection-item test displayed active pass ' extentid='404411c4-6f41-4db3-a3cf-228304fb38cd'>
<div class='test-head'>
<span class='test-name'>TC_CM_002-Android </span>
<span class='test-status label right outline capitalize pass'>pass</span>
<span class='category-assigned hide  cm-app-android'></span>
</div>
<div class='test-body'>
<div class='test-info'>
<span title='Test started time' alt='Test started time' class='test-started-time label green lighten-1 text-white'>2016-05-16 17:08:09</span>
<span title='Test ended time' alt='Test ended time' class='test-ended-time label red lighten-1 text-white'>2016-05-16 17:10:58</span>
<span title='Time taken to finish' alt='Time taken to finish' class='test-time-taken label blue-grey lighten-3 text-white'>0h 2m 49s+0ms</span>
</div>
<div class='test-desc'>Verify logged in user and search a profile</div>
<div class='test-attributes'>
<div class='categories'>
<span class='category text-white'>CM-APP-Android</span>
</div>
</div>
<div class='test-steps'>
<table class='bordered table-results'>
<thead>
<tr>
<th>Status</th>
<th>Timestamp</th>
<th>Details</th>
</tr>
</thead>
<tbody>
<tr>
<td class='status info' title='info' alt='info'><i class='mdi-action-info-outline'></i></td>
<td class='timestamp'>17:08:09</td>
<td class='step-details'>Verify logged in user and search a profile</td>
</tr>
<tr>
<td class='status info' title='info' alt='info'><i class='mdi-action-info-outline'></i></td>
<td class='timestamp'>17:08:28</td>
<td class='step-details'>User is able to login successfully.</td>
</tr>
<tr>
<td class='status info' title='info' alt='info'><i class='mdi-action-info-outline'></i></td>
<td class='timestamp'>17:09:45</td>
<td class='step-details'>User is able to search match successfully.</td>
</tr>
<tr>
<td class='status info' title='info' alt='info'><i class='mdi-action-info-outline'></i></td>
<td class='timestamp'>17:09:45</td>
<td class='step-details'><span style="color:green"><b>Verify logged in user and search a profile-PASS</b></span></td>
</tr>
<tr>
<td class='status pass' title='pass' alt='pass'><i class='mdi-action-check-circle'></i></td>
<td class='timestamp'>17:10:58</td>
<td class='step-details'>TC_CM_002</td>
</tr>
</tbody>
</table>
<ul class='collapsible node-list' data-collapsible='accordion'>
</ul>
</div>
</div>
</li>
<li class='collection-item test displayed active pass ' extentid='845fbce9-0ffb-4f64-95f9-0f50dcdbca25'>
<div class='test-head'>
<span class='test-name'>TC_CM_001-Android </span>
<span class='test-status label right outline capitalize pass'>pass</span>
<span class='category-assigned hide  cm-app-android'></span>
</div>
<div class='test-body'>
<div class='test-info'>
<span title='Test started time' alt='Test started time' class='test-started-time label green lighten-1 text-white'>2016-05-16 19:30:48</span>
<span title='Test ended time' alt='Test ended time' class='test-ended-time label red lighten-1 text-white'>2016-05-16 19:32:27</span>
<span title='Time taken to finish' alt='Time taken to finish' class='test-time-taken label blue-grey lighten-3 text-white'>0h 1m 39s+0ms</span>
</div>
<div class='test-desc'>Verify mandatory fields and navigate to step 2</div>
<div class='test-attributes'>
<div class='categories'>
<span class='category text-white'>CM-APP-Android</span>
</div>
</div>
<div class='test-steps'>
<table class='bordered table-results'>
<thead>
<tr>
<th>Status</th>
<th>Timestamp</th>
<th>Details</th>
</tr>
</thead>
<tbody>
<tr>
<td class='status info' title='info' alt='info'><i class='mdi-action-info-outline'></i></td>
<td class='timestamp'>19:31:06</td>
<td class='step-details'>Verify mandatory fields and navigate to step 2</td>
</tr>
<tr>
<td class='status info' title='info' alt='info'><i class='mdi-action-info-outline'></i></td>
<td class='timestamp'>19:31:32</td>
<td class='step-details'>Date of Birth field is mandatory.</td>
</tr>
<tr>
<td class='status info' title='info' alt='info'><i class='mdi-action-info-outline'></i></td>
<td class='timestamp'>19:31:41</td>
<td class='step-details'>Email field is mandatory.</td>
</tr>
<tr>
<td class='status info' title='info' alt='info'><i class='mdi-action-info-outline'></i></td>
<td class='timestamp'>19:31:49</td>
<td class='step-details'>Password field is mandatory.</td>
</tr>
<tr>
<td class='status info' title='info' alt='info'><i class='mdi-action-info-outline'></i></td>
<td class='timestamp'>19:31:58</td>
<td class='step-details'>Mobile Number field is mandatory.</td>
</tr>
<tr>
<td class='status info' title='info' alt='info'><i class='mdi-action-info-outline'></i></td>
<td class='timestamp'>19:32:06</td>
<td class='step-details'>Religion field is mandatory.</td>
</tr>
<tr>
<td class='status info' title='info' alt='info'><i class='mdi-action-info-outline'></i></td>
<td class='timestamp'>19:32:14</td>
<td class='step-details'>Subcaste field is mandatory.</td>
</tr>
<tr>
<td class='status info' title='info' alt='info'><i class='mdi-action-info-outline'></i></td>
<td class='timestamp'>19:32:20</td>
<td class='step-details'>Mother Tongue field is mandatory.</td>
</tr>
<tr>
<td class='status info' title='info' alt='info'><i class='mdi-action-info-outline'></i></td>
<td class='timestamp'>19:32:26</td>
<td class='step-details'><span style="color:green"><b>Verify mandatory fields and navigate to step 2-PASS</b></span></td>
</tr>
<tr>
<td class='status pass' title='pass' alt='pass'><i class='mdi-action-check-circle'></i></td>
<td class='timestamp'>19:32:27</td>
<td class='step-details'>TC_CM_001</td>
</tr>
</tbody>
</table>
<ul class='collapsible node-list' data-collapsible='accordion'>
</ul>
</div>
</div>
</li>
<li class='collection-item test displayed active fail ' extentid='d7803427-ddff-46e3-bcf0-5d53aa643f3b'>
<div class='test-head'>
<span class='test-name'>TC_CM_002-Android </span>
<span class='test-status label right outline capitalize fail'>fail</span>
<span class='category-assigned hide  cm-app-android'></span>
</div>
<div class='test-body'>
<div class='test-info'>
<span title='Test started time' alt='Test started time' class='test-started-time label green lighten-1 text-white'>2016-05-16 19:32:27</span>
<span title='Test ended time' alt='Test ended time' class='test-ended-time label red lighten-1 text-white'>2016-05-16 19:32:47</span>
<span title='Time taken to finish' alt='Time taken to finish' class='test-time-taken label blue-grey lighten-3 text-white'>0h 0m 20s+0ms</span>
</div>
<div class='test-desc'>Verify logged in user and search a profile</div>
<div class='test-attributes'>
<div class='categories'>
<span class='category text-white'>CM-APP-Android</span>
</div>
</div>
<div class='test-steps'>
<table class='bordered table-results'>
<thead>
<tr>
<th>Status</th>
<th>Timestamp</th>
<th>Details</th>
</tr>
</thead>
<tbody>
<tr>
<td class='status info' title='info' alt='info'><i class='mdi-action-info-outline'></i></td>
<td class='timestamp'>19:32:27</td>
<td class='step-details'>Verify logged in user and search a profile</td>
</tr>
<tr>
<td class='status info' title='info' alt='info'><i class='mdi-action-info-outline'></i></td>
<td class='timestamp'>19:32:45</td>
<td class='step-details'>User is able to login successfully.</td>
</tr>
<tr>
<td class='status error' title='error' alt='error'><i class='mdi-alert-error'></i></td>
<td class='timestamp'>19:32:47</td>
<td class='step-details'><pre>org.openqa.selenium.interactions.InvalidCoordinatesException: The coordinates provided to an interactions operation are invalid. (WARNING: The server did not provide any stacktrace information)
Command duration or timeout: 10 milliseconds
Build info: version: '2.53.0', revision: '35ae25b1534ae328c771e0856c93e187490ca824', time: '2016-03-15 10:43:46'
System info: host: 'DAMCO-PC', ip: '192.168.6.78', os.name: 'Windows 7', os.arch: 'amd64', os.version: '6.1', java.version: '1.7.0_79'
Session ID: bb87a36a-a7d5-4def-877f-b7ef7e9f76e5
Driver info: io.appium.java_client.android.AndroidDriver
Capabilities [{automationName=APPIUM, platform=ANDROID, app=D:\Nitin\mobile_automation\Workspace\VWO_APP\.\src\main\resources\App_APK\CommunityMatrimony_v2.10.2_apkpure.com.apk, javascriptEnabled=true, appActivity=com.community.matrimony.Splash, browserName=Android, networkConnectionEnabled=true, desired={automationName=APPIUM, app=D:\Nitin\mobile_automation\Workspace\VWO_APP\.\src\main\resources\App_APK\CommunityMatrimony_v2.10.2_apkpure.com.apk, platform=ANDROID, fullReset=true, deviceName=192.168.171.101:5555, platformName=Android, appActivity=com.community.matrimony.Splash, appPackage=com.community.matrimony, version=4.3}, locationContextEnabled=false, appPackage=com.community.matrimony, version=4.3, platformVersion=5.1, databaseEnabled=false, fullReset=true, deviceName=192.168.171.101:5555, platformName=Android, webStorageEnabled=false, warnings={}, takesScreenshot=true}]
at sun.reflect.NativeConstructorAccessorImpl.newInstance0(Native Method)
at sun.reflect.NativeConstructorAccessorImpl.newInstance(NativeConstructorAccessorImpl.java:57)
at sun.reflect.DelegatingConstructorAccessorImpl.newInstance(DelegatingConstructorAccessorImpl.java:45)
at java.lang.reflect.Constructor.newInstance(Constructor.java:526)
at org.openqa.selenium.remote.ErrorHandler.createThrowable(ErrorHandler.java:206)
at org.openqa.selenium.remote.ErrorHandler.throwIfResponseFailed(ErrorHandler.java:164)
at org.openqa.selenium.remote.RemoteWebDriver.execute(RemoteWebDriver.java:678)
at io.appium.java_client.DefaultGenericMobileDriver.execute(DefaultGenericMobileDriver.java:43)
at io.appium.java_client.AppiumDriver.execute(AppiumDriver.java:1)
at io.appium.java_client.android.AndroidDriver.execute(AndroidDriver.java:1)
at org.openqa.selenium.remote.RemoteWebDriver.executeScript(RemoteWebDriver.java:577)
at TestingXperts.vwo.tests.TC_CM_002.test_TC_CM_002(TC_CM_002.java:104)
at sun.reflect.NativeMethodAccessorImpl.invoke0(Native Method)
at sun.reflect.NativeMethodAccessorImpl.invoke(NativeMethodAccessorImpl.java:57)
at sun.reflect.DelegatingMethodAccessorImpl.invoke(DelegatingMethodAccessorImpl.java:43)
at java.lang.reflect.Method.invoke(Method.java:606)
at org.testng.internal.MethodInvocationHelper.invokeMethod(MethodInvocationHelper.java:86)
at org.testng.internal.Invoker.invokeMethod(Invoker.java:643)
at org.testng.internal.Invoker.invokeTestMethod(Invoker.java:820)
at org.testng.internal.Invoker.invokeTestMethods(Invoker.java:1128)
at org.testng.internal.TestMethodWorker.invokeTestMethods(TestMethodWorker.java:129)
at org.testng.internal.TestMethodWorker.run(TestMethodWorker.java:112)
at org.testng.TestRunner.privateRun(TestRunner.java:782)
at org.testng.TestRunner.run(TestRunner.java:632)
at org.testng.SuiteRunner.runTest(SuiteRunner.java:366)
at org.testng.SuiteRunner.runSequentially(SuiteRunner.java:361)
at org.testng.SuiteRunner.privateRun(SuiteRunner.java:319)
at org.testng.SuiteRunner.run(SuiteRunner.java:268)
at org.testng.SuiteRunnerWorker.runSuite(SuiteRunnerWorker.java:52)
at org.testng.SuiteRunnerWorker.run(SuiteRunnerWorker.java:86)
at org.testng.TestNG.runSuitesSequentially(TestNG.java:1244)
at org.testng.TestNG.runSuitesLocally(TestNG.java:1169)
at org.testng.TestNG.run(TestNG.java:1064)
at org.testng.remote.AbstractRemoteTestNG.run(AbstractRemoteTestNG.java:126)
at org.testng.remote.RemoteTestNG.initAndRun(RemoteTestNG.java:137)
at org.testng.remote.RemoteTestNG.main(RemoteTestNG.java:58)
</pre></td>
</tr>
<tr>
<td class='status fail' title='fail' alt='fail'><i class='mdi-navigation-cancel'></i></td>
<td class='timestamp'>19:32:47</td>
<td class='step-details'><img class="report-img" data-featherlight="file:///D:\Nitin\mobile_automation\Workspace\VWO_APP\ExecutionReports\FailedScreenshots\TC_CM_002.jpg" src="file:///D:\Nitin\mobile_automation\Workspace\VWO_APP\ExecutionReports\FailedScreenshots\TC_CM_002.jpg"></td>
</tr>
<tr>
<td class='status fail' title='fail' alt='fail'><i class='mdi-navigation-cancel'></i></td>
<td class='timestamp'>19:32:47</td>
<td class='step-details'>TC_CM_002</td>
</tr>
</tbody>
</table>
<ul class='collapsible node-list' data-collapsible='accordion'>
</ul>
</div>
</div>
</li>
<li class='collection-item test displayed active fail ' extentid='71ef1715-2013-4074-9f32-10d3e4b149b8'>
<div class='test-head'>
<span class='test-name'>TC_CM_003-Android </span>
<span class='test-status label right outline capitalize fail'>fail</span>
<span class='category-assigned hide  cm-app-android'></span>
</div>
<div class='test-body'>
<div class='test-info'>
<span title='Test started time' alt='Test started time' class='test-started-time label green lighten-1 text-white'>2016-05-16 19:32:47</span>
<span title='Test ended time' alt='Test ended time' class='test-ended-time label red lighten-1 text-white'>2016-05-16 19:34:18</span>
<span title='Time taken to finish' alt='Time taken to finish' class='test-time-taken label blue-grey lighten-3 text-white'>0h 1m 31s+0ms</span>
</div>
<div class='test-desc'>Verify search functionality</div>
<div class='test-attributes'>
<div class='categories'>
<span class='category text-white'>CM-APP-Android</span>
</div>
</div>
<div class='test-steps'>
<table class='bordered table-results'>
<thead>
<tr>
<th>Status</th>
<th>Timestamp</th>
<th>Details</th>
</tr>
</thead>
<tbody>
<tr>
<td class='status info' title='info' alt='info'><i class='mdi-action-info-outline'></i></td>
<td class='timestamp'>19:32:47</td>
<td class='step-details'>Verify search functionality</td>
</tr>
<tr>
<td class='status error' title='error' alt='error'><i class='mdi-alert-error'></i></td>
<td class='timestamp'>19:34:18</td>
<td class='step-details'><pre>org.openqa.selenium.NoSuchElementException: An element could not be located on the page using the given search parameters. (WARNING: The server did not provide any stacktrace information)
Command duration or timeout: 80.04 seconds
For documentation on this error, please visit: http://seleniumhq.org/exceptions/no_such_element.html
Build info: version: '2.53.0', revision: '35ae25b1534ae328c771e0856c93e187490ca824', time: '2016-03-15 10:43:46'
System info: host: 'DAMCO-PC', ip: '192.168.6.78', os.name: 'Windows 7', os.arch: 'amd64', os.version: '6.1', java.version: '1.7.0_79'
*** Element info: {Using=xpath, value=//android.widget.Button[contains(@text,'Register Free')]}
Session ID: bb87a36a-a7d5-4def-877f-b7ef7e9f76e5
Driver info: io.appium.java_client.android.AndroidDriver
Capabilities [{automationName=APPIUM, platform=ANDROID, app=D:\Nitin\mobile_automation\Workspace\VWO_APP\.\src\main\resources\App_APK\CommunityMatrimony_v2.10.2_apkpure.com.apk, javascriptEnabled=true, appActivity=com.community.matrimony.Splash, browserName=Android, networkConnectionEnabled=true, desired={automationName=APPIUM, app=D:\Nitin\mobile_automation\Workspace\VWO_APP\.\src\main\resources\App_APK\CommunityMatrimony_v2.10.2_apkpure.com.apk, platform=ANDROID, fullReset=true, deviceName=192.168.171.101:5555, platformName=Android, appActivity=com.community.matrimony.Splash, appPackage=com.community.matrimony, version=4.3}, locationContextEnabled=false, appPackage=com.community.matrimony, version=4.3, platformVersion=5.1, databaseEnabled=false, fullReset=true, deviceName=192.168.171.101:5555, platformName=Android, webStorageEnabled=false, warnings={}, takesScreenshot=true}]
at sun.reflect.NativeConstructorAccessorImpl.newInstance0(Native Method)
at sun.reflect.NativeConstructorAccessorImpl.newInstance(NativeConstructorAccessorImpl.java:57)
at sun.reflect.DelegatingConstructorAccessorImpl.newInstance(DelegatingConstructorAccessorImpl.java:45)
at java.lang.reflect.Constructor.newInstance(Constructor.java:526)
at org.openqa.selenium.remote.ErrorHandler.createThrowable(ErrorHandler.java:206)
at org.openqa.selenium.remote.ErrorHandler.throwIfResponseFailed(ErrorHandler.java:158)
at org.openqa.selenium.remote.RemoteWebDriver.execute(RemoteWebDriver.java:678)
at io.appium.java_client.DefaultGenericMobileDriver.execute(DefaultGenericMobileDriver.java:43)
at io.appium.java_client.AppiumDriver.execute(AppiumDriver.java:1)
at io.appium.java_client.android.AndroidDriver.execute(AndroidDriver.java:1)
at org.openqa.selenium.remote.RemoteWebDriver.findElement(RemoteWebDriver.java:363)
at org.openqa.selenium.remote.RemoteWebDriver.findElementByXPath(RemoteWebDriver.java:500)
at io.appium.java_client.DefaultGenericMobileDriver.findElementByXPath(DefaultGenericMobileDriver.java:129)
at io.appium.java_client.AppiumDriver.findElementByXPath(AppiumDriver.java:1)
at io.appium.java_client.android.AndroidDriver.findElementByXPath(AndroidDriver.java:1)
at org.openqa.selenium.By$ByXPath.findElement(By.java:361)
at org.openqa.selenium.remote.RemoteWebDriver.findElement(RemoteWebDriver.java:355)
at io.appium.java_client.DefaultGenericMobileDriver.findElement(DefaultGenericMobileDriver.java:51)
at io.appium.java_client.AppiumDriver.findElement(AppiumDriver.java:1)
at io.appium.java_client.android.AndroidDriver.findElement(AndroidDriver.java:1)
at TestingXperts.vwo.tests.TC_CM_003.test_TC_CM_003(TC_CM_003.java:76)
at sun.reflect.NativeMethodAccessorImpl.invoke0(Native Method)
at sun.reflect.NativeMethodAccessorImpl.invoke(NativeMethodAccessorImpl.java:57)
at sun.reflect.DelegatingMethodAccessorImpl.invoke(DelegatingMethodAccessorImpl.java:43)
at java.lang.reflect.Method.invoke(Method.java:606)
at org.testng.internal.MethodInvocationHelper.invokeMethod(MethodInvocationHelper.java:86)
at org.testng.internal.Invoker.invokeMethod(Invoker.java:643)
at org.testng.internal.Invoker.invokeTestMethod(Invoker.java:820)
at org.testng.internal.Invoker.invokeTestMethods(Invoker.java:1128)
at org.testng.internal.TestMethodWorker.invokeTestMethods(TestMethodWorker.java:129)
at org.testng.internal.TestMethodWorker.run(TestMethodWorker.java:112)
at org.testng.TestRunner.privateRun(TestRunner.java:782)
at org.testng.TestRunner.run(TestRunner.java:632)
at org.testng.SuiteRunner.runTest(SuiteRunner.java:366)
at org.testng.SuiteRunner.runSequentially(SuiteRunner.java:361)
at org.testng.SuiteRunner.privateRun(SuiteRunner.java:319)
at org.testng.SuiteRunner.run(SuiteRunner.java:268)
at org.testng.SuiteRunnerWorker.runSuite(SuiteRunnerWorker.java:52)
at org.testng.SuiteRunnerWorker.run(SuiteRunnerWorker.java:86)
at org.testng.TestNG.runSuitesSequentially(TestNG.java:1244)
at org.testng.TestNG.runSuitesLocally(TestNG.java:1169)
at org.testng.TestNG.run(TestNG.java:1064)
at org.testng.remote.AbstractRemoteTestNG.run(AbstractRemoteTestNG.java:126)
at org.testng.remote.RemoteTestNG.initAndRun(RemoteTestNG.java:137)
at org.testng.remote.RemoteTestNG.main(RemoteTestNG.java:58)
</pre></td>
</tr>
<tr>
<td class='status fail' title='fail' alt='fail'><i class='mdi-navigation-cancel'></i></td>
<td class='timestamp'>19:34:18</td>
<td class='step-details'><img class="report-img" data-featherlight="file:///D:\Nitin\mobile_automation\Workspace\VWO_APP\ExecutionReports\FailedScreenshots\TC_CM_003.jpg" src="file:///D:\Nitin\mobile_automation\Workspace\VWO_APP\ExecutionReports\FailedScreenshots\TC_CM_003.jpg"></td>
</tr>
<tr>
<td class='status fail' title='fail' alt='fail'><i class='mdi-navigation-cancel'></i></td>
<td class='timestamp'>19:34:18</td>
<td class='step-details'>TC_CM_003</td>
</tr>
</tbody>
</table>
<ul class='collapsible node-list' data-collapsible='accordion'>
</ul>
</div>
</div>
</li>
<li class='collection-item test displayed active fail ' extentid='cdd06d4a-9b5b-4676-a882-b28f5eab9893'>
<div class='test-head'>
<span class='test-name'>TC_CM_004-Android </span>
<span class='test-status label right outline capitalize fail'>fail</span>
<span class='category-assigned hide  cm-app-android'></span>
</div>
<div class='test-body'>
<div class='test-info'>
<span title='Test started time' alt='Test started time' class='test-started-time label green lighten-1 text-white'>2016-05-16 19:34:18</span>
<span title='Test ended time' alt='Test ended time' class='test-ended-time label red lighten-1 text-white'>2016-05-16 19:35:45</span>
<span title='Time taken to finish' alt='Time taken to finish' class='test-time-taken label blue-grey lighten-3 text-white'>0h 1m 27s+0ms</span>
</div>
<div class='test-desc'>Verify unregistered user is not able to login</div>
<div class='test-attributes'>
<div class='categories'>
<span class='category text-white'>CM-APP-Android</span>
</div>
</div>
<div class='test-steps'>
<table class='bordered table-results'>
<thead>
<tr>
<th>Status</th>
<th>Timestamp</th>
<th>Details</th>
</tr>
</thead>
<tbody>
<tr>
<td class='status info' title='info' alt='info'><i class='mdi-action-info-outline'></i></td>
<td class='timestamp'>19:34:18</td>
<td class='step-details'>Verify unregistered user is not able to login</td>
</tr>
<tr>
<td class='status error' title='error' alt='error'><i class='mdi-alert-error'></i></td>
<td class='timestamp'>19:35:45</td>
<td class='step-details'><pre>org.openqa.selenium.NoSuchElementException: An element could not be located on the page using the given search parameters. (WARNING: The server did not provide any stacktrace information)
Command duration or timeout: 80.27 seconds
For documentation on this error, please visit: http://seleniumhq.org/exceptions/no_such_element.html
Build info: version: '2.53.0', revision: '35ae25b1534ae328c771e0856c93e187490ca824', time: '2016-03-15 10:43:46'
System info: host: 'DAMCO-PC', ip: '192.168.6.78', os.name: 'Windows 7', os.arch: 'amd64', os.version: '6.1', java.version: '1.7.0_79'
*** Element info: {Using=xpath, value=//android.widget.Button[contains(@text,'Login')]}
Session ID: bb87a36a-a7d5-4def-877f-b7ef7e9f76e5
Driver info: io.appium.java_client.android.AndroidDriver
Capabilities [{automationName=APPIUM, platform=ANDROID, app=D:\Nitin\mobile_automation\Workspace\VWO_APP\.\src\main\resources\App_APK\CommunityMatrimony_v2.10.2_apkpure.com.apk, javascriptEnabled=true, appActivity=com.community.matrimony.Splash, browserName=Android, networkConnectionEnabled=true, desired={automationName=APPIUM, app=D:\Nitin\mobile_automation\Workspace\VWO_APP\.\src\main\resources\App_APK\CommunityMatrimony_v2.10.2_apkpure.com.apk, platform=ANDROID, fullReset=true, deviceName=192.168.171.101:5555, platformName=Android, appActivity=com.community.matrimony.Splash, appPackage=com.community.matrimony, version=4.3}, locationContextEnabled=false, appPackage=com.community.matrimony, version=4.3, platformVersion=5.1, databaseEnabled=false, fullReset=true, deviceName=192.168.171.101:5555, platformName=Android, webStorageEnabled=false, warnings={}, takesScreenshot=true}]
at sun.reflect.NativeConstructorAccessorImpl.newInstance0(Native Method)
at sun.reflect.NativeConstructorAccessorImpl.newInstance(NativeConstructorAccessorImpl.java:57)
at sun.reflect.DelegatingConstructorAccessorImpl.newInstance(DelegatingConstructorAccessorImpl.java:45)
at java.lang.reflect.Constructor.newInstance(Constructor.java:526)
at org.openqa.selenium.remote.ErrorHandler.createThrowable(ErrorHandler.java:206)
at org.openqa.selenium.remote.ErrorHandler.throwIfResponseFailed(ErrorHandler.java:158)
at org.openqa.selenium.remote.RemoteWebDriver.execute(RemoteWebDriver.java:678)
at io.appium.java_client.DefaultGenericMobileDriver.execute(DefaultGenericMobileDriver.java:43)
at io.appium.java_client.AppiumDriver.execute(AppiumDriver.java:1)
at io.appium.java_client.android.AndroidDriver.execute(AndroidDriver.java:1)
at org.openqa.selenium.remote.RemoteWebDriver.findElement(RemoteWebDriver.java:363)
at org.openqa.selenium.remote.RemoteWebDriver.findElementByXPath(RemoteWebDriver.java:500)
at io.appium.java_client.DefaultGenericMobileDriver.findElementByXPath(DefaultGenericMobileDriver.java:129)
at io.appium.java_client.AppiumDriver.findElementByXPath(AppiumDriver.java:1)
at io.appium.java_client.android.AndroidDriver.findElementByXPath(AndroidDriver.java:1)
at org.openqa.selenium.By$ByXPath.findElement(By.java:361)
at org.openqa.selenium.remote.RemoteWebDriver.findElement(RemoteWebDriver.java:355)
at io.appium.java_client.DefaultGenericMobileDriver.findElement(DefaultGenericMobileDriver.java:51)
at io.appium.java_client.AppiumDriver.findElement(AppiumDriver.java:1)
at io.appium.java_client.android.AndroidDriver.findElement(AndroidDriver.java:1)
at TestingXperts.vwo.tests.TC_CM_004.test_TC_CM_004(TC_CM_004.java:81)
at sun.reflect.NativeMethodAccessorImpl.invoke0(Native Method)
at sun.reflect.NativeMethodAccessorImpl.invoke(NativeMethodAccessorImpl.java:57)
at sun.reflect.DelegatingMethodAccessorImpl.invoke(DelegatingMethodAccessorImpl.java:43)
at java.lang.reflect.Method.invoke(Method.java:606)
at org.testng.internal.MethodInvocationHelper.invokeMethod(MethodInvocationHelper.java:86)
at org.testng.internal.Invoker.invokeMethod(Invoker.java:643)
at org.testng.internal.Invoker.invokeTestMethod(Invoker.java:820)
at org.testng.internal.Invoker.invokeTestMethods(Invoker.java:1128)
at org.testng.internal.TestMethodWorker.invokeTestMethods(TestMethodWorker.java:129)
at org.testng.internal.TestMethodWorker.run(TestMethodWorker.java:112)
at org.testng.TestRunner.privateRun(TestRunner.java:782)
at org.testng.TestRunner.run(TestRunner.java:632)
at org.testng.SuiteRunner.runTest(SuiteRunner.java:366)
at org.testng.SuiteRunner.runSequentially(SuiteRunner.java:361)
at org.testng.SuiteRunner.privateRun(SuiteRunner.java:319)
at org.testng.SuiteRunner.run(SuiteRunner.java:268)
at org.testng.SuiteRunnerWorker.runSuite(SuiteRunnerWorker.java:52)
at org.testng.SuiteRunnerWorker.run(SuiteRunnerWorker.java:86)
at org.testng.TestNG.runSuitesSequentially(TestNG.java:1244)
at org.testng.TestNG.runSuitesLocally(TestNG.java:1169)
at org.testng.TestNG.run(TestNG.java:1064)
at org.testng.remote.AbstractRemoteTestNG.run(AbstractRemoteTestNG.java:126)
at org.testng.remote.RemoteTestNG.initAndRun(RemoteTestNG.java:137)
at org.testng.remote.RemoteTestNG.main(RemoteTestNG.java:58)
</pre></td>
</tr>
<tr>
<td class='status fail' title='fail' alt='fail'><i class='mdi-navigation-cancel'></i></td>
<td class='timestamp'>19:35:45</td>
<td class='step-details'><img class="report-img" data-featherlight="file:///D:\Nitin\mobile_automation\Workspace\VWO_APP\ExecutionReports\FailedScreenshots\TC_CM_004.jpg" src="file:///D:\Nitin\mobile_automation\Workspace\VWO_APP\ExecutionReports\FailedScreenshots\TC_CM_004.jpg"></td>
</tr>
<tr>
<td class='status fail' title='fail' alt='fail'><i class='mdi-navigation-cancel'></i></td>
<td class='timestamp'>19:35:45</td>
<td class='step-details'>TC_CM_004</td>
</tr>
</tbody>
</table>
<ul class='collapsible node-list' data-collapsible='accordion'>
</ul>
</div>
</div>
</li>
<li class='collection-item test displayed active pass ' extentid='1a793686-275b-457e-8dfc-c22208e87a1b'>
<div class='test-head'>
<span class='test-name'>TC_CM_001-Android </span>
<span class='test-status label right outline capitalize pass'>pass</span>
<span class='category-assigned hide  cm-app-android'></span>
</div>
<div class='test-body'>
<div class='test-info'>
<span title='Test started time' alt='Test started time' class='test-started-time label green lighten-1 text-white'>2016-05-16 19:57:56</span>
<span title='Test ended time' alt='Test ended time' class='test-ended-time label red lighten-1 text-white'>2016-05-16 19:59:38</span>
<span title='Time taken to finish' alt='Time taken to finish' class='test-time-taken label blue-grey lighten-3 text-white'>0h 1m 42s+0ms</span>
</div>
<div class='test-desc'>Verify mandatory fields and navigate to step 2</div>
<div class='test-attributes'>
<div class='categories'>
<span class='category text-white'>CM-APP-Android</span>
</div>
</div>
<div class='test-steps'>
<table class='bordered table-results'>
<thead>
<tr>
<th>Status</th>
<th>Timestamp</th>
<th>Details</th>
</tr>
</thead>
<tbody>
<tr>
<td class='status info' title='info' alt='info'><i class='mdi-action-info-outline'></i></td>
<td class='timestamp'>19:58:20</td>
<td class='step-details'>Verify mandatory fields and navigate to step 2</td>
</tr>
<tr>
<td class='status info' title='info' alt='info'><i class='mdi-action-info-outline'></i></td>
<td class='timestamp'>19:58:45</td>
<td class='step-details'>Date of Birth field is mandatory.</td>
</tr>
<tr>
<td class='status info' title='info' alt='info'><i class='mdi-action-info-outline'></i></td>
<td class='timestamp'>19:58:53</td>
<td class='step-details'>Email field is mandatory.</td>
</tr>
<tr>
<td class='status info' title='info' alt='info'><i class='mdi-action-info-outline'></i></td>
<td class='timestamp'>19:59:02</td>
<td class='step-details'>Password field is mandatory.</td>
</tr>
<tr>
<td class='status info' title='info' alt='info'><i class='mdi-action-info-outline'></i></td>
<td class='timestamp'>19:59:10</td>
<td class='step-details'>Mobile Number field is mandatory.</td>
</tr>
<tr>
<td class='status info' title='info' alt='info'><i class='mdi-action-info-outline'></i></td>
<td class='timestamp'>19:59:20</td>
<td class='step-details'>Religion field is mandatory.</td>
</tr>
<tr>
<td class='status info' title='info' alt='info'><i class='mdi-action-info-outline'></i></td>
<td class='timestamp'>19:59:26</td>
<td class='step-details'>Subcaste field is mandatory.</td>
</tr>
<tr>
<td class='status info' title='info' alt='info'><i class='mdi-action-info-outline'></i></td>
<td class='timestamp'>19:59:32</td>
<td class='step-details'>Mother Tongue field is mandatory.</td>
</tr>
<tr>
<td class='status info' title='info' alt='info'><i class='mdi-action-info-outline'></i></td>
<td class='timestamp'>19:59:38</td>
<td class='step-details'><span style="color:green"><b>Verify mandatory fields and navigate to step 2-PASS</b></span></td>
</tr>
<tr>
<td class='status pass' title='pass' alt='pass'><i class='mdi-action-check-circle'></i></td>
<td class='timestamp'>19:59:38</td>
<td class='step-details'>TC_CM_001</td>
</tr>
</tbody>
</table>
<ul class='collapsible node-list' data-collapsible='accordion'>
</ul>
</div>
</div>
</li>
<li class='collection-item test displayed active fail ' extentid='e0045ab5-9afb-4e85-854c-c12759780caf'>
<div class='test-head'>
<span class='test-name'>TC_CM_002-Android </span>
<span class='test-status label right outline capitalize fail'>fail</span>
<span class='category-assigned hide  cm-app-android'></span>
</div>
<div class='test-body'>
<div class='test-info'>
<span title='Test started time' alt='Test started time' class='test-started-time label green lighten-1 text-white'>2016-05-16 19:59:39</span>
<span title='Test ended time' alt='Test ended time' class='test-ended-time label red lighten-1 text-white'>2016-05-16 20:00:03</span>
<span title='Time taken to finish' alt='Time taken to finish' class='test-time-taken label blue-grey lighten-3 text-white'>0h 0m 24s+0ms</span>
</div>
<div class='test-desc'>Verify logged in user and search a profile</div>
<div class='test-attributes'>
<div class='categories'>
<span class='category text-white'>CM-APP-Android</span>
</div>
</div>
<div class='test-steps'>
<table class='bordered table-results'>
<thead>
<tr>
<th>Status</th>
<th>Timestamp</th>
<th>Details</th>
</tr>
</thead>
<tbody>
<tr>
<td class='status info' title='info' alt='info'><i class='mdi-action-info-outline'></i></td>
<td class='timestamp'>19:59:39</td>
<td class='step-details'>Verify logged in user and search a profile</td>
</tr>
<tr>
<td class='status info' title='info' alt='info'><i class='mdi-action-info-outline'></i></td>
<td class='timestamp'>20:00:00</td>
<td class='step-details'>User is able to login successfully.</td>
</tr>
<tr>
<td class='status error' title='error' alt='error'><i class='mdi-alert-error'></i></td>
<td class='timestamp'>20:00:03</td>
<td class='step-details'><pre>org.openqa.selenium.interactions.InvalidCoordinatesException: The coordinates provided to an interactions operation are invalid. (WARNING: The server did not provide any stacktrace information)
Command duration or timeout: 7 milliseconds
Build info: version: '2.53.0', revision: '35ae25b1534ae328c771e0856c93e187490ca824', time: '2016-03-15 10:43:46'
System info: host: 'DAMCO-PC', ip: '192.168.6.78', os.name: 'Windows 7', os.arch: 'amd64', os.version: '6.1', java.version: '1.7.0_79'
Session ID: 30031a96-1730-4269-9a89-705fad0743cb
Driver info: io.appium.java_client.android.AndroidDriver
Capabilities [{automationName=APPIUM, platform=ANDROID, app=D:\Nitin\mobile_automation\Workspace\VWO_APP\.\src\main\resources\App_APK\CommunityMatrimony_v2.10.2_apkpure.com.apk, orientation=LANDSCAPE, javascriptEnabled=true, appActivity=com.community.matrimony.Splash, browserName=Android, networkConnectionEnabled=true, desired={newCommandTimeout=60, automationName=APPIUM, app=D:\Nitin\mobile_automation\Workspace\VWO_APP\.\src\main\resources\App_APK\CommunityMatrimony_v2.10.2_apkpure.com.apk, orientation=LANDSCAPE, platform=ANDROID, fullReset=true, deviceName=192.168.171.103:5555, platformName=Android, appActivity=com.community.matrimony.Splash, appPackage=com.community.matrimony, version=6.0.0}, locationContextEnabled=false, appPackage=com.community.matrimony, version=6.0.0, newCommandTimeout=60, platformVersion=6.0, databaseEnabled=false, fullReset=true, deviceName=192.168.171.103:5555, platformName=Android, webStorageEnabled=false, warnings={}, takesScreenshot=true}]
at sun.reflect.NativeConstructorAccessorImpl.newInstance0(Native Method)
at sun.reflect.NativeConstructorAccessorImpl.newInstance(NativeConstructorAccessorImpl.java:57)
at sun.reflect.DelegatingConstructorAccessorImpl.newInstance(DelegatingConstructorAccessorImpl.java:45)
at java.lang.reflect.Constructor.newInstance(Constructor.java:526)
at org.openqa.selenium.remote.ErrorHandler.createThrowable(ErrorHandler.java:206)
at org.openqa.selenium.remote.ErrorHandler.throwIfResponseFailed(ErrorHandler.java:164)
at org.openqa.selenium.remote.RemoteWebDriver.execute(RemoteWebDriver.java:678)
at io.appium.java_client.DefaultGenericMobileDriver.execute(DefaultGenericMobileDriver.java:43)
at io.appium.java_client.AppiumDriver.execute(AppiumDriver.java:1)
at io.appium.java_client.android.AndroidDriver.execute(AndroidDriver.java:1)
at org.openqa.selenium.remote.RemoteWebDriver.executeScript(RemoteWebDriver.java:577)
at TestingXperts.vwo.tests.TC_CM_002.test_TC_CM_002(TC_CM_002.java:104)
at sun.reflect.NativeMethodAccessorImpl.invoke0(Native Method)
at sun.reflect.NativeMethodAccessorImpl.invoke(NativeMethodAccessorImpl.java:57)
at sun.reflect.DelegatingMethodAccessorImpl.invoke(DelegatingMethodAccessorImpl.java:43)
at java.lang.reflect.Method.invoke(Method.java:606)
at org.testng.internal.MethodInvocationHelper.invokeMethod(MethodInvocationHelper.java:86)
at org.testng.internal.Invoker.invokeMethod(Invoker.java:643)
at org.testng.internal.Invoker.invokeTestMethod(Invoker.java:820)
at org.testng.internal.Invoker.invokeTestMethods(Invoker.java:1128)
at org.testng.internal.TestMethodWorker.invokeTestMethods(TestMethodWorker.java:129)
at org.testng.internal.TestMethodWorker.run(TestMethodWorker.java:112)
at org.testng.TestRunner.privateRun(TestRunner.java:782)
at org.testng.TestRunner.run(TestRunner.java:632)
at org.testng.SuiteRunner.runTest(SuiteRunner.java:366)
at org.testng.SuiteRunner.runSequentially(SuiteRunner.java:361)
at org.testng.SuiteRunner.privateRun(SuiteRunner.java:319)
at org.testng.SuiteRunner.run(SuiteRunner.java:268)
at org.testng.SuiteRunnerWorker.runSuite(SuiteRunnerWorker.java:52)
at org.testng.SuiteRunnerWorker.run(SuiteRunnerWorker.java:86)
at org.testng.TestNG.runSuitesSequentially(TestNG.java:1244)
at org.testng.TestNG.runSuitesLocally(TestNG.java:1169)
at org.testng.TestNG.run(TestNG.java:1064)
at org.testng.remote.AbstractRemoteTestNG.run(AbstractRemoteTestNG.java:126)
at org.testng.remote.RemoteTestNG.initAndRun(RemoteTestNG.java:137)
at org.testng.remote.RemoteTestNG.main(RemoteTestNG.java:58)
</pre></td>
</tr>
<tr>
<td class='status fail' title='fail' alt='fail'><i class='mdi-navigation-cancel'></i></td>
<td class='timestamp'>20:00:03</td>
<td class='step-details'><img class="report-img" data-featherlight="file:///D:\Nitin\mobile_automation\Workspace\VWO_APP\ExecutionReports\FailedScreenshots\TC_CM_002.jpg" src="file:///D:\Nitin\mobile_automation\Workspace\VWO_APP\ExecutionReports\FailedScreenshots\TC_CM_002.jpg"></td>
</tr>
<tr>
<td class='status fail' title='fail' alt='fail'><i class='mdi-navigation-cancel'></i></td>
<td class='timestamp'>20:00:03</td>
<td class='step-details'>TC_CM_002</td>
</tr>
</tbody>
</table>
<ul class='collapsible node-list' data-collapsible='accordion'>
</ul>
</div>
</div>
</li>
<li class='collection-item test displayed active fail ' extentid='ddd06e2b-3cd8-4df2-9cb2-1baae9fa190b'>
<div class='test-head'>
<span class='test-name'>TC_CM_001-Android </span>
<span class='test-status label right outline capitalize fail'>fail</span>
<span class='category-assigned hide  cm-app-android'></span>
</div>
<div class='test-body'>
<div class='test-info'>
<span title='Test started time' alt='Test started time' class='test-started-time label green lighten-1 text-white'>2016-05-17 12:16:42</span>
<span title='Test ended time' alt='Test ended time' class='test-ended-time label red lighten-1 text-white'>2016-05-17 12:19:11</span>
<span title='Time taken to finish' alt='Time taken to finish' class='test-time-taken label blue-grey lighten-3 text-white'>0h 2m 29s+0ms</span>
</div>
<div class='test-desc'>Verify mandatory fields and navigate to step 2</div>
<div class='test-attributes'>
<div class='categories'>
<span class='category text-white'>CM-APP-Android</span>
</div>
</div>
<div class='test-steps'>
<table class='bordered table-results'>
<thead>
<tr>
<th>Status</th>
<th>Timestamp</th>
<th>Details</th>
</tr>
</thead>
<tbody>
<tr>
<td class='status info' title='info' alt='info'><i class='mdi-action-info-outline'></i></td>
<td class='timestamp'>12:16:54</td>
<td class='step-details'>Verify mandatory fields and navigate to step 2</td>
</tr>
<tr>
<td class='status error' title='error' alt='error'><i class='mdi-alert-error'></i></td>
<td class='timestamp'>12:18:20</td>
<td class='step-details'><pre>org.openqa.selenium.WebDriverException: An unknown server-side error occurred while processing the command. (WARNING: The server did not provide any stacktrace information)
Command duration or timeout: 2.38 seconds
Build info: version: '2.53.0', revision: '35ae25b1534ae328c771e0856c93e187490ca824', time: '2016-03-15 10:43:46'
System info: host: 'DAMCO-PC', ip: '192.168.6.78', os.name: 'Windows 7', os.arch: 'amd64', os.version: '6.1', java.version: '1.7.0_79'
Session ID: d50c90e7-1b0e-45db-af42-90ad03ad3964
Driver info: io.appium.java_client.android.AndroidDriver
Capabilities [{automationName=APPIUM, platform=ANDROID, app=D:\Nitin\mobile_automation\Workspace\VWO_APP\.\src\main\resources\App_APK\CommunityMatrimony_v2.10.2_apkpure.com.apk, orientation=LANDSCAPE, javascriptEnabled=true, appActivity=com.community.matrimony.Splash, browserName=Android, networkConnectionEnabled=true, desired={newCommandTimeout=60, automationName=APPIUM, app=D:\Nitin\mobile_automation\Workspace\VWO_APP\.\src\main\resources\App_APK\CommunityMatrimony_v2.10.2_apkpure.com.apk, orientation=LANDSCAPE, platform=ANDROID, fullReset=true, deviceName=192.168.171.101:5555, platformName=Android, appActivity=com.community.matrimony.Splash, appPackage=com.community.matrimony, version=5.1.0}, locationContextEnabled=false, appPackage=com.community.matrimony, version=5.1.0, newCommandTimeout=60, platformVersion=5.1, databaseEnabled=false, fullReset=true, deviceName=192.168.171.101:5555, platformName=Android, webStorageEnabled=false, warnings={}, takesScreenshot=true}]
at sun.reflect.NativeConstructorAccessorImpl.newInstance0(Native Method)
at sun.reflect.NativeConstructorAccessorImpl.newInstance(NativeConstructorAccessorImpl.java:57)
at sun.reflect.DelegatingConstructorAccessorImpl.newInstance(DelegatingConstructorAccessorImpl.java:45)
at java.lang.reflect.Constructor.newInstance(Constructor.java:526)
at org.openqa.selenium.remote.ErrorHandler.createThrowable(ErrorHandler.java:206)
at org.openqa.selenium.remote.ErrorHandler.throwIfResponseFailed(ErrorHandler.java:158)
at org.openqa.selenium.remote.RemoteWebDriver.execute(RemoteWebDriver.java:678)
at io.appium.java_client.DefaultGenericMobileDriver.execute(DefaultGenericMobileDriver.java:43)
at io.appium.java_client.AppiumDriver.execute(AppiumDriver.java:1)
at io.appium.java_client.android.AndroidDriver.execute(AndroidDriver.java:1)
at io.appium.java_client.AppiumDriver.rotate(AppiumDriver.java:571)
at TestingXperts.vwo.tests.TC_CM_001.test_TC_CM_001(TC_CM_001.java:114)
at sun.reflect.NativeMethodAccessorImpl.invoke0(Native Method)
at sun.reflect.NativeMethodAccessorImpl.invoke(NativeMethodAccessorImpl.java:57)
at sun.reflect.DelegatingMethodAccessorImpl.invoke(DelegatingMethodAccessorImpl.java:43)
at java.lang.reflect.Method.invoke(Method.java:606)
at org.testng.internal.MethodInvocationHelper.invokeMethod(MethodInvocationHelper.java:86)
at org.testng.internal.Invoker.invokeMethod(Invoker.java:643)
at org.testng.internal.Invoker.invokeTestMethod(Invoker.java:820)
at org.testng.internal.Invoker.invokeTestMethods(Invoker.java:1128)
at org.testng.internal.TestMethodWorker.invokeTestMethods(TestMethodWorker.java:129)
at org.testng.internal.TestMethodWorker.run(TestMethodWorker.java:112)
at org.testng.TestRunner.privateRun(TestRunner.java:782)
at org.testng.TestRunner.run(TestRunner.java:632)
at org.testng.SuiteRunner.runTest(SuiteRunner.java:366)
at org.testng.SuiteRunner.runSequentially(SuiteRunner.java:361)
at org.testng.SuiteRunner.privateRun(SuiteRunner.java:319)
at org.testng.SuiteRunner.run(SuiteRunner.java:268)
at org.testng.SuiteRunnerWorker.runSuite(SuiteRunnerWorker.java:52)
at org.testng.SuiteRunnerWorker.run(SuiteRunnerWorker.java:86)
at org.testng.TestNG.runSuitesSequentially(TestNG.java:1244)
at org.testng.TestNG.runSuitesLocally(TestNG.java:1169)
at org.testng.TestNG.run(TestNG.java:1064)
at org.testng.remote.AbstractRemoteTestNG.run(AbstractRemoteTestNG.java:126)
at org.testng.remote.RemoteTestNG.initAndRun(RemoteTestNG.java:137)
at org.testng.remote.RemoteTestNG.main(RemoteTestNG.java:58)
</pre></td>
</tr>
<tr>
<td class='status fail' title='fail' alt='fail'><i class='mdi-navigation-cancel'></i></td>
<td class='timestamp'>12:18:55</td>
<td class='step-details'><img class="report-img" data-featherlight="file:///D:\Nitin\mobile_automation\Workspace\VWO_APP\ExecutionReports\FailedScreenshots\TC_CM_001.jpg" src="file:///D:\Nitin\mobile_automation\Workspace\VWO_APP\ExecutionReports\FailedScreenshots\TC_CM_001.jpg"></td>
</tr>
<tr>
<td class='status fail' title='fail' alt='fail'><i class='mdi-navigation-cancel'></i></td>
<td class='timestamp'>12:19:11</td>
<td class='step-details'>TC_CM_001</td>
</tr>
</tbody>
</table>
<ul class='collapsible node-list' data-collapsible='accordion'>
</ul>
</div>
</div>
</li>
<li class='collection-item test displayed active fail ' extentid='0d0e740f-fb94-4180-96b3-98a64fbf536d'>
<div class='test-head'>
<span class='test-name'>TC_CM_001-Android </span>
<span class='test-status label right outline capitalize fail'>fail</span>
<span class='category-assigned hide  cm-app-android'></span>
</div>
<div class='test-body'>
<div class='test-info'>
<span title='Test started time' alt='Test started time' class='test-started-time label green lighten-1 text-white'>2016-05-23 16:23:42</span>
<span title='Test ended time' alt='Test ended time' class='test-ended-time label red lighten-1 text-white'>2016-05-23 16:23:42</span>
<span title='Time taken to finish' alt='Time taken to finish' class='test-time-taken label blue-grey lighten-3 text-white'>0h 0m 0s+0ms</span>
</div>
<div class='test-desc'>Verify mandatory fields and navigate to step 2</div>
<div class='test-attributes'>
<div class='categories'>
<span class='category text-white'>CM-APP-Android</span>
</div>
</div>
<div class='test-steps'>
<table class='bordered table-results'>
<thead>
<tr>
<th>Status</th>
<th>Timestamp</th>
<th>Details</th>
</tr>
</thead>
<tbody>
<tr>
<td class='status fail' title='fail' alt='fail'><i class='mdi-navigation-cancel'></i></td>
<td class='timestamp'>16:23:42</td>
<td class='step-details'>TC_CM_001</td>
</tr>
</tbody>
</table>
<ul class='collapsible node-list' data-collapsible='accordion'>
</ul>
</div>
</div>
</li>
<li class='collection-item test displayed active fail ' extentid='e46c2525-e0f5-4701-a29a-3884e4818665'>
<div class='test-head'>
<span class='test-name'>TC_CM_001-Android </span>
<span class='test-status label right outline capitalize fail'>fail</span>
<span class='category-assigned hide  cm-app-android'></span>
</div>
<div class='test-body'>
<div class='test-info'>
<span title='Test started time' alt='Test started time' class='test-started-time label green lighten-1 text-white'>2016-05-23 16:24:46</span>
<span title='Test ended time' alt='Test ended time' class='test-ended-time label red lighten-1 text-white'>2016-05-23 16:24:51</span>
<span title='Time taken to finish' alt='Time taken to finish' class='test-time-taken label blue-grey lighten-3 text-white'>0h 0m 5s+0ms</span>
</div>
<div class='test-desc'>Verify mandatory fields and navigate to step 2</div>
<div class='test-attributes'>
<div class='categories'>
<span class='category text-white'>CM-APP-Android</span>
</div>
</div>
<div class='test-steps'>
<table class='bordered table-results'>
<thead>
<tr>
<th>Status</th>
<th>Timestamp</th>
<th>Details</th>
</tr>
</thead>
<tbody>
<tr>
<td class='status fail' title='fail' alt='fail'><i class='mdi-navigation-cancel'></i></td>
<td class='timestamp'>16:24:51</td>
<td class='step-details'>TC_CM_001</td>
</tr>
</tbody>
</table>
<ul class='collapsible node-list' data-collapsible='accordion'>
</ul>
</div>
</div>
</li>
<li class='collection-item test displayed active pass ' extentid='06fa6da8-d34c-4295-8065-e1d022457fe3'>
<div class='test-head'>
<span class='test-name'>TC_CM_001-Android </span>
<span class='test-status label right outline capitalize pass'>pass</span>
<span class='category-assigned hide  cm-app-android'></span>
</div>
<div class='test-body'>
<div class='test-info'>
<span title='Test started time' alt='Test started time' class='test-started-time label green lighten-1 text-white'>2016-05-23 16:28:47</span>
<span title='Test ended time' alt='Test ended time' class='test-ended-time label red lighten-1 text-white'>2016-05-23 16:29:07</span>
<span title='Time taken to finish' alt='Time taken to finish' class='test-time-taken label blue-grey lighten-3 text-white'>0h 0m 20s+0ms</span>
</div>
<div class='test-desc'>Verify mandatory fields and navigate to step 2</div>
<div class='test-attributes'>
<div class='categories'>
<span class='category text-white'>CM-APP-Android</span>
</div>
</div>
<div class='test-steps'>
<table class='bordered table-results'>
<thead>
<tr>
<th>Status</th>
<th>Timestamp</th>
<th>Details</th>
</tr>
</thead>
<tbody>
<tr>
<td class='status pass' title='pass' alt='pass'><i class='mdi-action-check-circle'></i></td>
<td class='timestamp'>16:29:07</td>
<td class='step-details'>TC_CM_001</td>
</tr>
</tbody>
</table>
<ul class='collapsible node-list' data-collapsible='accordion'>
</ul>
</div>
</div>
</li>
<li class='collection-item test displayed active pass ' extentid='a54c2eb2-fa1e-4998-8958-9f47946bc3de'>
<div class='test-head'>
<span class='test-name'>TC_CM_001-Android </span>
<span class='test-status label right outline capitalize pass'>pass</span>
<span class='category-assigned hide  cm-app-android'></span>
</div>
<div class='test-body'>
<div class='test-info'>
<span title='Test started time' alt='Test started time' class='test-started-time label green lighten-1 text-white'>2016-05-23 16:33:08</span>
<span title='Test ended time' alt='Test ended time' class='test-ended-time label red lighten-1 text-white'>2016-05-23 16:33:27</span>
<span title='Time taken to finish' alt='Time taken to finish' class='test-time-taken label blue-grey lighten-3 text-white'>0h 0m 19s+0ms</span>
</div>
<div class='test-desc'>Verify mandatory fields and navigate to step 2</div>
<div class='test-attributes'>
<div class='categories'>
<span class='category text-white'>CM-APP-Android</span>
</div>
</div>
<div class='test-steps'>
<table class='bordered table-results'>
<thead>
<tr>
<th>Status</th>
<th>Timestamp</th>
<th>Details</th>
</tr>
</thead>
<tbody>
<tr>
<td class='status pass' title='pass' alt='pass'><i class='mdi-action-check-circle'></i></td>
<td class='timestamp'>16:33:27</td>
<td class='step-details'>TC_CM_001</td>
</tr>
</tbody>
</table>
<ul class='collapsible node-list' data-collapsible='accordion'>
</ul>
</div>
</div>
</li>
</ul>
</div>
</div>
</div>
</div>
<div id='test-details-wrapper' class='col _addedCell2'>
<div class='contents'>
<div class='card-panel details-view'>
<h5 class='details-name'></h5>
<div class='details-container'>
</div>
</div>
</div>
</div>
</div>
<!-- /tests -->

<!-- categories -->
<div id='categories-view' class='row _addedTable hide'>
<div class='col _addedCell1'>
<div class='contents'>
<div class='card-panel heading'>
<h5>Categories</h5>
</div>
<div class='card-panel filters'>
<div class='search' alt='Search tests' title='Search tests'>
<div class='input-field left'>
<input id='searchTests' type='text' class='validate' placeholder='Search tests...'>
</div>
<i class='mdi-action-search icon'></i>
</div>
</div>
<div class='card-panel no-padding-h no-padding-v'>
<div class='wrapper'>
<ul id='cat-collection' class='cat-collection'>
<li class='category-item displayed'>
<div class='cat-head'>
<span class='category-name'>CM-APP-Android</span>
</div>
<div class='category-status-counts'>
<span class='pass label dot'>Pass: 17</span>
<span class='fail label dot'>Fail: 16</span>
</div>
<div class='cat-body'>
<div class='category-status-counts'>
<div class='button-group'>
<a href='#!' class='pass label filter'>Pass <span class='icon'>17</span></a>
<a href='#!' class='fail label filter'>Fail <span class='icon'>16</span></a>
<a href='#!' class='other label filter'>Others <span class='icon'>0</span></a>
</div>
</div>
<div class='cat-tests'>
<table class='bordered'>
<thead>
<tr>
<th>RunDate</th>
<th>Test Name</th>
<th>Status</th>
</tr>
</thead>
<tbody>
<tr class='pass'>
<td>2016-05-23 16:33:08</td>
<td><span class='category-link linked' extentid='a54c2eb2-fa1e-4998-8958-9f47946bc3de'>TC_CM_001-Android</span></td>
<td><div class='status label capitalize pass'>pass</div></td>
</tr>
<tr class='pass'>
<td>2016-05-23 16:28:47</td>
<td><span class='category-link linked' extentid='06fa6da8-d34c-4295-8065-e1d022457fe3'>TC_CM_001-Android</span></td>
<td><div class='status label capitalize pass'>pass</div></td>
</tr>
<tr class='fail'>
<td>2016-05-23 16:24:46</td>
<td><span class='category-link linked' extentid='e46c2525-e0f5-4701-a29a-3884e4818665'>TC_CM_001-Android</span></td>
<td><div class='status label capitalize fail'>fail</div></td>
</tr>
<tr class='fail'>
<td>2016-05-23 16:23:42</td>
<td><span class='category-link linked' extentid='0d0e740f-fb94-4180-96b3-98a64fbf536d'>TC_CM_001-Android</span></td>
<td><div class='status label capitalize fail'>fail</div></td>
</tr>
<tr class='fail'>
<td>2016-05-17 12:16:42</td>
<td><span class='category-link linked' extentid='ddd06e2b-3cd8-4df2-9cb2-1baae9fa190b'>TC_CM_001-Android</span></td>
<td><div class='status label capitalize fail'>fail</div></td>
</tr>
<tr class='fail'>
<td>2016-05-16 19:59:39</td>
<td><span class='category-link linked' extentid='e0045ab5-9afb-4e85-854c-c12759780caf'>TC_CM_002-Android</span></td>
<td><div class='status label capitalize fail'>fail</div></td>
</tr>
<tr class='pass'>
<td>2016-05-16 19:57:56</td>
<td><span class='category-link linked' extentid='1a793686-275b-457e-8dfc-c22208e87a1b'>TC_CM_001-Android</span></td>
<td><div class='status label capitalize pass'>pass</div></td>
</tr>
<tr class='fail'>
<td>2016-05-16 19:34:18</td>
<td><span class='category-link linked' extentid='cdd06d4a-9b5b-4676-a882-b28f5eab9893'>TC_CM_004-Android</span></td>
<td><div class='status label capitalize fail'>fail</div></td>
</tr>
<tr class='fail'>
<td>2016-05-16 19:32:47</td>
<td><span class='category-link linked' extentid='71ef1715-2013-4074-9f32-10d3e4b149b8'>TC_CM_003-Android</span></td>
<td><div class='status label capitalize fail'>fail</div></td>
</tr>
<tr class='fail'>
<td>2016-05-16 19:32:27</td>
<td><span class='category-link linked' extentid='d7803427-ddff-46e3-bcf0-5d53aa643f3b'>TC_CM_002-Android</span></td>
<td><div class='status label capitalize fail'>fail</div></td>
</tr>
<tr class='pass'>
<td>2016-05-16 19:30:48</td>
<td><span class='category-link linked' extentid='845fbce9-0ffb-4f64-95f9-0f50dcdbca25'>TC_CM_001-Android</span></td>
<td><div class='status label capitalize pass'>pass</div></td>
</tr>
<tr class='pass'>
<td>2016-05-16 17:08:09</td>
<td><span class='category-link linked' extentid='404411c4-6f41-4db3-a3cf-228304fb38cd'>TC_CM_002-Android</span></td>
<td><div class='status label capitalize pass'>pass</div></td>
</tr>
<tr class='pass'>
<td>2016-05-16 17:07:56</td>
<td><span class='category-link linked' extentid='19c2f23d-0071-4266-b79c-23f0d4ae3c74'>TC_CM_001-Android</span></td>
<td><div class='status label capitalize pass'>pass</div></td>
</tr>
<tr class='pass'>
<td>2016-05-16 16:48:15</td>
<td><span class='category-link linked' extentid='c09613e2-054d-4be5-a9bd-e4e0d1042c31'>TC_CM_002-Android</span></td>
<td><div class='status label capitalize pass'>pass</div></td>
</tr>
<tr class='pass'>
<td>2016-05-16 16:46:29</td>
<td><span class='category-link linked' extentid='b0567001-3896-4ba0-ad53-050a9416b7f2'>TC_CM_001-Android</span></td>
<td><div class='status label capitalize pass'>pass</div></td>
</tr>
<tr class='pass'>
<td>2016-05-16 15:21:11</td>
<td><span class='category-link linked' extentid='82eb1d6b-b012-4032-8876-8cefce4a5711'>TC_CM_001-Android</span></td>
<td><div class='status label capitalize pass'>pass</div></td>
</tr>
<tr class='fail'>
<td>2016-05-16 15:15:11</td>
<td><span class='category-link linked' extentid='0e6b133d-3970-4add-b5c9-1ef18abaab6f'>TC_CM_002-Android</span></td>
<td><div class='status label capitalize fail'>fail</div></td>
</tr>
<tr class='pass'>
<td>2016-05-16 15:13:28</td>
<td><span class='category-link linked' extentid='b77224b4-b3d1-4671-a7be-7459063ab5d9'>TC_CM_001-Android</span></td>
<td><div class='status label capitalize pass'>pass</div></td>
</tr>
<tr class='pass'>
<td>2016-05-16 15:16:52</td>
<td><span class='category-link linked' extentid='ffc75aa4-ebfb-43db-b3c6-692c93acee61'>TC_CM_001-Android</span></td>
<td><div class='status label capitalize pass'>pass</div></td>
</tr>
<tr class='fail'>
<td>2016-05-16 15:18:34</td>
<td><span class='category-link linked' extentid='8583f9c5-2b94-4306-9b44-48a7571fd7e6'>TC_CM_002-Android</span></td>
<td><div class='status label capitalize fail'>fail</div></td>
</tr>
<tr class='pass'>
<td>2016-05-16 15:25:07</td>
<td><span class='category-link linked' extentid='2c3cf694-1949-4e5d-ab0c-385eb9e18d09'>TC_CM_001-Android</span></td>
<td><div class='status label capitalize pass'>pass</div></td>
</tr>
<tr class='pass'>
<td>2016-05-16 17:03:34</td>
<td><span class='category-link linked' extentid='3c940f5a-1e02-47d4-a8ca-5b34c67a90aa'>TC_CM_001-Android</span></td>
<td><div class='status label capitalize pass'>pass</div></td>
</tr>
<tr class='pass'>
<td>2016-05-16 17:03:49</td>
<td><span class='category-link linked' extentid='59b25eaf-ed2e-439d-abb1-82c4ff0e906a'>TC_CM_002-Android</span></td>
<td><div class='status label capitalize pass'>pass</div></td>
</tr>
<tr class='pass'>
<td>2016-05-16 19:02:08</td>
<td><span class='category-link linked' extentid='fb4fe3d9-ffdd-4cdf-a79e-b2ae367932c1'>TC_CM_001-Android</span></td>
<td><div class='status label capitalize pass'>pass</div></td>
</tr>
<tr class='fail'>
<td>2016-05-16 19:02:22</td>
<td><span class='category-link linked' extentid='e35eed53-7e72-47ef-84fa-9beda808bfd7'>TC_CM_002-Android</span></td>
<td><div class='status label capitalize fail'>fail</div></td>
</tr>
<tr class='pass'>
<td>2016-05-16 19:49:24</td>
<td><span class='category-link linked' extentid='d811d566-fe07-4122-b0e6-3d558ce4c9ec'>TC_CM_001-Android</span></td>
<td><div class='status label capitalize pass'>pass</div></td>
</tr>
<tr class='fail'>
<td>2016-05-16 19:51:07</td>
<td><span class='category-link linked' extentid='62b1c579-adb5-480e-a189-f305cf33190c'>TC_CM_002-Android</span></td>
<td><div class='status label capitalize fail'>fail</div></td>
</tr>
<tr class='fail'>
<td>2016-05-17 12:10:32</td>
<td><span class='category-link linked' extentid='a036c903-78fa-4b78-9431-cbc25a7ab857'>TC_CM_001-Android</span></td>
<td><div class='status label capitalize fail'>fail</div></td>
</tr>
<tr class='fail'>
<td>2016-05-23 16:21:56</td>
<td><span class='category-link linked' extentid='18b2b878-383e-4410-bfdb-5c798a44415c'>TC_CM_001-Android</span></td>
<td><div class='status label capitalize fail'>fail</div></td>
</tr>
<tr class='fail'>
<td>2016-05-23 16:24:03</td>
<td><span class='category-link linked' extentid='bff04711-8456-4b22-a9d4-765e0bd68910'>TC_CM_001-Android</span></td>
<td><div class='status label capitalize fail'>fail</div></td>
</tr>
<tr class='fail'>
<td>2016-05-23 16:26:12</td>
<td><span class='category-link linked' extentid='0c6ff031-eff3-426f-9d82-622f2151acab'>TC_CM_001-Android</span></td>
<td><div class='status label capitalize fail'>fail</div></td>
</tr>
<tr class='fail'>
<td>2016-05-23 16:31:47</td>
<td><span class='category-link linked' extentid='ffb6c7de-99b3-40e1-9591-eebc55c93cac'>TC_CM_001-Android</span></td>
<td><div class='status label capitalize fail'>fail</div></td>
</tr>
<tr class='pass'>
<td>2016-05-23 16:41:23</td>
<td><span class='category-link linked' extentid='1e44c3c9-bc48-4173-ba7e-f51fe5a55be1'>TC_CM_001-Android</span></td>
<td><div class='status label capitalize pass'>pass</div></td>
</tr>
<tbody>
</table>
</div>
</div> 
</li>
</ul>
</div>
</div>
</div>
</div>
<div id='cat-details-wrapper' class='col _addedCell2'>
<div class='contents'>
<div class='card-panel details-view'>
<h5 class='cat-name'></h5>
<div class='cat-container'>
</div>
</div>
</div>
</div>
</div>
<!-- /categories -->

<!-- exceptions -->
<!-- /exceptions -->

<!-- testrunner logs -->
<!-- /testrunner logs -->

</div>
<!-- /container -->

<!-- test dashboard counts setting -->
<div id='test-count-setting' class='modal bottom-sheet'> 
<div class='modal-content'> 
<h5>Configure Tests Count Setting</h5> 
<input name='test-count-setting' type='radio' id='parentWithoutNodes' class='with-gap'> 
<label for='parentWithoutNodes'>Parent Tests Only (Does not include child nodes in counts)</label> 
<br> 
<input name='test-count-setting' type='radio' id='parentWithoutNodesAndNodes' class='with-gap'> 
<label for='parentWithoutNodesAndNodes'>Parent Tests Without Child Tests + Child Tests</label> 
<br> 
<input name='test-count-setting' type='radio' id='childNodes' class='with-gap'> 
<label for='childNodes'>Child Tests Only</label> 
</div> 
<div class='modal-footer'> 
<a href='#!' class='modal-action modal-close waves-effect waves-green btn'>Save</a> 
</div> 
</div>
<!-- /test dashboard counts setting -->

<!-- filter for step status -->
<div id='step-status-filter' class='modal bottom-sheet'> 
<div class='modal-content'> 
<h5>Select status</h5> 
<input checked class='filled-in' type='checkbox' id='step-dashboard-filter-pass'> 
<label for='step-dashboard-filter-pass'>Pass</label> 
<br> 
<input checked class='filled-in' type='checkbox' id='step-dashboard-filter-fail'> 
<label for='step-dashboard-filter-fail'>Fail</label> 
<br> 
<input checked class='filled-in' type='checkbox' id='step-dashboard-filter-fatal'> 
<label for='step-dashboard-filter-fatal'>Fatal</label> 
<br> 
<input checked class='filled-in' type='checkbox' id='step-dashboard-filter-error'> 
<label for='step-dashboard-filter-error'>Error</label> 
<br> 
<input checked class='filled-in' type='checkbox' id='step-dashboard-filter-warning'> 
<label for='step-dashboard-filter-warning'>Warning</label> 
<br> 
<input checked class='filled-in' type='checkbox' id='step-dashboard-filter-skip'> 
<label for='step-dashboard-filter-skip'>Skipped</label> 
<br> 
<input checked class='filled-in' type='checkbox' id='step-dashboard-filter-info'> 
<label for='step-dashboard-filter-info'>Info</label> 
<br> 
<input checked class='filled-in' type='checkbox' id='step-dashboard-filter-unknown'> 
<label for='step-dashboard-filter-unknown'>Unknown</label> 
</div>
<div class='modal-footer'> 
<a href='#!' class='modal-action modal-close waves-effect waves-green btn'>Save</a> 
</div> 
</div>
<!-- /filter for step status -->

<script src='https://cdn.rawgit.com/anshooarora/extentreports/c936a26fc8bb9c5fc0253b5bc6f289e1d14bb595/cdn/extent.js' type='text/javascript'></script>

<script>$(document).ready(function() { $('.logo span').html('ExtentReports'); });</script>
<script>

      
        $(document).ready(function() {
          
        });
      
    
</script>
</body>
</html>
