<!DOCTYPE html PUBLIC "-//W3C//DTD XHTML 1.1//EN" "http://www.w3.org/TR/xhtml11/DTD/xhtml11.dtd">
<html xmlns="http://www.w3.org/1999/xhtml"><head><title>TestNG Report</title><style type="text/css">table {margin-bottom:10px;border-collapse:collapse;empty-cells:show}th,td {border:1px solid #009;padding:.25em .5em}th {vertical-align:bottom}td {vertical-align:top}table a {font-weight:bold}.stripe td {background-color: #E6EBF9}.num {text-align:right}.passedodd td {background-color: #3F3}.passedeven td {background-color: #0A0}.skippedodd td {background-color: #DDD}.skippedeven td {background-color: #CCC}.failedodd td,.attn {background-color: #F33}.failedeven td,.stripe .attn {background-color: #D00}.stacktrace {white-space:pre;font-family:monospace}.totop {font-size:85%;text-align:center;border-bottom:2px solid #000}</style></head><body><table><tr><th>Test</th><th># Passed</th><th># Skipped</th><th># Failed</th><th>Time (ms)</th><th>Included Groups</th><th>Excluded Groups</th></tr><tr><th colspan="7">FunctionalPhase1Priority1</th></tr><tr><td><a href="#t0">FunctionalPhase1Priority1-Tests</a></td><td class="num">1</td><td class="num">0</td><td class="num attn">2</td><td class="num">598,181</td><td></td><td></td></tr></table><table><thead><tr><th>Class</th><th>Method</th><th>Start</th><th>Time (ms)</th></tr></thead><tbody><tr><th colspan="4">FunctionalPhase1Priority1</th></tr></tbody><tbody id="t0"><tr><th colspan="4">FunctionalPhase1Priority1-Tests &#8212; failed</th></tr><tr class="failedeven"><td rowspan="1">com.flow.andriod.TC_Flowandriod_002</td><td><a href="#m0">TestValidation</a></td><td rowspan="1">1506418857632</td><td rowspan="1">199420</td></tr><tr class="failedodd"><td rowspan="1">com.flow.andriod.TC_Flowandriod_003</td><td><a href="#m1">TestValidation</a></td><td rowspan="1">1506419066297</td><td rowspan="1">140854</td></tr><tr><th colspan="4">FunctionalPhase1Priority1-Tests &#8212; passed</th></tr><tr class="passedeven"><td rowspan="1">com.flow.andriod.TC_Flowandriod_001</td><td><a href="#m2">TestValidation</a></td><td rowspan="1">1506418618394</td><td rowspan="1">228041</td></tr></tbody></table><h2>FunctionalPhase1Priority1-Tests</h2><h3 id="m0">com.flow.andriod.TC_Flowandriod_002#TestValidation</h3><table class="result"><tr><th>Exception</th></tr><tr><td><div class="stacktrace">org.openqa.selenium.NoSuchElementException: An element could not be located on the page using the given search parameters. (WARNING: The server did not provide any stacktrace information)
Command duration or timeout: 20.18 seconds
For documentation on this error, please visit: http://seleniumhq.org/exceptions/no_such_element.html
Build info: version: &apos;3.0.0&apos;, revision: &apos;350cf60&apos;, time: &apos;2016-10-13 10:48:57 -0700&apos;
System info: host: &apos;DSHYD-084&apos;, ip: &apos;172.16.3.3&apos;, os.name: &apos;Windows 7&apos;, os.arch: &apos;amd64&apos;, os.version: &apos;6.1&apos;, java.version: &apos;1.8.0_121&apos;
Driver info: io.appium.java_client.android.AndroidDriver
Capabilities [{appPackage=com.getflow.tasks.next, deviceName=4200088eca576300, platform=LINUX, deviceUDID=4200088eca576300, desired={app=E:\Lavanya\Cloudfm\Cloudfm\src\main\resources\App_APK\base.apk, newCommandTimeout=300, platformVersion=6.0.1, automationName=Appium, browserName=, platformName=Android, udid=4200088eca576300, deviceName=Android 6.0}, newCommandTimeout=300, platformVersion=6.0.1, webStorageEnabled=false, automationName=Appium, takesScreenshot=true, browserName=, javascriptEnabled=true, platformName=Android, udid=4200088eca576300, deviceManufacturer=samsung, app=E:\Lavanya\Cloudfm\Cloudfm\src\main\resources\App_APK\base.apk, deviceScreenSize=720x1280, networkConnectionEnabled=true, warnings={}, appWaitPackage=com.getflow.tasks.next, appWaitActivity=com.getflow.tasks.ui.activities.ActFirst, databaseEnabled=false, appActivity=com.getflow.tasks.ui.activities.ActFirst, locationContextEnabled=false, deviceModel=SM-J210F}]
Session ID: e8a29d86-6983-44f9-99ff-5f77f701ad62
*** Element info: {Using=xpath, value=//android.widget.TextView[@text=&apos;Skip&apos;]}
	at org.openqa.selenium.remote.ErrorHandler.createThrowable(ErrorHandler.java:216)
	at org.openqa.selenium.remote.ErrorHandler.throwIfResponseFailed(ErrorHandler.java:168)
	at org.openqa.selenium.remote.RemoteWebDriver.execute(RemoteWebDriver.java:635)
	at io.appium.java_client.DefaultGenericMobileDriver.execute(DefaultGenericMobileDriver.java:42)
	at io.appium.java_client.AppiumDriver.execute(AppiumDriver.java:1)
	at io.appium.java_client.android.AndroidDriver.execute(AndroidDriver.java:1)
	at org.openqa.selenium.remote.RemoteWebDriver.findElement(RemoteWebDriver.java:368)
	at io.appium.java_client.DefaultGenericMobileDriver.findElement(DefaultGenericMobileDriver.java:62)
	at io.appium.java_client.AppiumDriver.findElement(AppiumDriver.java:1)
	at io.appium.java_client.android.AndroidDriver.findElement(AndroidDriver.java:1)
	at org.openqa.selenium.remote.RemoteWebDriver.findElementByXPath(RemoteWebDriver.java:473)
	at io.appium.java_client.DefaultGenericMobileDriver.findElementByXPath(DefaultGenericMobileDriver.java:140)
	at io.appium.java_client.AppiumDriver.findElementByXPath(AppiumDriver.java:1)
	at io.appium.java_client.android.AndroidDriver.findElementByXPath(AndroidDriver.java:1)
	at org.openqa.selenium.By$ByXPath.findElement(By.java:361)
	at org.openqa.selenium.remote.RemoteWebDriver.findElement(RemoteWebDriver.java:360)
	at io.appium.java_client.DefaultGenericMobileDriver.findElement(DefaultGenericMobileDriver.java:58)
	at io.appium.java_client.AppiumDriver.findElement(AppiumDriver.java:1)
	at io.appium.java_client.android.AndroidDriver.findElement(AndroidDriver.java:1)
	at Utilities.KeywordUtil.click(KeywordUtil.java:183)
	at Utilities.AndroidApplicationFunctions.ClickonHowitworksSubscriber(AndroidApplicationFunctions.java:253)
	at com.flow.andriod.TC_Flowandriod_002.TestValidation(TC_Flowandriod_002.java:63)
	at suite.runner.CustomSuiteRunner.suiteRunner(CustomSuiteRunner.java:147)
... Removed 52 stack frames</div></td></tr></table><p class="totop"><a href="#summary">back to summary</a></p><h3 id="m1">com.flow.andriod.TC_Flowandriod_003#TestValidation</h3><table class="result"><tr><th>Exception</th></tr><tr><td><div class="stacktrace">java.lang.AssertionError: expected [true] but found [false]
	at com.flow.andriod.TC_Flowandriod_003.TestValidation(TC_Flowandriod_003.java:59)
	at suite.runner.CustomSuiteRunner.suiteRunner(CustomSuiteRunner.java:147)
... Removed 52 stack frames</div></td></tr></table><p class="totop"><a href="#summary">back to summary</a></p><h3 id="m2">com.flow.andriod.TC_Flowandriod_001#TestValidation</h3><table class="result"></table><p class="totop"><a href="#summary">back to summary</a></p></body></html>