<?xml version="1.0" encoding="UTF-8"?>
<!-- Generated by org.testng.reporters.JUnitXMLReporter -->
<testsuite hostname="CB-89" name="ShopClues_Test" tests="4" failures="1" timestamp="2 Dec 2016 10:59:28 GMT" time="277.796" errors="0">
  <testcase name="test_TC_ShopClues_001" time="35.086" classname="TestingXperts.shopclues.tests.TC_ShopClues_001"/>
  <testcase name="test_TC_ShopClues_002" time="54.538" classname="TestingXperts.shopclues.tests.TC_ShopClues_002"/>
  <testcase name="test_TC_ShopClues_003" time="42.372" classname="TestingXperts.shopclues.tests.TC_ShopClues_003"/>
  <testcase name="test_TC_ShopClues_004" time="111.101" classname="TestingXperts.shopclues.tests.TC_ShopClues_004">
    <failure type="org.openqa.selenium.TimeoutException" message="Timed out after 10 seconds waiting for element to be clickable: By.xpath: //android.widget.RelativeLayout[contains(@index,&amp;apos;5&amp;apos;)]
Build info: version: &amp;apos;2.53.1&amp;apos;, revision: &amp;apos;a36b8b1cd5757287168e54b817830adce9b0158d&amp;apos;, time: &amp;apos;2016-06-30 19:26:09&amp;apos;
System info: host: &amp;apos;CB-89&amp;apos;, ip: &amp;apos;192.168.6.10&amp;apos;, os.name: &amp;apos;Windows 7&amp;apos;, os.arch: &amp;apos;amd64&amp;apos;, os.version: &amp;apos;6.1&amp;apos;, java.version: &amp;apos;1.8.0_92&amp;apos;
Driver info: io.appium.java_client.android.AndroidDriver
Capabilities [{app=D:\framework\framework\VWO_APP\src\main\resources\App_APK\Shopclues.apk, networkConnectionEnabled=true, warnings={}, databaseEnabled=false, deviceName=192.168.219.101:5555, platform=LINUX, desired={app=D:\framework\framework\VWO_APP\src\main\resources\App_APK\Shopclues.apk, newCommandTimeout=300, platformVersion=5.0, automationName=APPIUM, browserName=, platformName=Android, udid=192.168.219.101:5555, deviceName=Custom Phone - 5.0.0 - API 21 - 768x1280}, newCommandTimeout=300, platformVersion=5.0, webStorageEnabled=false, locationContextEnabled=false, automationName=APPIUM, browserName=, takesScreenshot=true, javascriptEnabled=true, platformName=Android, udid=192.168.219.101:5555}]
Session ID: 42027e14-bcf6-4e59-b044-cf0dd4e9b9c6">
      <![CDATA[org.openqa.selenium.TimeoutException: Timed out after 10 seconds waiting for element to be clickable: By.xpath: //android.widget.RelativeLayout[contains(@index,'5')]
Build info: version: '2.53.1', revision: 'a36b8b1cd5757287168e54b817830adce9b0158d', time: '2016-06-30 19:26:09'
System info: host: 'CB-89', ip: '192.168.6.10', os.name: 'Windows 7', os.arch: 'amd64', os.version: '6.1', java.version: '1.8.0_92'
Driver info: io.appium.java_client.android.AndroidDriver
Capabilities [{app=D:\framework\framework\VWO_APP\src\main\resources\App_APK\Shopclues.apk, networkConnectionEnabled=true, warnings={}, databaseEnabled=false, deviceName=192.168.219.101:5555, platform=LINUX, desired={app=D:\framework\framework\VWO_APP\src\main\resources\App_APK\Shopclues.apk, newCommandTimeout=300, platformVersion=5.0, automationName=APPIUM, browserName=, platformName=Android, udid=192.168.219.101:5555, deviceName=Custom Phone - 5.0.0 - API 21 - 768x1280}, newCommandTimeout=300, platformVersion=5.0, webStorageEnabled=false, locationContextEnabled=false, automationName=APPIUM, browserName=, takesScreenshot=true, javascriptEnabled=true, platformName=Android, udid=192.168.219.101:5555}]
Session ID: 42027e14-bcf6-4e59-b044-cf0dd4e9b9c6
	at org.openqa.selenium.support.ui.WebDriverWait.timeoutException(WebDriverWait.java:80)
	at org.openqa.selenium.support.ui.FluentWait.until(FluentWait.java:261)
	at Utilities.KeywordUtil.explicitWaitForElement(KeywordUtil.java:136)
	at Utilities.KeywordUtil.click(KeywordUtil.java:144)
	at TestingXperts.shopclues.tests.TC_ShopClues_004.test_TC_ShopClues_004(TC_ShopClues_004.java:74)
	at TestingXperts.shopclues.tests.TC_ShopClues_004.test_TC_ShopClues_004(TC_ShopClues_004.java:101)
	at sun.reflect.NativeMethodAccessorImpl.invoke0(Native Method)
	at sun.reflect.NativeMethodAccessorImpl.invoke(Unknown Source)
	at sun.reflect.DelegatingMethodAccessorImpl.invoke(Unknown Source)
	at java.lang.reflect.Method.invoke(Unknown Source)
	at org.testng.internal.MethodInvocationHelper.invokeMethod(MethodInvocationHelper.java:86)
	at org.testng.internal.Invoker.invokeMethod(Invoker.java:643)
	at org.testng.internal.Invoker.invokeTestMethod(Invoker.java:820)
	at org.testng.internal.Invoker.invokeTestMethods(Invoker.java:1128)
	at org.testng.internal.TestMethodWorker.invokeTestMethods(TestMethodWorker.java:129)
	at org.testng.internal.TestMethodWorker.run(TestMethodWorker.java:112)
	at org.testng.TestRunner.privateRun(TestRunner.java:782)
	at org.testng.TestRunner.run(TestRunner.java:632)
	at org.testng.SuiteRunner.runTest(SuiteRunner.java:366)
	at org.testng.SuiteRunner.runSequentially(SuiteRunner.java:361)
	at org.testng.SuiteRunner.privateRun(SuiteRunner.java:319)
	at org.testng.SuiteRunner.run(SuiteRunner.java:268)
	at org.testng.SuiteRunnerWorker.runSuite(SuiteRunnerWorker.java:52)
	at org.testng.SuiteRunnerWorker.run(SuiteRunnerWorker.java:86)
	at org.testng.TestNG.runSuitesSequentially(TestNG.java:1244)
	at org.testng.TestNG.runSuitesLocally(TestNG.java:1169)
	at org.testng.TestNG.run(TestNG.java:1064)
	at org.testng.remote.AbstractRemoteTestNG.run(AbstractRemoteTestNG.java:126)
	at org.testng.remote.RemoteTestNG.initAndRun(RemoteTestNG.java:152)
	at org.testng.remote.RemoteTestNG.main(RemoteTestNG.java:57)
Caused by: org.openqa.selenium.NoSuchElementException: An element could not be located on the page using the given search parameters. (WARNING: The server did not provide any stacktrace information)
Command duration or timeout: 30.13 seconds
For documentation on this error, please visit: http://seleniumhq.org/exceptions/no_such_element.html
Build info: version: '2.53.1', revision: 'a36b8b1cd5757287168e54b817830adce9b0158d', time: '2016-06-30 19:26:09'
System info: host: 'CB-89', ip: '192.168.6.10', os.name: 'Windows 7', os.arch: 'amd64', os.version: '6.1', java.version: '1.8.0_92'
Driver info: io.appium.java_client.android.AndroidDriver
Capabilities [{app=D:\framework\framework\VWO_APP\src\main\resources\App_APK\Shopclues.apk, networkConnectionEnabled=true, warnings={}, databaseEnabled=false, deviceName=192.168.219.101:5555, platform=LINUX, desired={app=D:\framework\framework\VWO_APP\src\main\resources\App_APK\Shopclues.apk, newCommandTimeout=300, platformVersion=5.0, automationName=APPIUM, browserName=, platformName=Android, udid=192.168.219.101:5555, deviceName=Custom Phone - 5.0.0 - API 21 - 768x1280}, newCommandTimeout=300, platformVersion=5.0, webStorageEnabled=false, locationContextEnabled=false, automationName=APPIUM, browserName=, takesScreenshot=true, javascriptEnabled=true, platformName=Android, udid=192.168.219.101:5555}]
Session ID: 42027e14-bcf6-4e59-b044-cf0dd4e9b9c6
*** Element info: {Using=xpath, value=//android.widget.RelativeLayout[contains(@index,'5')]}
	at sun.reflect.NativeConstructorAccessorImpl.newInstance0(Native Method)
	at sun.reflect.NativeConstructorAccessorImpl.newInstance(Unknown Source)
	at sun.reflect.DelegatingConstructorAccessorImpl.newInstance(Unknown Source)
	at java.lang.reflect.Constructor.newInstance(Unknown Source)
	at org.openqa.selenium.remote.ErrorHandler.createThrowable(ErrorHandler.java:206)
	at org.openqa.selenium.remote.ErrorHandler.throwIfResponseFailed(ErrorHandler.java:158)
	at org.openqa.selenium.remote.RemoteWebDriver.execute(RemoteWebDriver.java:678)
	at io.appium.java_client.DefaultGenericMobileDriver.execute(DefaultGenericMobileDriver.java:40)
	at io.appium.java_client.AppiumDriver.execute(AppiumDriver.java:1)
	at io.appium.java_client.android.AndroidDriver.execute(AndroidDriver.java:1)
	at org.openqa.selenium.remote.RemoteWebDriver.findElement(RemoteWebDriver.java:363)
	at io.appium.java_client.DefaultGenericMobileDriver.findElement(DefaultGenericMobileDriver.java:56)
	at io.appium.java_client.AppiumDriver.findElement(AppiumDriver.java:1)
	at io.appium.java_client.android.AndroidDriver.findElement(AndroidDriver.java:1)
	at org.openqa.selenium.remote.RemoteWebDriver.findElementByXPath(RemoteWebDriver.java:500)
	at io.appium.java_client.DefaultGenericMobileDriver.findElementByXPath(DefaultGenericMobileDriver.java:134)
	at io.appium.java_client.AppiumDriver.findElementByXPath(AppiumDriver.java:1)
	at io.appium.java_client.android.AndroidDriver.findElementByXPath(AndroidDriver.java:1)
	at org.openqa.selenium.By$ByXPath.findElement(By.java:361)
	at org.openqa.selenium.remote.RemoteWebDriver.findElement(RemoteWebDriver.java:355)
	at io.appium.java_client.DefaultGenericMobileDriver.findElement(DefaultGenericMobileDriver.java:52)
	at io.appium.java_client.AppiumDriver.findElement(AppiumDriver.java:1)
	at io.appium.java_client.android.AndroidDriver.findElement(AndroidDriver.java:1)
	at org.openqa.selenium.support.ui.ExpectedConditions.findElement(ExpectedConditions.java:899)
	at org.openqa.selenium.support.ui.ExpectedConditions.access$000(ExpectedConditions.java:41)
	at org.openqa.selenium.support.ui.ExpectedConditions$7.apply(ExpectedConditions.java:205)
	at org.openqa.selenium.support.ui.ExpectedConditions$7.apply(ExpectedConditions.java:201)
	at org.openqa.selenium.support.ui.ExpectedConditions$22.apply(ExpectedConditions.java:653)
	at org.openqa.selenium.support.ui.ExpectedConditions$22.apply(ExpectedConditions.java:646)
	at org.openqa.selenium.support.ui.FluentWait.until(FluentWait.java:238)
	... 28 more
]]>
    </failure>
  </testcase> <!-- test_TC_ShopClues_004 -->
</testsuite> <!-- ShopClues_Test -->
