<?xml version="1.0" encoding="UTF-8"?>
<!-- Generated by org.testng.reporters.JUnitReportReporter -->
<testsuite hostname="CB-89" name="Cloudfm.tests.TC_Cloudfm_006" tests="1" failures="0" timestamp="17 Feb 2017 12:01:15 GMT" time="81.924" errors="1">
  <testcase name="test_TC_Cloudfm_005" time="81.924" classname="Cloudfm.tests.TC_Cloudfm_006">
    <error type="org.openqa.selenium.TimeoutException" message="Timed out after 20 seconds waiting for element to be clickable: By.xpath: //android.view.View[contains(@content-desc,&#039;Continue&#039;)]
Build info: version: &#039;2.53.1&#039;, revision: &#039;a36b8b1cd5757287168e54b817830adce9b0158d&#039;, time: &#039;2016-06-30 19:26:09&#039;
System info: host: &#039;CB-89&#039;, ip: &#039;192.168.6.10&#039;, os.name: &#039;Windows 7&#039;, os.arch: &#039;amd64&#039;, os.version: &#039;6.1&#039;, java.version: &#039;1.8.0_92&#039;
Driver info: io.appium.java_client.android.AndroidDriver
Capabilities [{app=D:\framework\framework\VWO_APP\src\main\resources\App_APK\Cloudfm.apk, networkConnectionEnabled=true, warnings={}, databaseEnabled=false, deviceName=03157df35bf1be38, platform=LINUX, chromedriverExecutable=C:\Users\Nitin\Desktop\chromedriver.exe, desired={app=D:\framework\framework\VWO_APP\src\main\resources\App_APK\Cloudfm.apk, chromedriverExecutable=C:\Users\Nitin\Desktop\chromedriver.exe, newCommandTimeout=300, platformVersion=6.0.1, automationName=Appium, browserName=, platformName=Android, udid=03157df35bf1be38, deviceName=Galaxy S6}, newCommandTimeout=300, platformVersion=6.0.1, webStorageEnabled=false, locationContextEnabled=false, automationName=Appium, browserName=, takesScreenshot=true, javascriptEnabled=true, platformName=Android, udid=03157df35bf1be38}]
Session ID: 48e84abf-f0dd-4010-b2b2-be6ac2c0f08f">
      <![CDATA[org.openqa.selenium.TimeoutException: Timed out after 20 seconds waiting for element to be clickable: By.xpath: //android.view.View[contains(@content-desc,'Continue')]
Build info: version: '2.53.1', revision: 'a36b8b1cd5757287168e54b817830adce9b0158d', time: '2016-06-30 19:26:09'
System info: host: 'CB-89', ip: '192.168.6.10', os.name: 'Windows 7', os.arch: 'amd64', os.version: '6.1', java.version: '1.8.0_92'
Driver info: io.appium.java_client.android.AndroidDriver
Capabilities [{app=D:\framework\framework\VWO_APP\src\main\resources\App_APK\Cloudfm.apk, networkConnectionEnabled=true, warnings={}, databaseEnabled=false, deviceName=03157df35bf1be38, platform=LINUX, chromedriverExecutable=C:\Users\Nitin\Desktop\chromedriver.exe, desired={app=D:\framework\framework\VWO_APP\src\main\resources\App_APK\Cloudfm.apk, chromedriverExecutable=C:\Users\Nitin\Desktop\chromedriver.exe, newCommandTimeout=300, platformVersion=6.0.1, automationName=Appium, browserName=, platformName=Android, udid=03157df35bf1be38, deviceName=Galaxy S6}, newCommandTimeout=300, platformVersion=6.0.1, webStorageEnabled=false, locationContextEnabled=false, automationName=Appium, browserName=, takesScreenshot=true, javascriptEnabled=true, platformName=Android, udid=03157df35bf1be38}]
Session ID: 48e84abf-f0dd-4010-b2b2-be6ac2c0f08f
	at org.openqa.selenium.support.ui.WebDriverWait.timeoutException(WebDriverWait.java:80)
	at org.openqa.selenium.support.ui.FluentWait.until(FluentWait.java:261)
	at Utilities.KeywordUtil.explicitWaitForElement(KeywordUtil.java:210)
	at Utilities.KeywordUtil.click(KeywordUtil.java:219)
	at Cloudfm.tests.TC_Cloudfm_006.test_TC_Cloudfm_005(TC_Cloudfm_006.java:124)
	at sun.reflect.NativeMethodAccessorImpl.invoke0(Native Method)
	at sun.reflect.NativeMethodAccessorImpl.invoke(Unknown Source)
	at sun.reflect.DelegatingMethodAccessorImpl.invoke(Unknown Source)
	at java.lang.reflect.Method.invoke(Unknown Source)
	at org.testng.internal.MethodInvocationHelper.invokeMethod(MethodInvocationHelper.java:86)
	at org.testng.internal.Invoker.invokeMethod(Invoker.java:643)
	at org.testng.internal.Invoker.invokeTestMethod(Invoker.java:820)
	at org.testng.internal.Invoker.invokeTestMethods(Invoker.java:1128)
	at org.testng.internal.TestMethodWorker.invokeTestMethods(TestMethodWorker.java:129)
	at org.testng.internal.TestMethodWorker.run(TestMethodWorker.java:112)
	at org.testng.TestRunner.privateRun(TestRunner.java:782)
	at org.testng.TestRunner.run(TestRunner.java:632)
	at org.testng.SuiteRunner.runTest(SuiteRunner.java:366)
	at org.testng.SuiteRunner.runSequentially(SuiteRunner.java:361)
	at org.testng.SuiteRunner.privateRun(SuiteRunner.java:319)
	at org.testng.SuiteRunner.run(SuiteRunner.java:268)
	at org.testng.SuiteRunnerWorker.runSuite(SuiteRunnerWorker.java:52)
	at org.testng.SuiteRunnerWorker.run(SuiteRunnerWorker.java:86)
	at org.testng.TestNG.runSuitesSequentially(TestNG.java:1244)
	at org.testng.TestNG.runSuitesLocally(TestNG.java:1169)
	at org.testng.TestNG.run(TestNG.java:1064)
	at org.testng.remote.AbstractRemoteTestNG.run(AbstractRemoteTestNG.java:126)
	at org.testng.remote.RemoteTestNG.initAndRun(RemoteTestNG.java:152)
	at org.testng.remote.RemoteTestNG.main(RemoteTestNG.java:57)
Caused by: org.openqa.selenium.NoSuchElementException: An element could not be located on the page using the given search parameters. (WARNING: The server did not provide any stacktrace information)
Command duration or timeout: 20.29 seconds
For documentation on this error, please visit: http://seleniumhq.org/exceptions/no_such_element.html
Build info: version: '2.53.1', revision: 'a36b8b1cd5757287168e54b817830adce9b0158d', time: '2016-06-30 19:26:09'
System info: host: 'CB-89', ip: '192.168.6.10', os.name: 'Windows 7', os.arch: 'amd64', os.version: '6.1', java.version: '1.8.0_92'
Driver info: io.appium.java_client.android.AndroidDriver
Capabilities [{app=D:\framework\framework\VWO_APP\src\main\resources\App_APK\Cloudfm.apk, networkConnectionEnabled=true, warnings={}, databaseEnabled=false, deviceName=03157df35bf1be38, platform=LINUX, chromedriverExecutable=C:\Users\Nitin\Desktop\chromedriver.exe, desired={app=D:\framework\framework\VWO_APP\src\main\resources\App_APK\Cloudfm.apk, chromedriverExecutable=C:\Users\Nitin\Desktop\chromedriver.exe, newCommandTimeout=300, platformVersion=6.0.1, automationName=Appium, browserName=, platformName=Android, udid=03157df35bf1be38, deviceName=Galaxy S6}, newCommandTimeout=300, platformVersion=6.0.1, webStorageEnabled=false, locationContextEnabled=false, automationName=Appium, browserName=, takesScreenshot=true, javascriptEnabled=true, platformName=Android, udid=03157df35bf1be38}]
Session ID: 48e84abf-f0dd-4010-b2b2-be6ac2c0f08f
*** Element info: {Using=xpath, value=//android.view.View[contains(@content-desc,'Continue')]}
	at sun.reflect.NativeConstructorAccessorImpl.newInstance0(Native Method)
	at sun.reflect.NativeConstructorAccessorImpl.newInstance(Unknown Source)
	at sun.reflect.DelegatingConstructorAccessorImpl.newInstance(Unknown Source)
	at java.lang.reflect.Constructor.newInstance(Unknown Source)
	at org.openqa.selenium.remote.ErrorHandler.createThrowable(ErrorHandler.java:206)
	at org.openqa.selenium.remote.ErrorHandler.throwIfResponseFailed(ErrorHandler.java:158)
	at org.openqa.selenium.remote.RemoteWebDriver.execute(RemoteWebDriver.java:678)
	at io.appium.java_client.DefaultGenericMobileDriver.execute(DefaultGenericMobileDriver.java:40)
	at io.appium.java_client.AppiumDriver.execute(AppiumDriver.java:1)
	at io.appium.java_client.android.AndroidDriver.execute(AndroidDriver.java:1)
	at org.openqa.selenium.remote.RemoteWebDriver.findElement(RemoteWebDriver.java:363)
	at io.appium.java_client.DefaultGenericMobileDriver.findElement(DefaultGenericMobileDriver.java:56)
	at io.appium.java_client.AppiumDriver.findElement(AppiumDriver.java:1)
	at io.appium.java_client.android.AndroidDriver.findElement(AndroidDriver.java:1)
	at org.openqa.selenium.remote.RemoteWebDriver.findElementByXPath(RemoteWebDriver.java:500)
	at io.appium.java_client.DefaultGenericMobileDriver.findElementByXPath(DefaultGenericMobileDriver.java:134)
	at io.appium.java_client.AppiumDriver.findElementByXPath(AppiumDriver.java:1)
	at io.appium.java_client.android.AndroidDriver.findElementByXPath(AndroidDriver.java:1)
	at org.openqa.selenium.By$ByXPath.findElement(By.java:361)
	at org.openqa.selenium.remote.RemoteWebDriver.findElement(RemoteWebDriver.java:355)
	at io.appium.java_client.DefaultGenericMobileDriver.findElement(DefaultGenericMobileDriver.java:52)
	at io.appium.java_client.AppiumDriver.findElement(AppiumDriver.java:1)
	at io.appium.java_client.android.AndroidDriver.findElement(AndroidDriver.java:1)
	at org.openqa.selenium.support.ui.ExpectedConditions.findElement(ExpectedConditions.java:899)
	at org.openqa.selenium.support.ui.ExpectedConditions.access$000(ExpectedConditions.java:41)
	at org.openqa.selenium.support.ui.ExpectedConditions$7.apply(ExpectedConditions.java:205)
	at org.openqa.selenium.support.ui.ExpectedConditions$7.apply(ExpectedConditions.java:201)
	at org.openqa.selenium.support.ui.ExpectedConditions$22.apply(ExpectedConditions.java:653)
	at org.openqa.selenium.support.ui.ExpectedConditions$22.apply(ExpectedConditions.java:646)
	at org.openqa.selenium.support.ui.FluentWait.until(FluentWait.java:238)
	... 27 more
]]>
    </error>
  </testcase> <!-- test_TC_Cloudfm_005 -->
</testsuite> <!-- Cloudfm.tests.TC_Cloudfm_006 -->
