<?xml version="1.0" encoding="UTF-8"?>
<!-- Generated by org.testng.reporters.JUnitReportReporter -->
<testsuite hostname="mac-machine.local" name="com.cloudfm.ios.tests.TC_ios_cloudfm_001" tests="1" failures="0" timestamp="5 Apr 2017 09:56:28 GMT" time="7.572" errors="1">
  <testcase name="test_TC_Cloudfm_001" time="7.572" classname="com.cloudfm.ios.tests.TC_ios_cloudfm_001">
    <error type="org.openqa.selenium.NoSuchElementException" message="An element could not be located on the page using the given search parameters. (WARNING: The server did not provide any stacktrace information)
Command duration or timeout: 1.28 seconds
For documentation on this error, please visit: http://seleniumhq.org/exceptions/no_such_element.html
Build info: version: &#039;3.0.0&#039;, revision: &#039;350cf60&#039;, time: &#039;2016-10-13 10:48:57 -0700&#039;
System info: host: &#039;mac-machine.local&#039;, ip: &#039;192.168.30.17&#039;, os.name: &#039;Mac OS X&#039;, os.arch: &#039;x86_64&#039;, os.version: &#039;10.12.3&#039;, java.version: &#039;1.8.0_40&#039;
Driver info: io.appium.java_client.ios.IOSDriver
Capabilities [{app=/Users/user3/Documents/workspace/Projects/Cloudfm/src/main/resources/App_iOSFile/cloudFMApp.app, networkConnectionEnabled=false, databaseEnabled=false, deviceName=iPhone 6 Plus, launchTimeout=500000, platform=MAC, platformVersion=10.2, webStorageEnabled=false, locationContextEnabled=false, automationName=XCuiTest, browserName=, takesScreenshot=true, javascriptEnabled=true, platformName=iOS, udid=480b32c7b279024d9876d5da7c365404ff3c13fd, autoAcceptAlerts=true}]
Session ID: 5370f38f-31da-40ce-ac51-05f49588fe5a
*** Element info: {Using=xpath, value=//XCUIElementTypeStaticText[@value=&#039;Mobile Number&#039;]/../../../XCUIElementTypeTextField}">
      <![CDATA[org.openqa.selenium.NoSuchElementException: An element could not be located on the page using the given search parameters. (WARNING: The server did not provide any stacktrace information)
Command duration or timeout: 1.28 seconds
For documentation on this error, please visit: http://seleniumhq.org/exceptions/no_such_element.html
Build info: version: '3.0.0', revision: '350cf60', time: '2016-10-13 10:48:57 -0700'
System info: host: 'mac-machine.local', ip: '192.168.30.17', os.name: 'Mac OS X', os.arch: 'x86_64', os.version: '10.12.3', java.version: '1.8.0_40'
Driver info: io.appium.java_client.ios.IOSDriver
Capabilities [{app=/Users/user3/Documents/workspace/Projects/Cloudfm/src/main/resources/App_iOSFile/cloudFMApp.app, networkConnectionEnabled=false, databaseEnabled=false, deviceName=iPhone 6 Plus, launchTimeout=500000, platform=MAC, platformVersion=10.2, webStorageEnabled=false, locationContextEnabled=false, automationName=XCuiTest, browserName=, takesScreenshot=true, javascriptEnabled=true, platformName=iOS, udid=480b32c7b279024d9876d5da7c365404ff3c13fd, autoAcceptAlerts=true}]
Session ID: 5370f38f-31da-40ce-ac51-05f49588fe5a
*** Element info: {Using=xpath, value=//XCUIElementTypeStaticText[@value='Mobile Number']/../../../XCUIElementTypeTextField}
	at sun.reflect.NativeConstructorAccessorImpl.newInstance0(Native Method)
	at sun.reflect.NativeConstructorAccessorImpl.newInstance(NativeConstructorAccessorImpl.java:62)
	at sun.reflect.DelegatingConstructorAccessorImpl.newInstance(DelegatingConstructorAccessorImpl.java:45)
	at java.lang.reflect.Constructor.newInstance(Constructor.java:422)
	at org.openqa.selenium.remote.ErrorHandler.createThrowable(ErrorHandler.java:216)
	at org.openqa.selenium.remote.ErrorHandler.throwIfResponseFailed(ErrorHandler.java:168)
	at org.openqa.selenium.remote.RemoteWebDriver.execute(RemoteWebDriver.java:635)
	at io.appium.java_client.DefaultGenericMobileDriver.execute(DefaultGenericMobileDriver.java:42)
	at io.appium.java_client.AppiumDriver.execute(AppiumDriver.java:1)
	at io.appium.java_client.ios.IOSDriver.execute(IOSDriver.java:1)
	at org.openqa.selenium.remote.RemoteWebDriver.findElement(RemoteWebDriver.java:368)
	at io.appium.java_client.DefaultGenericMobileDriver.findElement(DefaultGenericMobileDriver.java:62)
	at io.appium.java_client.AppiumDriver.findElement(AppiumDriver.java:1)
	at io.appium.java_client.ios.IOSDriver.findElement(IOSDriver.java:1)
	at org.openqa.selenium.remote.RemoteWebDriver.findElementByXPath(RemoteWebDriver.java:473)
	at io.appium.java_client.DefaultGenericMobileDriver.findElementByXPath(DefaultGenericMobileDriver.java:140)
	at io.appium.java_client.AppiumDriver.findElementByXPath(AppiumDriver.java:1)
	at io.appium.java_client.ios.IOSDriver.findElementByXPath(IOSDriver.java:1)
	at org.openqa.selenium.By$ByXPath.findElement(By.java:361)
	at org.openqa.selenium.remote.RemoteWebDriver.findElement(RemoteWebDriver.java:360)
	at io.appium.java_client.DefaultGenericMobileDriver.findElement(DefaultGenericMobileDriver.java:58)
	at io.appium.java_client.AppiumDriver.findElement(AppiumDriver.java:1)
	at io.appium.java_client.ios.IOSDriver.findElement(IOSDriver.java:1)
	at Utilities.KeywordUtil.clearInput(KeywordUtil.java:415)
	at Utilities.ApplicationFunctions.loginToApplication(ApplicationFunctions.java:39)
	at com.cloudfm.ios.tests.TC_ios_cloudfm_001.test_TC_Cloudfm_001(TC_ios_cloudfm_001.java:91)
	at sun.reflect.NativeMethodAccessorImpl.invoke0(Native Method)
	at sun.reflect.NativeMethodAccessorImpl.invoke(NativeMethodAccessorImpl.java:62)
	at sun.reflect.DelegatingMethodAccessorImpl.invoke(DelegatingMethodAccessorImpl.java:43)
	at java.lang.reflect.Method.invoke(Method.java:497)
	at org.testng.internal.MethodInvocationHelper.invokeMethod(MethodInvocationHelper.java:86)
	at org.testng.internal.Invoker.invokeMethod(Invoker.java:643)
	at org.testng.internal.Invoker.invokeTestMethod(Invoker.java:820)
	at org.testng.internal.Invoker.invokeTestMethods(Invoker.java:1128)
	at org.testng.internal.TestMethodWorker.invokeTestMethods(TestMethodWorker.java:129)
	at org.testng.internal.TestMethodWorker.run(TestMethodWorker.java:112)
	at org.testng.TestRunner.privateRun(TestRunner.java:782)
	at org.testng.TestRunner.run(TestRunner.java:632)
	at org.testng.SuiteRunner.runTest(SuiteRunner.java:366)
	at org.testng.SuiteRunner.runSequentially(SuiteRunner.java:361)
	at org.testng.SuiteRunner.privateRun(SuiteRunner.java:319)
	at org.testng.SuiteRunner.run(SuiteRunner.java:268)
	at org.testng.SuiteRunnerWorker.runSuite(SuiteRunnerWorker.java:52)
	at org.testng.SuiteRunnerWorker.run(SuiteRunnerWorker.java:86)
	at org.testng.TestNG.runSuitesSequentially(TestNG.java:1244)
	at org.testng.TestNG.runSuitesLocally(TestNG.java:1169)
	at org.testng.TestNG.run(TestNG.java:1064)
	at org.testng.remote.AbstractRemoteTestNG.run(AbstractRemoteTestNG.java:132)
	at org.testng.remote.RemoteTestNG.initAndRun(RemoteTestNG.java:230)
	at org.testng.remote.RemoteTestNG.main(RemoteTestNG.java:76)
]]>
    </error>
  </testcase> <!-- test_TC_Cloudfm_001 -->
</testsuite> <!-- com.cloudfm.ios.tests.TC_ios_cloudfm_001 -->
